2026-07-02 14:17:46.766 [main] INFO  com.example.EndProjectApplication-Starting EndProjectApplication using Java 23.0.2 with PID 29852 (D:\study\Spring实训大作业\web-end-project\end-project\target\classes started by ssfeng in D:\study\Spring实训大作业\web-end-project\end-project)
2026-07-02 14:17:46.767 [main] INFO  com.example.EndProjectApplication-No active profile set, falling back to 1 default profile: "default"
2026-07-02 14:17:47.983 [main] INFO  o.s.boot.web.embedded.tomcat.TomcatWebServer-Tomcat initialized with port 8080 (http)
2026-07-02 14:17:47.996 [main] INFO  org.apache.coyote.http11.Http11NioProtocol-Initializing ProtocolHandler ["http-nio-8080"]
2026-07-02 14:17:48.000 [main] INFO  org.apache.catalina.core.StandardService-Starting service [Tomcat]
2026-07-02 14:17:48.000 [main] INFO  org.apache.catalina.core.StandardEngine-Starting Servlet engine: [Apache Tomcat/10.1.55]
2026-07-02 14:17:48.072 [main] INFO  o.a.c.core.ContainerBase.[Tomcat].[localhost].[/]-Initializing Spring embedded WebApplicationContext
2026-07-02 14:17:48.072 [main] INFO  o.s.b.w.s.c.ServletWebServerApplicationContext-Root WebApplicationContext: initialization completed in 1262 ms
2026-07-02 14:17:49.593 [main] INFO  org.apache.coyote.http11.Http11NioProtocol-Starting ProtocolHandler ["http-nio-8080"]
2026-07-02 14:17:49.616 [main] INFO  o.s.boot.web.embedded.tomcat.TomcatWebServer-Tomcat started on port 8080 (http) with context path '/'
2026-07-02 14:17:49.623 [main] INFO  com.example.EndProjectApplication-Started EndProjectApplication in 3.212 seconds (process running for 3.668)
2026-07-02 14:23:16.038 [main] INFO  com.example.EndProjectApplication-Starting EndProjectApplication using Java 23.0.2 with PID 18036 (D:\study\Spring实训大作业\web-end-project\end-project\target\classes started by ssfeng in D:\study\Spring实训大作业\web-end-project\end-project)
2026-07-02 14:23:16.038 [main] INFO  com.example.EndProjectApplication-No active profile set, falling back to 1 default profile: "default"
2026-07-02 14:23:17.269 [main] INFO  o.s.boot.web.embedded.tomcat.TomcatWebServer-Tomcat initialized with port 8080 (http)
2026-07-02 14:23:17.280 [main] INFO  org.apache.coyote.http11.Http11NioProtocol-Initializing ProtocolHandler ["http-nio-8080"]
2026-07-02 14:23:17.287 [main] INFO  org.apache.catalina.core.StandardService-Starting service [Tomcat]
2026-07-02 14:23:17.288 [main] INFO  org.apache.catalina.core.StandardEngine-Starting Servlet engine: [Apache Tomcat/10.1.55]
2026-07-02 14:23:17.373 [main] INFO  o.a.c.core.ContainerBase.[Tomcat].[localhost].[/]-Initializing Spring embedded WebApplicationContext
2026-07-02 14:23:17.373 [main] INFO  o.s.b.w.s.c.ServletWebServerApplicationContext-Root WebApplicationContext: initialization completed in 1298 ms
2026-07-02 14:23:18.516 [main] INFO  org.apache.coyote.http11.Http11NioProtocol-Starting ProtocolHandler ["http-nio-8080"]
2026-07-02 14:23:18.539 [main] INFO  o.s.boot.web.embedded.tomcat.TomcatWebServer-Tomcat started on port 8080 (http) with context path '/'
2026-07-02 14:23:18.544 [main] INFO  com.example.EndProjectApplication-Started EndProjectApplication in 2.876 seconds (process running for 3.332)
2026-07-02 14:23:33.484 [http-nio-8080-exec-1] INFO  o.a.c.core.ContainerBase.[Tomcat].[localhost].[/]-Initializing Spring DispatcherServlet 'dispatcherServlet'
2026-07-02 14:23:33.484 [http-nio-8080-exec-1] INFO  org.springframework.web.servlet.DispatcherServlet-Initializing Servlet 'dispatcherServlet'
2026-07-02 14:23:33.486 [http-nio-8080-exec-1] INFO  org.springframework.web.servlet.DispatcherServlet-Completed initialization in 2 ms
2026-07-02 14:23:33.574 [http-nio-8080-exec-1] INFO  com.example.interceptor.TokenInterceptor-令牌错误
2026-07-02 14:23:53.335 [http-nio-8080-exec-3] INFO  com.example.controller.LoginController-登录认证SysUser(id=null, username=admin, password=123456, realName=null, userType=null, phone=null, email=null, avatar=null, majorId=null, enterpriseId=null, status=null, createTime=null, updateTime=null, isDeleted=null)
2026-07-02 14:23:53.358 [http-nio-8080-exec-3] INFO  com.zaxxer.hikari.HikariDataSource-HikariPool-1 - Starting...
2026-07-02 14:23:53.563 [http-nio-8080-exec-3] INFO  com.zaxxer.hikari.pool.HikariPool-HikariPool-1 - Added connection com.mysql.cj.jdbc.ConnectionImpl@3370d1f5
2026-07-02 14:23:53.566 [http-nio-8080-exec-3] INFO  com.zaxxer.hikari.HikariDataSource-HikariPool-1 - Start completed.
2026-07-02 14:23:53.673 [http-nio-8080-exec-3] INFO  com.example.service.impl.SysUserServiceImpl-登陆成功SysUser(id=1, username=admin, password=e10adc3949ba59abbe56e057f20f883e, realName=系统管理员, userType=admin, phone=13800138000, email=admin@jobsystem.com, avatar=/avatar/admin.png, majorId=null, enterpriseId=null, status=1, createTime=2026-06-26T14:17:28, updateTime=2026-06-27T20:38:30, isDeleted=0)
2026-07-02 14:23:53.673 [http-nio-8080-exec-3] INFO  com.example.controller.LoginController-用户登录成功: userId=1, userType=admin, homePath=/admin/dashboard
2026-07-02 14:24:26.643 [http-nio-8080-exec-5] INFO  com.example.interceptor.TokenInterceptor-令牌合法
2026-07-02 14:24:26.689 [http-nio-8080-exec-5] INFO  com.example.controller.StatController-查询全局就业总览成功: totalStudents=3, employedStudents=0, employmentRate=0.0%, totalJobs=4, totalEnterprises=1
2026-07-02 14:28:43.683 [http-nio-8080-exec-7] INFO  com.example.interceptor.TokenInterceptor-令牌合法
2026-07-02 14:28:43.687 [http-nio-8080-exec-7] ERROR com.example.exception.GlobalExceptionHandler-程序出错啦
org.springframework.web.method.annotation.MethodArgumentTypeMismatchException: Method parameter 'id': Failed to convert value of type 'java.lang.String' to required type 'java.lang.Long'; For input string: "list"
	at org.springframework.web.method.annotation.AbstractNamedValueMethodArgumentResolver.convertIfNecessary(AbstractNamedValueMethodArgumentResolver.java:301)
	at org.springframework.web.method.annotation.AbstractNamedValueMethodArgumentResolver.resolveArgument(AbstractNamedValueMethodArgumentResolver.java:136)
	at org.springframework.web.method.support.HandlerMethodArgumentResolverComposite.resolveArgument(HandlerMethodArgumentResolverComposite.java:122)
	at org.springframework.web.method.support.InvocableHandlerMethod.getMethodArgumentValues(InvocableHandlerMethod.java:227)
	at org.springframework.web.method.support.InvocableHandlerMethod.invokeForRequest(InvocableHandlerMethod.java:181)
	at org.springframework.web.servlet.mvc.method.annotation.ServletInvocableHandlerMethod.invokeAndHandle(ServletInvocableHandlerMethod.java:118)
	at org.springframework.web.servlet.mvc.method.annotation.RequestMappingHandlerAdapter.invokeHandlerMethod(RequestMappingHandlerAdapter.java:991)
	at org.springframework.web.servlet.mvc.method.annotation.RequestMappingHandlerAdapter.handleInternal(RequestMappingHandlerAdapter.java:896)
	at org.springframework.web.servlet.mvc.method.AbstractHandlerMethodAdapter.handle(AbstractHandlerMethodAdapter.java:87)
	at org.springframework.web.servlet.DispatcherServlet.doDispatch(DispatcherServlet.java:1089)
	at org.springframework.web.servlet.DispatcherServlet.doService(DispatcherServlet.java:979)
	at org.springframework.web.servlet.FrameworkServlet.processRequest(FrameworkServlet.java:1014)
	at org.springframework.web.servlet.FrameworkServlet.doGet(FrameworkServlet.java:903)
	at jakarta.servlet.http.HttpServlet.service(HttpServlet.java:564)
	at org.springframework.web.servlet.FrameworkServlet.service(FrameworkServlet.java:885)
	at jakarta.servlet.http.HttpServlet.service(HttpServlet.java:658)
	at org.apache.catalina.core.ApplicationFilterChain.internalDoFilter(ApplicationFilterChain.java:193)
	at org.apache.catalina.core.ApplicationFilterChain.doFilter(ApplicationFilterChain.java:138)
	at org.apache.tomcat.websocket.server.WsFilter.doFilter(WsFilter.java:51)
	at org.apache.catalina.core.ApplicationFilterChain.internalDoFilter(ApplicationFilterChain.java:162)
	at org.apache.catalina.core.ApplicationFilterChain.doFilter(ApplicationFilterChain.java:138)
	at org.springframework.web.filter.CorsFilter.doFilterInternal(CorsFilter.java:91)
	at org.springframework.web.filter.OncePerRequestFilter.doFilter(OncePerRequestFilter.java:116)
	at org.apache.catalina.core.ApplicationFilterChain.internalDoFilter(ApplicationFilterChain.java:162)
	at org.apache.catalina.core.ApplicationFilterChain.doFilter(ApplicationFilterChain.java:138)
	at org.springframework.web.filter.RequestContextFilter.doFilterInternal(RequestContextFilter.java:100)
	at org.springframework.web.filter.OncePerRequestFilter.doFilter(OncePerRequestFilter.java:116)
	at org.apache.catalina.core.ApplicationFilterChain.internalDoFilter(ApplicationFilterChain.java:162)
	at org.apache.catalina.core.ApplicationFilterChain.doFilter(ApplicationFilterChain.java:138)
	at org.springframework.web.filter.FormContentFilter.doFilterInternal(FormContentFilter.java:93)
	at org.springframework.web.filter.OncePerRequestFilter.doFilter(OncePerRequestFilter.java:116)
	at org.apache.catalina.core.ApplicationFilterChain.internalDoFilter(ApplicationFilterChain.java:162)
	at org.apache.catalina.core.ApplicationFilterChain.doFilter(ApplicationFilterChain.java:138)
	at org.springframework.web.filter.CharacterEncodingFilter.doFilterInternal(CharacterEncodingFilter.java:201)
	at org.springframework.web.filter.OncePerRequestFilter.doFilter(OncePerRequestFilter.java:116)
	at org.apache.catalina.core.ApplicationFilterChain.internalDoFilter(ApplicationFilterChain.java:162)
	at org.apache.catalina.core.ApplicationFilterChain.doFilter(ApplicationFilterChain.java:138)
	at org.apache.catalina.core.StandardWrapperValve.invoke(StandardWrapperValve.java:165)
	at org.apache.catalina.core.StandardContextValve.invoke(StandardContextValve.java:88)
	at org.apache.catalina.authenticator.AuthenticatorBase.invoke(AuthenticatorBase.java:492)
	at org.apache.catalina.core.StandardHostValve.invoke(StandardHostValve.java:113)
	at org.apache.catalina.valves.ErrorReportValve.invoke(ErrorReportValve.java:83)
	at org.apache.catalina.core.StandardEngineValve.invoke(StandardEngineValve.java:72)
	at org.apache.catalina.connector.CoyoteAdapter.service(CoyoteAdapter.java:342)
	at org.apache.coyote.http11.Http11Processor.service(Http11Processor.java:399)
	at org.apache.coyote.AbstractProcessorLight.process(AbstractProcessorLight.java:63)
	at org.apache.coyote.AbstractProtocol$ConnectionHandler.process(AbstractProtocol.java:1272)
	at org.apache.tomcat.util.net.NioEndpoint$SocketProcessor.doRun(NioEndpoint.java:1797)
	at org.apache.tomcat.util.net.SocketProcessorBase.run(SocketProcessorBase.java:52)
	at org.apache.tomcat.util.threads.ThreadPoolExecutor.runWorker(ThreadPoolExecutor.java:973)
	at org.apache.tomcat.util.threads.ThreadPoolExecutor$Worker.run(ThreadPoolExecutor.java:491)
	at org.apache.tomcat.util.threads.TaskThread$WrappingRunnable.run(TaskThread.java:63)
	at java.base/java.lang.Thread.run(Thread.java:1575)
Caused by: java.lang.NumberFormatException: For input string: "list"
	at java.base/java.lang.NumberFormatException.forInputString(NumberFormatException.java:67)
	at java.base/java.lang.Long.parseLong(Long.java:618)
	at java.base/java.lang.Long.valueOf(Long.java:974)
	at org.springframework.util.NumberUtils.parseNumber(NumberUtils.java:204)
	at org.springframework.beans.propertyeditors.CustomNumberEditor.setAsText(CustomNumberEditor.java:115)
	at org.springframework.beans.TypeConverterDelegate.doConvertTextValue(TypeConverterDelegate.java:439)
	at org.springframework.beans.TypeConverterDelegate.doConvertValue(TypeConverterDelegate.java:412)
	at org.springframework.beans.TypeConverterDelegate.convertIfNecessary(TypeConverterDelegate.java:161)
	at org.springframework.beans.TypeConverterSupport.convertIfNecessary(TypeConverterSupport.java:80)
	at org.springframework.beans.TypeConverterSupport.convertIfNecessary(TypeConverterSupport.java:53)
	at org.springframework.validation.DataBinder.convertIfNecessary(DataBinder.java:868)
	at org.springframework.web.method.annotation.AbstractNamedValueMethodArgumentResolver.convertIfNecessary(AbstractNamedValueMethodArgumentResolver.java:293)
	... 52 common frames omitted
2026-07-02 14:29:19.258 [http-nio-8080-exec-9] INFO  com.example.controller.LoginController-登录认证SysUser(id=null, username=13600136000, password=123456, realName=null, userType=null, phone=null, email=null, avatar=null, majorId=null, enterpriseId=null, status=null, createTime=null, updateTime=null, isDeleted=null)
2026-07-02 14:29:19.260 [http-nio-8080-exec-9] INFO  com.example.service.impl.SysUserServiceImpl-登陆成功SysUser(id=4, username=13600136000, password=e10adc3949ba59abbe56e057f20f883e, realName=王人事, userType=hr, phone=13600136000, email=hr@techcompany.com, avatar=/avatar/hr1.png, majorId=null, enterpriseId=1, status=1, createTime=2026-06-26T14:17:28, updateTime=2026-06-29T19:16:18, isDeleted=0)
2026-07-02 14:29:19.260 [http-nio-8080-exec-9] INFO  com.example.controller.LoginController-用户登录成功: userId=4, userType=hr, homePath=/hr/recruit
2026-07-02 14:29:47.769 [http-nio-8080-exec-1] INFO  com.example.interceptor.TokenInterceptor-令牌合法
2026-07-02 14:29:47.783 [http-nio-8080-exec-1] INFO  com.example.controller.HrController-查询简历收件箱成功: enterpriseId=1, page=1, pageSize=10, total=0
2026-07-02 14:33:59.213 [http-nio-8080-exec-3] INFO  com.example.interceptor.TokenInterceptor-令牌合法
2026-07-02 14:33:59.223 [http-nio-8080-exec-3] INFO  com.example.controller.HrController-查询简历收件箱成功: enterpriseId=1, page=1, pageSize=10, total=1
2026-07-02 14:34:24.641 [http-nio-8080-exec-5] INFO  com.example.interceptor.TokenInterceptor-令牌合法
2026-07-02 14:34:24.662 [http-nio-8080-exec-5] DEBUG o.s.jdbc.support.JdbcTransactionManager-Creating new transaction with name [com.example.service.impl.JobDeliverServiceImpl.markAsInterview]: PROPAGATION_REQUIRED,ISOLATION_DEFAULT,-java.lang.Exception
2026-07-02 14:34:24.663 [http-nio-8080-exec-5] DEBUG o.s.jdbc.support.JdbcTransactionManager-Acquired Connection [HikariProxyConnection@333885935 wrapping com.mysql.cj.jdbc.ConnectionImpl@3370d1f5] for JDBC transaction
2026-07-02 14:34:24.663 [http-nio-8080-exec-5] DEBUG o.s.jdbc.support.JdbcTransactionManager-Switching JDBC Connection [HikariProxyConnection@333885935 wrapping com.mysql.cj.jdbc.ConnectionImpl@3370d1f5] to manual commit
2026-07-02 14:34:25.083 [http-nio-8080-exec-5] DEBUG o.s.jdbc.support.JdbcTransactionManager-Initiating transaction rollback
2026-07-02 14:34:25.083 [http-nio-8080-exec-5] DEBUG o.s.jdbc.support.JdbcTransactionManager-Rolling back JDBC transaction on Connection [HikariProxyConnection@333885935 wrapping com.mysql.cj.jdbc.ConnectionImpl@3370d1f5]
2026-07-02 14:34:25.087 [http-nio-8080-exec-5] DEBUG o.s.jdbc.support.JdbcTransactionManager-Releasing JDBC Connection [HikariProxyConnection@333885935 wrapping com.mysql.cj.jdbc.ConnectionImpl@3370d1f5] after transaction
2026-07-02 14:34:25.087 [http-nio-8080-exec-5] ERROR com.example.controller.HrController-发送面试通知失败
org.springframework.dao.DataIntegrityViolationException: 
### Error updating database.  Cause: java.sql.SQLIntegrityConstraintViolationException: Column 'hr_user_id' cannot be null
### The error may exist in file [D:\study\Spring实训大作业\web-end-project\end-project\target\classes\mapper\InterviewNoticeMapper.xml]
### The error may involve com.example.mapper.InterviewNoticeMapper.insert-Inline
### The error occurred while setting parameters
### SQL: INSERT INTO interview_notice (deliver_id, job_id, student_user_id, hr_user_id,                                        interview_time, interview_address, interview_content, is_read, interview_status)         VALUES (?, ?, ?, ?,                  ?, ?, ?, 0, 0)
### Cause: java.sql.SQLIntegrityConstraintViolationException: Column 'hr_user_id' cannot be null
; Column 'hr_user_id' cannot be null
	at org.springframework.jdbc.support.SQLExceptionSubclassTranslator.doTranslate(SQLExceptionSubclassTranslator.java:106)
	at org.springframework.jdbc.support.AbstractFallbackSQLExceptionTranslator.translate(AbstractFallbackSQLExceptionTranslator.java:107)
	at org.springframework.jdbc.support.AbstractFallbackSQLExceptionTranslator.translate(AbstractFallbackSQLExceptionTranslator.java:116)
	at org.mybatis.spring.MyBatisExceptionTranslator.translateExceptionIfPossible(MyBatisExceptionTranslator.java:95)
	at org.mybatis.spring.SqlSessionTemplate$SqlSessionInterceptor.invoke(SqlSessionTemplate.java:347)
	at jdk.proxy2/jdk.proxy2.$Proxy71.insert(Unknown Source)
	at org.mybatis.spring.SqlSessionTemplate.insert(SqlSessionTemplate.java:224)
	at org.apache.ibatis.binding.MapperMethod.execute(MapperMethod.java:62)
	at org.apache.ibatis.binding.MapperProxy$PlainMethodInvoker.invoke(MapperProxy.java:141)
	at org.apache.ibatis.binding.MapperProxy.invoke(MapperProxy.java:86)
	at jdk.proxy2/jdk.proxy2.$Proxy81.insert(Unknown Source)
	at com.example.service.impl.InterviewNoticeServiceImpl.sendInterviewNotice(InterviewNoticeServiceImpl.java:68)
	at com.example.service.impl.JobDeliverServiceImpl.updateDeliverStatus(JobDeliverServiceImpl.java:198)
	at com.example.service.impl.JobDeliverServiceImpl.markAsInterview(JobDeliverServiceImpl.java:250)
	at java.base/jdk.internal.reflect.DirectMethodHandleAccessor.invoke(DirectMethodHandleAccessor.java:103)
	at java.base/java.lang.reflect.Method.invoke(Method.java:580)
	at org.springframework.aop.support.AopUtils.invokeJoinpointUsingReflection(AopUtils.java:360)
	at org.springframework.aop.framework.ReflectiveMethodInvocation.invokeJoinpoint(ReflectiveMethodInvocation.java:196)
	at org.springframework.aop.framework.ReflectiveMethodInvocation.proceed(ReflectiveMethodInvocation.java:163)
	at org.springframework.transaction.interceptor.TransactionAspectSupport.invokeWithinTransaction(TransactionAspectSupport.java:380)
	at org.springframework.transaction.interceptor.TransactionInterceptor.invoke(TransactionInterceptor.java:119)
	at org.springframework.aop.framework.ReflectiveMethodInvocation.proceed(ReflectiveMethodInvocation.java:184)
	at org.springframework.aop.framework.CglibAopProxy$DynamicAdvisedInterceptor.intercept(CglibAopProxy.java:728)
	at com.example.service.impl.JobDeliverServiceImpl$$SpringCGLIB$$0.markAsInterview(<generated>)
	at com.example.controller.HrController.sendInterview(HrController.java:811)
	at java.base/jdk.internal.reflect.DirectMethodHandleAccessor.invoke(DirectMethodHandleAccessor.java:103)
	at java.base/java.lang.reflect.Method.invoke(Method.java:580)
	at org.springframework.web.method.support.InvocableHandlerMethod.doInvoke(InvocableHandlerMethod.java:258)
	at org.springframework.web.method.support.InvocableHandlerMethod.invokeForRequest(InvocableHandlerMethod.java:191)
	at org.springframework.web.servlet.mvc.method.annotation.ServletInvocableHandlerMethod.invokeAndHandle(ServletInvocableHandlerMethod.java:118)
	at org.springframework.web.servlet.mvc.method.annotation.RequestMappingHandlerAdapter.invokeHandlerMethod(RequestMappingHandlerAdapter.java:991)
	at org.springframework.web.servlet.mvc.method.annotation.RequestMappingHandlerAdapter.handleInternal(RequestMappingHandlerAdapter.java:896)
	at org.springframework.web.servlet.mvc.method.AbstractHandlerMethodAdapter.handle(AbstractHandlerMethodAdapter.java:87)
	at org.springframework.web.servlet.DispatcherServlet.doDispatch(DispatcherServlet.java:1089)
	at org.springframework.web.servlet.DispatcherServlet.doService(DispatcherServlet.java:979)
	at org.springframework.web.servlet.FrameworkServlet.processRequest(FrameworkServlet.java:1014)
	at org.springframework.web.servlet.FrameworkServlet.doPost(FrameworkServlet.java:914)
	at jakarta.servlet.http.HttpServlet.service(HttpServlet.java:590)
	at org.springframework.web.servlet.FrameworkServlet.service(FrameworkServlet.java:885)
	at jakarta.servlet.http.HttpServlet.service(HttpServlet.java:658)
	at org.apache.catalina.core.ApplicationFilterChain.internalDoFilter(ApplicationFilterChain.java:193)
	at org.apache.catalina.core.ApplicationFilterChain.doFilter(ApplicationFilterChain.java:138)
	at org.apache.tomcat.websocket.server.WsFilter.doFilter(WsFilter.java:51)
	at org.apache.catalina.core.ApplicationFilterChain.internalDoFilter(ApplicationFilterChain.java:162)
	at org.apache.catalina.core.ApplicationFilterChain.doFilter(ApplicationFilterChain.java:138)
	at org.springframework.web.filter.CorsFilter.doFilterInternal(CorsFilter.java:91)
	at org.springframework.web.filter.OncePerRequestFilter.doFilter(OncePerRequestFilter.java:116)
	at org.apache.catalina.core.ApplicationFilterChain.internalDoFilter(ApplicationFilterChain.java:162)
	at org.apache.catalina.core.ApplicationFilterChain.doFilter(ApplicationFilterChain.java:138)
	at org.springframework.web.filter.RequestContextFilter.doFilterInternal(RequestContextFilter.java:100)
	at org.springframework.web.filter.OncePerRequestFilter.doFilter(OncePerRequestFilter.java:116)
	at org.apache.catalina.core.ApplicationFilterChain.internalDoFilter(ApplicationFilterChain.java:162)
	at org.apache.catalina.core.ApplicationFilterChain.doFilter(ApplicationFilterChain.java:138)
	at org.springframework.web.filter.FormContentFilter.doFilterInternal(FormContentFilter.java:93)
	at org.springframework.web.filter.OncePerRequestFilter.doFilter(OncePerRequestFilter.java:116)
	at org.apache.catalina.core.ApplicationFilterChain.internalDoFilter(ApplicationFilterChain.java:162)
	at org.apache.catalina.core.ApplicationFilterChain.doFilter(ApplicationFilterChain.java:138)
	at org.springframework.web.filter.CharacterEncodingFilter.doFilterInternal(CharacterEncodingFilter.java:201)
	at org.springframework.web.filter.OncePerRequestFilter.doFilter(OncePerRequestFilter.java:116)
	at org.apache.catalina.core.ApplicationFilterChain.internalDoFilter(ApplicationFilterChain.java:162)
	at org.apache.catalina.core.ApplicationFilterChain.doFilter(ApplicationFilterChain.java:138)
	at org.apache.catalina.core.StandardWrapperValve.invoke(StandardWrapperValve.java:165)
	at org.apache.catalina.core.StandardContextValve.invoke(StandardContextValve.java:88)
	at org.apache.catalina.authenticator.AuthenticatorBase.invoke(AuthenticatorBase.java:492)
	at org.apache.catalina.core.StandardHostValve.invoke(StandardHostValve.java:113)
	at org.apache.catalina.valves.ErrorReportValve.invoke(ErrorReportValve.java:83)
	at org.apache.catalina.core.StandardEngineValve.invoke(StandardEngineValve.java:72)
	at org.apache.catalina.connector.CoyoteAdapter.service(CoyoteAdapter.java:342)
	at org.apache.coyote.http11.Http11Processor.service(Http11Processor.java:399)
	at org.apache.coyote.AbstractProcessorLight.process(AbstractProcessorLight.java:63)
	at org.apache.coyote.AbstractProtocol$ConnectionHandler.process(AbstractProtocol.java:1272)
	at org.apache.tomcat.util.net.NioEndpoint$SocketProcessor.doRun(NioEndpoint.java:1797)
	at org.apache.tomcat.util.net.SocketProcessorBase.run(SocketProcessorBase.java:52)
	at org.apache.tomcat.util.threads.ThreadPoolExecutor.runWorker(ThreadPoolExecutor.java:973)
	at org.apache.tomcat.util.threads.ThreadPoolExecutor$Worker.run(ThreadPoolExecutor.java:491)
	at org.apache.tomcat.util.threads.TaskThread$WrappingRunnable.run(TaskThread.java:63)
	at java.base/java.lang.Thread.run(Thread.java:1575)
Caused by: java.sql.SQLIntegrityConstraintViolationException: Column 'hr_user_id' cannot be null
	at com.mysql.cj.jdbc.exceptions.SQLError.createSQLException(SQLError.java:109)
	at com.mysql.cj.jdbc.exceptions.SQLExceptionsMapping.translateException(SQLExceptionsMapping.java:114)
	at com.mysql.cj.jdbc.ClientPreparedStatement.executeInternal(ClientPreparedStatement.java:988)
	at com.mysql.cj.jdbc.ClientPreparedStatement.execute(ClientPreparedStatement.java:383)
	at com.zaxxer.hikari.pool.ProxyPreparedStatement.execute(ProxyPreparedStatement.java:44)
	at com.zaxxer.hikari.pool.HikariProxyPreparedStatement.execute(HikariProxyPreparedStatement.java)
	at java.base/jdk.internal.reflect.DirectMethodHandleAccessor.invoke(DirectMethodHandleAccessor.java:103)
	at java.base/java.lang.reflect.Method.invoke(Method.java:580)
	at org.apache.ibatis.logging.jdbc.PreparedStatementLogger.invoke(PreparedStatementLogger.java:58)
	at jdk.proxy3/jdk.proxy3.$Proxy96.execute(Unknown Source)
	at org.apache.ibatis.executor.statement.PreparedStatementHandler.update(PreparedStatementHandler.java:48)
	at org.apache.ibatis.executor.statement.RoutingStatementHandler.update(RoutingStatementHandler.java:75)
	at org.apache.ibatis.executor.SimpleExecutor.doUpdate(SimpleExecutor.java:50)
	at org.apache.ibatis.executor.BaseExecutor.update(BaseExecutor.java:117)
	at org.apache.ibatis.executor.CachingExecutor.update(CachingExecutor.java:76)
	at org.apache.ibatis.session.defaults.DefaultSqlSession.update(DefaultSqlSession.java:197)
	at org.apache.ibatis.session.defaults.DefaultSqlSession.insert(DefaultSqlSession.java:184)
	at java.base/jdk.internal.reflect.DirectMethodHandleAccessor.invoke(DirectMethodHandleAccessor.java:103)
	at java.base/java.lang.reflect.Method.invoke(Method.java:580)
	at org.mybatis.spring.SqlSessionTemplate$SqlSessionInterceptor.invoke(SqlSessionTemplate.java:333)
	... 72 common frames omitted
2026-07-02 14:36:57.085 [main] INFO  com.example.EndProjectApplication-Starting EndProjectApplication using Java 23.0.2 with PID 8916 (D:\study\Spring实训大作业\web-end-project\end-project\target\classes started by ssfeng in D:\study\Spring实训大作业\web-end-project\end-project)
2026-07-02 14:36:57.086 [main] INFO  com.example.EndProjectApplication-No active profile set, falling back to 1 default profile: "default"
2026-07-02 14:36:58.053 [main] INFO  o.s.boot.web.embedded.tomcat.TomcatWebServer-Tomcat initialized with port 8080 (http)
2026-07-02 14:36:58.064 [main] INFO  org.apache.coyote.http11.Http11NioProtocol-Initializing ProtocolHandler ["http-nio-8080"]
2026-07-02 14:36:58.065 [main] INFO  org.apache.catalina.core.StandardService-Starting service [Tomcat]
2026-07-02 14:36:58.066 [main] INFO  org.apache.catalina.core.StandardEngine-Starting Servlet engine: [Apache Tomcat/10.1.55]
2026-07-02 14:36:58.116 [main] INFO  o.a.c.core.ContainerBase.[Tomcat].[localhost].[/]-Initializing Spring embedded WebApplicationContext
2026-07-02 14:36:58.117 [main] INFO  o.s.b.w.s.c.ServletWebServerApplicationContext-Root WebApplicationContext: initialization completed in 989 ms
2026-07-02 14:36:59.158 [main] INFO  org.apache.coyote.http11.Http11NioProtocol-Starting ProtocolHandler ["http-nio-8080"]
2026-07-02 14:36:59.186 [main] INFO  o.s.boot.web.embedded.tomcat.TomcatWebServer-Tomcat started on port 8080 (http) with context path '/'
2026-07-02 14:36:59.192 [main] INFO  com.example.EndProjectApplication-Started EndProjectApplication in 2.424 seconds (process running for 2.9)
2026-07-02 14:37:42.370 [http-nio-8080-exec-1] INFO  o.a.c.core.ContainerBase.[Tomcat].[localhost].[/]-Initializing Spring DispatcherServlet 'dispatcherServlet'
2026-07-02 14:37:42.372 [http-nio-8080-exec-1] INFO  org.springframework.web.servlet.DispatcherServlet-Initializing Servlet 'dispatcherServlet'
2026-07-02 14:37:42.380 [http-nio-8080-exec-1] INFO  org.springframework.web.servlet.DispatcherServlet-Completed initialization in 3 ms
2026-07-02 14:37:42.612 [http-nio-8080-exec-1] INFO  com.example.controller.LoginController-登录认证SysUser(id=null, username=13600136000, password=123456, realName=null, userType=null, phone=null, email=null, avatar=null, majorId=null, enterpriseId=null, status=null, createTime=null, updateTime=null, isDeleted=null)
2026-07-02 14:37:42.683 [http-nio-8080-exec-1] INFO  com.zaxxer.hikari.HikariDataSource-HikariPool-1 - Starting...
2026-07-02 14:37:42.987 [http-nio-8080-exec-1] INFO  com.zaxxer.hikari.pool.HikariPool-HikariPool-1 - Added connection com.mysql.cj.jdbc.ConnectionImpl@5c23e547
2026-07-02 14:37:42.992 [http-nio-8080-exec-1] INFO  com.zaxxer.hikari.HikariDataSource-HikariPool-1 - Start completed.
2026-07-02 14:37:43.214 [http-nio-8080-exec-1] INFO  com.example.service.impl.SysUserServiceImpl-登陆成功SysUser(id=4, username=13600136000, password=e10adc3949ba59abbe56e057f20f883e, realName=王人事, userType=hr, phone=13600136000, email=hr@techcompany.com, avatar=/avatar/hr1.png, majorId=null, enterpriseId=1, status=1, createTime=2026-06-26T14:17:28, updateTime=2026-06-29T19:16:18, isDeleted=0)
2026-07-02 14:37:43.216 [http-nio-8080-exec-1] INFO  com.example.controller.LoginController-用户登录成功: userId=4, userType=hr, homePath=/hr/recruit
2026-07-02 14:37:43.492 [http-nio-8080-exec-2] INFO  com.example.interceptor.TokenInterceptor-令牌合法
2026-07-02 14:37:43.574 [http-nio-8080-exec-2] DEBUG o.s.jdbc.support.JdbcTransactionManager-Creating new transaction with name [com.example.service.impl.JobDeliverServiceImpl.markAsInterview]: PROPAGATION_REQUIRED,ISOLATION_DEFAULT,-java.lang.Exception
2026-07-02 14:37:43.576 [http-nio-8080-exec-2] DEBUG o.s.jdbc.support.JdbcTransactionManager-Acquired Connection [HikariProxyConnection@1013757993 wrapping com.mysql.cj.jdbc.ConnectionImpl@5c23e547] for JDBC transaction
2026-07-02 14:37:43.580 [http-nio-8080-exec-2] DEBUG o.s.jdbc.support.JdbcTransactionManager-Switching JDBC Connection [HikariProxyConnection@1013757993 wrapping com.mysql.cj.jdbc.ConnectionImpl@5c23e547] to manual commit
2026-07-02 14:37:44.640 [http-nio-8080-exec-2] DEBUG o.s.jdbc.support.JdbcTransactionManager-Initiating transaction rollback
2026-07-02 14:37:44.640 [http-nio-8080-exec-2] DEBUG o.s.jdbc.support.JdbcTransactionManager-Rolling back JDBC transaction on Connection [HikariProxyConnection@1013757993 wrapping com.mysql.cj.jdbc.ConnectionImpl@5c23e547]
2026-07-02 14:37:44.647 [http-nio-8080-exec-2] DEBUG o.s.jdbc.support.JdbcTransactionManager-Releasing JDBC Connection [HikariProxyConnection@1013757993 wrapping com.mysql.cj.jdbc.ConnectionImpl@5c23e547] after transaction
2026-07-02 14:37:44.648 [http-nio-8080-exec-2] ERROR com.example.controller.HrController-发送面试通知失败
org.springframework.dao.DataIntegrityViolationException: 
### Error updating database.  Cause: java.sql.SQLIntegrityConstraintViolationException: Column 'hr_user_id' cannot be null
### The error may exist in file [D:\study\Spring实训大作业\web-end-project\end-project\target\classes\mapper\InterviewNoticeMapper.xml]
### The error may involve com.example.mapper.InterviewNoticeMapper.insert-Inline
### The error occurred while setting parameters
### SQL: INSERT INTO interview_notice (deliver_id, job_id, student_user_id, hr_user_id,                                        interview_time, interview_address, interview_content, is_read, interview_status)         VALUES (?, ?, ?, ?,                  ?, ?, ?, 0, 0)
### Cause: java.sql.SQLIntegrityConstraintViolationException: Column 'hr_user_id' cannot be null
; Column 'hr_user_id' cannot be null
	at org.springframework.jdbc.support.SQLExceptionSubclassTranslator.doTranslate(SQLExceptionSubclassTranslator.java:106)
	at org.springframework.jdbc.support.AbstractFallbackSQLExceptionTranslator.translate(AbstractFallbackSQLExceptionTranslator.java:107)
	at org.springframework.jdbc.support.AbstractFallbackSQLExceptionTranslator.translate(AbstractFallbackSQLExceptionTranslator.java:116)
	at org.mybatis.spring.MyBatisExceptionTranslator.translateExceptionIfPossible(MyBatisExceptionTranslator.java:95)
	at org.mybatis.spring.SqlSessionTemplate$SqlSessionInterceptor.invoke(SqlSessionTemplate.java:347)
	at jdk.proxy2/jdk.proxy2.$Proxy71.insert(Unknown Source)
	at org.mybatis.spring.SqlSessionTemplate.insert(SqlSessionTemplate.java:224)
	at org.apache.ibatis.binding.MapperMethod.execute(MapperMethod.java:62)
	at org.apache.ibatis.binding.MapperProxy$PlainMethodInvoker.invoke(MapperProxy.java:141)
	at org.apache.ibatis.binding.MapperProxy.invoke(MapperProxy.java:86)
	at jdk.proxy2/jdk.proxy2.$Proxy81.insert(Unknown Source)
	at com.example.service.impl.InterviewNoticeServiceImpl.sendInterviewNotice(InterviewNoticeServiceImpl.java:68)
	at com.example.service.impl.JobDeliverServiceImpl.updateDeliverStatus(JobDeliverServiceImpl.java:198)
	at com.example.service.impl.JobDeliverServiceImpl.markAsInterview(JobDeliverServiceImpl.java:250)
	at java.base/jdk.internal.reflect.DirectMethodHandleAccessor.invoke(DirectMethodHandleAccessor.java:103)
	at java.base/java.lang.reflect.Method.invoke(Method.java:580)
	at org.springframework.aop.support.AopUtils.invokeJoinpointUsingReflection(AopUtils.java:360)
	at org.springframework.aop.framework.ReflectiveMethodInvocation.invokeJoinpoint(ReflectiveMethodInvocation.java:196)
	at org.springframework.aop.framework.ReflectiveMethodInvocation.proceed(ReflectiveMethodInvocation.java:163)
	at org.springframework.transaction.interceptor.TransactionAspectSupport.invokeWithinTransaction(TransactionAspectSupport.java:380)
	at org.springframework.transaction.interceptor.TransactionInterceptor.invoke(TransactionInterceptor.java:119)
	at org.springframework.aop.framework.ReflectiveMethodInvocation.proceed(ReflectiveMethodInvocation.java:184)
	at org.springframework.aop.framework.CglibAopProxy$DynamicAdvisedInterceptor.intercept(CglibAopProxy.java:728)
	at com.example.service.impl.JobDeliverServiceImpl$$SpringCGLIB$$0.markAsInterview(<generated>)
	at com.example.controller.HrController.sendInterview(HrController.java:811)
	at java.base/jdk.internal.reflect.DirectMethodHandleAccessor.invoke(DirectMethodHandleAccessor.java:103)
	at java.base/java.lang.reflect.Method.invoke(Method.java:580)
	at org.springframework.web.method.support.InvocableHandlerMethod.doInvoke(InvocableHandlerMethod.java:258)
	at org.springframework.web.method.support.InvocableHandlerMethod.invokeForRequest(InvocableHandlerMethod.java:191)
	at org.springframework.web.servlet.mvc.method.annotation.ServletInvocableHandlerMethod.invokeAndHandle(ServletInvocableHandlerMethod.java:118)
	at org.springframework.web.servlet.mvc.method.annotation.RequestMappingHandlerAdapter.invokeHandlerMethod(RequestMappingHandlerAdapter.java:991)
	at org.springframework.web.servlet.mvc.method.annotation.RequestMappingHandlerAdapter.handleInternal(RequestMappingHandlerAdapter.java:896)
	at org.springframework.web.servlet.mvc.method.AbstractHandlerMethodAdapter.handle(AbstractHandlerMethodAdapter.java:87)
	at org.springframework.web.servlet.DispatcherServlet.doDispatch(DispatcherServlet.java:1089)
	at org.springframework.web.servlet.DispatcherServlet.doService(DispatcherServlet.java:979)
	at org.springframework.web.servlet.FrameworkServlet.processRequest(FrameworkServlet.java:1014)
	at org.springframework.web.servlet.FrameworkServlet.doPost(FrameworkServlet.java:914)
	at jakarta.servlet.http.HttpServlet.service(HttpServlet.java:590)
	at org.springframework.web.servlet.FrameworkServlet.service(FrameworkServlet.java:885)
	at jakarta.servlet.http.HttpServlet.service(HttpServlet.java:658)
	at org.apache.catalina.core.ApplicationFilterChain.internalDoFilter(ApplicationFilterChain.java:193)
	at org.apache.catalina.core.ApplicationFilterChain.doFilter(ApplicationFilterChain.java:138)
	at org.apache.tomcat.websocket.server.WsFilter.doFilter(WsFilter.java:51)
	at org.apache.catalina.core.ApplicationFilterChain.internalDoFilter(ApplicationFilterChain.java:162)
	at org.apache.catalina.core.ApplicationFilterChain.doFilter(ApplicationFilterChain.java:138)
	at org.springframework.web.filter.CorsFilter.doFilterInternal(CorsFilter.java:91)
	at org.springframework.web.filter.OncePerRequestFilter.doFilter(OncePerRequestFilter.java:116)
	at org.apache.catalina.core.ApplicationFilterChain.internalDoFilter(ApplicationFilterChain.java:162)
	at org.apache.catalina.core.ApplicationFilterChain.doFilter(ApplicationFilterChain.java:138)
	at org.springframework.web.filter.RequestContextFilter.doFilterInternal(RequestContextFilter.java:100)
	at org.springframework.web.filter.OncePerRequestFilter.doFilter(OncePerRequestFilter.java:116)
	at org.apache.catalina.core.ApplicationFilterChain.internalDoFilter(ApplicationFilterChain.java:162)
	at org.apache.catalina.core.ApplicationFilterChain.doFilter(ApplicationFilterChain.java:138)
	at org.springframework.web.filter.FormContentFilter.doFilterInternal(FormContentFilter.java:93)
	at org.springframework.web.filter.OncePerRequestFilter.doFilter(OncePerRequestFilter.java:116)
	at org.apache.catalina.core.ApplicationFilterChain.internalDoFilter(ApplicationFilterChain.java:162)
	at org.apache.catalina.core.ApplicationFilterChain.doFilter(ApplicationFilterChain.java:138)
	at org.springframework.web.filter.CharacterEncodingFilter.doFilterInternal(CharacterEncodingFilter.java:201)
	at org.springframework.web.filter.OncePerRequestFilter.doFilter(OncePerRequestFilter.java:116)
	at org.apache.catalina.core.ApplicationFilterChain.internalDoFilter(ApplicationFilterChain.java:162)
	at org.apache.catalina.core.ApplicationFilterChain.doFilter(ApplicationFilterChain.java:138)
	at org.apache.catalina.core.StandardWrapperValve.invoke(StandardWrapperValve.java:165)
	at org.apache.catalina.core.StandardContextValve.invoke(StandardContextValve.java:88)
	at org.apache.catalina.authenticator.AuthenticatorBase.invoke(AuthenticatorBase.java:492)
	at org.apache.catalina.core.StandardHostValve.invoke(StandardHostValve.java:113)
	at org.apache.catalina.valves.ErrorReportValve.invoke(ErrorReportValve.java:83)
	at org.apache.catalina.core.StandardEngineValve.invoke(StandardEngineValve.java:72)
	at org.apache.catalina.connector.CoyoteAdapter.service(CoyoteAdapter.java:342)
	at org.apache.coyote.http11.Http11Processor.service(Http11Processor.java:399)
	at org.apache.coyote.AbstractProcessorLight.process(AbstractProcessorLight.java:63)
	at org.apache.coyote.AbstractProtocol$ConnectionHandler.process(AbstractProtocol.java:1272)
	at org.apache.tomcat.util.net.NioEndpoint$SocketProcessor.doRun(NioEndpoint.java:1797)
	at org.apache.tomcat.util.net.SocketProcessorBase.run(SocketProcessorBase.java:52)
	at org.apache.tomcat.util.threads.ThreadPoolExecutor.runWorker(ThreadPoolExecutor.java:973)
	at org.apache.tomcat.util.threads.ThreadPoolExecutor$Worker.run(ThreadPoolExecutor.java:491)
	at org.apache.tomcat.util.threads.TaskThread$WrappingRunnable.run(TaskThread.java:63)
	at java.base/java.lang.Thread.run(Thread.java:1575)
Caused by: java.sql.SQLIntegrityConstraintViolationException: Column 'hr_user_id' cannot be null
	at com.mysql.cj.jdbc.exceptions.SQLError.createSQLException(SQLError.java:109)
	at com.mysql.cj.jdbc.exceptions.SQLExceptionsMapping.translateException(SQLExceptionsMapping.java:114)
	at com.mysql.cj.jdbc.ClientPreparedStatement.executeInternal(ClientPreparedStatement.java:988)
	at com.mysql.cj.jdbc.ClientPreparedStatement.execute(ClientPreparedStatement.java:383)
	at com.zaxxer.hikari.pool.ProxyPreparedStatement.execute(ProxyPreparedStatement.java:44)
	at com.zaxxer.hikari.pool.HikariProxyPreparedStatement.execute(HikariProxyPreparedStatement.java)
	at java.base/jdk.internal.reflect.DirectMethodHandleAccessor.invoke(DirectMethodHandleAccessor.java:103)
	at java.base/java.lang.reflect.Method.invoke(Method.java:580)
	at org.apache.ibatis.logging.jdbc.PreparedStatementLogger.invoke(PreparedStatementLogger.java:58)
	at jdk.proxy3/jdk.proxy3.$Proxy95.execute(Unknown Source)
	at org.apache.ibatis.executor.statement.PreparedStatementHandler.update(PreparedStatementHandler.java:48)
	at org.apache.ibatis.executor.statement.RoutingStatementHandler.update(RoutingStatementHandler.java:75)
	at org.apache.ibatis.executor.SimpleExecutor.doUpdate(SimpleExecutor.java:50)
	at org.apache.ibatis.executor.BaseExecutor.update(BaseExecutor.java:117)
	at org.apache.ibatis.executor.CachingExecutor.update(CachingExecutor.java:76)
	at org.apache.ibatis.session.defaults.DefaultSqlSession.update(DefaultSqlSession.java:197)
	at org.apache.ibatis.session.defaults.DefaultSqlSession.insert(DefaultSqlSession.java:184)
	at java.base/jdk.internal.reflect.DirectMethodHandleAccessor.invoke(DirectMethodHandleAccessor.java:103)
	at java.base/java.lang.reflect.Method.invoke(Method.java:580)
	at org.mybatis.spring.SqlSessionTemplate$SqlSessionInterceptor.invoke(SqlSessionTemplate.java:333)
	... 72 common frames omitted
2026-07-02 14:51:50.569 [main] INFO  com.example.EndProjectApplication-Starting EndProjectApplication using Java 23.0.2 with PID 24852 (D:\study\Spring实训大作业\web-end-project\end-project\target\classes started by ssfeng in D:\study\Spring实训大作业\web-end-project\end-project)
2026-07-02 14:51:50.571 [main] INFO  com.example.EndProjectApplication-No active profile set, falling back to 1 default profile: "default"
2026-07-02 14:51:53.074 [main] INFO  o.s.boot.web.embedded.tomcat.TomcatWebServer-Tomcat initialized with port 8080 (http)
2026-07-02 14:51:53.103 [main] INFO  org.apache.coyote.http11.Http11NioProtocol-Initializing ProtocolHandler ["http-nio-8080"]
2026-07-02 14:51:53.107 [main] INFO  org.apache.catalina.core.StandardService-Starting service [Tomcat]
2026-07-02 14:51:53.107 [main] INFO  org.apache.catalina.core.StandardEngine-Starting Servlet engine: [Apache Tomcat/10.1.55]
2026-07-02 14:51:53.300 [main] INFO  o.a.c.core.ContainerBase.[Tomcat].[localhost].[/]-Initializing Spring embedded WebApplicationContext
2026-07-02 14:51:53.300 [main] INFO  o.s.b.w.s.c.ServletWebServerApplicationContext-Root WebApplicationContext: initialization completed in 2597 ms
2026-07-02 14:51:56.561 [main] INFO  org.apache.coyote.http11.Http11NioProtocol-Starting ProtocolHandler ["http-nio-8080"]
2026-07-02 14:51:56.567 [main] WARN  o.s.b.w.s.c.AnnotationConfigServletWebServerApplicationContext-Exception encountered during context initialization - cancelling refresh attempt: org.springframework.context.ApplicationContextException: Failed to start bean 'webServerStartStop'
2026-07-02 14:51:56.597 [main] INFO  o.s.b.a.logging.ConditionEvaluationReportLogger-

Error starting ApplicationContext. To display the condition evaluation report re-run your application with 'debug' enabled.
2026-07-02 14:51:56.665 [main] ERROR o.s.b.diagnostics.LoggingFailureAnalysisReporter-

***************************
APPLICATION FAILED TO START
***************************

Description:

Web server failed to start. Port 8080 was already in use.

Action:

Identify and stop the process that's listening on port 8080 or configure this application to listen on another port.

2026-07-02 14:53:04.557 [main] INFO  com.example.EndProjectApplication-Starting EndProjectApplication using Java 23.0.2 with PID 10744 (D:\study\Spring实训大作业\web-end-project\end-project\target\classes started by ssfeng in D:\study\Spring实训大作业\web-end-project\end-project)
2026-07-02 14:53:04.562 [main] INFO  com.example.EndProjectApplication-No active profile set, falling back to 1 default profile: "default"
2026-07-02 14:53:08.018 [main] INFO  o.s.boot.web.embedded.tomcat.TomcatWebServer-Tomcat initialized with port 8080 (http)
2026-07-02 14:53:08.050 [main] INFO  org.apache.coyote.http11.Http11NioProtocol-Initializing ProtocolHandler ["http-nio-8080"]
2026-07-02 14:53:08.057 [main] INFO  org.apache.catalina.core.StandardService-Starting service [Tomcat]
2026-07-02 14:53:08.057 [main] INFO  org.apache.catalina.core.StandardEngine-Starting Servlet engine: [Apache Tomcat/10.1.55]
2026-07-02 14:53:08.183 [main] INFO  o.a.c.core.ContainerBase.[Tomcat].[localhost].[/]-Initializing Spring embedded WebApplicationContext
2026-07-02 14:53:08.183 [main] INFO  o.s.b.w.s.c.ServletWebServerApplicationContext-Root WebApplicationContext: initialization completed in 3497 ms
2026-07-02 14:53:11.944 [main] INFO  org.apache.coyote.http11.Http11NioProtocol-Starting ProtocolHandler ["http-nio-8080"]
2026-07-02 14:53:12.027 [main] INFO  o.s.boot.web.embedded.tomcat.TomcatWebServer-Tomcat started on port 8080 (http) with context path '/'
2026-07-02 14:53:12.044 [main] INFO  com.example.EndProjectApplication-Started EndProjectApplication in 8.655 seconds (process running for 10.265)
2026-07-02 14:54:01.495 [http-nio-8080-exec-1] INFO  o.a.c.core.ContainerBase.[Tomcat].[localhost].[/]-Initializing Spring DispatcherServlet 'dispatcherServlet'
2026-07-02 14:54:01.496 [http-nio-8080-exec-1] INFO  org.springframework.web.servlet.DispatcherServlet-Initializing Servlet 'dispatcherServlet'
2026-07-02 14:54:01.499 [http-nio-8080-exec-1] INFO  org.springframework.web.servlet.DispatcherServlet-Completed initialization in 1 ms
2026-07-02 14:54:01.656 [http-nio-8080-exec-1] INFO  com.example.controller.LoginController-登录认证SysUser(id=null, username=13600136000, password=123456, realName=null, userType=null, phone=null, email=null, avatar=null, majorId=null, enterpriseId=null, status=null, createTime=null, updateTime=null, isDeleted=null)
2026-07-02 14:54:01.711 [http-nio-8080-exec-1] INFO  com.zaxxer.hikari.HikariDataSource-HikariPool-1 - Starting...
2026-07-02 14:54:02.234 [http-nio-8080-exec-1] INFO  com.zaxxer.hikari.pool.HikariPool-HikariPool-1 - Added connection com.mysql.cj.jdbc.ConnectionImpl@227cc9b3
2026-07-02 14:54:02.240 [http-nio-8080-exec-1] INFO  com.zaxxer.hikari.HikariDataSource-HikariPool-1 - Start completed.
2026-07-02 14:54:02.519 [http-nio-8080-exec-1] INFO  com.example.service.impl.SysUserServiceImpl-登陆成功SysUser(id=4, username=13600136000, password=e10adc3949ba59abbe56e057f20f883e, realName=王人事, userType=hr, phone=13600136000, email=hr@techcompany.com, avatar=/avatar/hr1.png, majorId=null, enterpriseId=1, status=1, createTime=2026-06-26T14:17:28, updateTime=2026-06-29T19:16:18, isDeleted=0)
2026-07-02 14:54:02.520 [http-nio-8080-exec-1] INFO  com.example.controller.LoginController-用户登录成功: userId=4, userType=hr, homePath=/hr/recruit
2026-07-02 14:54:02.936 [http-nio-8080-exec-3] INFO  com.example.interceptor.TokenInterceptor-令牌合法
2026-07-02 14:54:02.953 [http-nio-8080-exec-3] INFO  com.example.controller.HrController-sendInterview - token: exists
2026-07-02 14:54:02.955 [http-nio-8080-exec-3] INFO  com.example.controller.HrController-sendInterview - hrUserId: 4
2026-07-02 14:54:03.020 [http-nio-8080-exec-3] DEBUG o.s.jdbc.support.JdbcTransactionManager-Creating new transaction with name [com.example.service.impl.JobDeliverServiceImpl.markAsInterview]: PROPAGATION_REQUIRED,ISOLATION_DEFAULT,-java.lang.Exception
2026-07-02 14:54:03.021 [http-nio-8080-exec-3] DEBUG o.s.jdbc.support.JdbcTransactionManager-Acquired Connection [HikariProxyConnection@247892133 wrapping com.mysql.cj.jdbc.ConnectionImpl@227cc9b3] for JDBC transaction
2026-07-02 14:54:03.022 [http-nio-8080-exec-3] DEBUG o.s.jdbc.support.JdbcTransactionManager-Switching JDBC Connection [HikariProxyConnection@247892133 wrapping com.mysql.cj.jdbc.ConnectionImpl@227cc9b3] to manual commit
2026-07-02 14:54:04.121 [http-nio-8080-exec-3] DEBUG o.s.jdbc.support.JdbcTransactionManager-Initiating transaction rollback
2026-07-02 14:54:04.123 [http-nio-8080-exec-3] DEBUG o.s.jdbc.support.JdbcTransactionManager-Rolling back JDBC transaction on Connection [HikariProxyConnection@247892133 wrapping com.mysql.cj.jdbc.ConnectionImpl@227cc9b3]
2026-07-02 14:54:04.128 [http-nio-8080-exec-3] DEBUG o.s.jdbc.support.JdbcTransactionManager-Releasing JDBC Connection [HikariProxyConnection@247892133 wrapping com.mysql.cj.jdbc.ConnectionImpl@227cc9b3] after transaction
2026-07-02 14:54:04.128 [http-nio-8080-exec-3] ERROR com.example.controller.HrController-发送面试通知失败
org.springframework.dao.DataIntegrityViolationException: 
### Error updating database.  Cause: java.sql.SQLIntegrityConstraintViolationException: Column 'hr_user_id' cannot be null
### The error may exist in file [D:\study\Spring实训大作业\web-end-project\end-project\target\classes\mapper\InterviewNoticeMapper.xml]
### The error may involve com.example.mapper.InterviewNoticeMapper.insert-Inline
### The error occurred while setting parameters
### SQL: INSERT INTO interview_notice (deliver_id, job_id, student_user_id, hr_user_id,                                        interview_time, interview_address, interview_content, is_read, interview_status)         VALUES (?, ?, ?, ?,                  ?, ?, ?, 0, 0)
### Cause: java.sql.SQLIntegrityConstraintViolationException: Column 'hr_user_id' cannot be null
; Column 'hr_user_id' cannot be null
	at org.springframework.jdbc.support.SQLExceptionSubclassTranslator.doTranslate(SQLExceptionSubclassTranslator.java:106)
	at org.springframework.jdbc.support.AbstractFallbackSQLExceptionTranslator.translate(AbstractFallbackSQLExceptionTranslator.java:107)
	at org.springframework.jdbc.support.AbstractFallbackSQLExceptionTranslator.translate(AbstractFallbackSQLExceptionTranslator.java:116)
	at org.mybatis.spring.MyBatisExceptionTranslator.translateExceptionIfPossible(MyBatisExceptionTranslator.java:95)
	at org.mybatis.spring.SqlSessionTemplate$SqlSessionInterceptor.invoke(SqlSessionTemplate.java:347)
	at jdk.proxy2/jdk.proxy2.$Proxy71.insert(Unknown Source)
	at org.mybatis.spring.SqlSessionTemplate.insert(SqlSessionTemplate.java:224)
	at org.apache.ibatis.binding.MapperMethod.execute(MapperMethod.java:62)
	at org.apache.ibatis.binding.MapperProxy$PlainMethodInvoker.invoke(MapperProxy.java:141)
	at org.apache.ibatis.binding.MapperProxy.invoke(MapperProxy.java:86)
	at jdk.proxy2/jdk.proxy2.$Proxy81.insert(Unknown Source)
	at com.example.service.impl.InterviewNoticeServiceImpl.sendInterviewNotice(InterviewNoticeServiceImpl.java:68)
	at com.example.service.impl.JobDeliverServiceImpl.updateDeliverStatus(JobDeliverServiceImpl.java:198)
	at com.example.service.impl.JobDeliverServiceImpl.markAsInterview(JobDeliverServiceImpl.java:250)
	at java.base/jdk.internal.reflect.DirectMethodHandleAccessor.invoke(DirectMethodHandleAccessor.java:103)
	at java.base/java.lang.reflect.Method.invoke(Method.java:580)
	at org.springframework.aop.support.AopUtils.invokeJoinpointUsingReflection(AopUtils.java:360)
	at org.springframework.aop.framework.ReflectiveMethodInvocation.invokeJoinpoint(ReflectiveMethodInvocation.java:196)
	at org.springframework.aop.framework.ReflectiveMethodInvocation.proceed(ReflectiveMethodInvocation.java:163)
	at org.springframework.transaction.interceptor.TransactionAspectSupport.invokeWithinTransaction(TransactionAspectSupport.java:380)
	at org.springframework.transaction.interceptor.TransactionInterceptor.invoke(TransactionInterceptor.java:119)
	at org.springframework.aop.framework.ReflectiveMethodInvocation.proceed(ReflectiveMethodInvocation.java:184)
	at org.springframework.aop.framework.CglibAopProxy$DynamicAdvisedInterceptor.intercept(CglibAopProxy.java:728)
	at com.example.service.impl.JobDeliverServiceImpl$$SpringCGLIB$$0.markAsInterview(<generated>)
	at com.example.controller.HrController.sendInterview(HrController.java:816)
	at java.base/jdk.internal.reflect.DirectMethodHandleAccessor.invoke(DirectMethodHandleAccessor.java:103)
	at java.base/java.lang.reflect.Method.invoke(Method.java:580)
	at org.springframework.web.method.support.InvocableHandlerMethod.doInvoke(InvocableHandlerMethod.java:258)
	at org.springframework.web.method.support.InvocableHandlerMethod.invokeForRequest(InvocableHandlerMethod.java:191)
	at org.springframework.web.servlet.mvc.method.annotation.ServletInvocableHandlerMethod.invokeAndHandle(ServletInvocableHandlerMethod.java:118)
	at org.springframework.web.servlet.mvc.method.annotation.RequestMappingHandlerAdapter.invokeHandlerMethod(RequestMappingHandlerAdapter.java:991)
	at org.springframework.web.servlet.mvc.method.annotation.RequestMappingHandlerAdapter.handleInternal(RequestMappingHandlerAdapter.java:896)
	at org.springframework.web.servlet.mvc.method.AbstractHandlerMethodAdapter.handle(AbstractHandlerMethodAdapter.java:87)
	at org.springframework.web.servlet.DispatcherServlet.doDispatch(DispatcherServlet.java:1089)
	at org.springframework.web.servlet.DispatcherServlet.doService(DispatcherServlet.java:979)
	at org.springframework.web.servlet.FrameworkServlet.processRequest(FrameworkServlet.java:1014)
	at org.springframework.web.servlet.FrameworkServlet.doPost(FrameworkServlet.java:914)
	at jakarta.servlet.http.HttpServlet.service(HttpServlet.java:590)
	at org.springframework.web.servlet.FrameworkServlet.service(FrameworkServlet.java:885)
	at jakarta.servlet.http.HttpServlet.service(HttpServlet.java:658)
	at org.apache.catalina.core.ApplicationFilterChain.internalDoFilter(ApplicationFilterChain.java:193)
	at org.apache.catalina.core.ApplicationFilterChain.doFilter(ApplicationFilterChain.java:138)
	at org.apache.tomcat.websocket.server.WsFilter.doFilter(WsFilter.java:51)
	at org.apache.catalina.core.ApplicationFilterChain.internalDoFilter(ApplicationFilterChain.java:162)
	at org.apache.catalina.core.ApplicationFilterChain.doFilter(ApplicationFilterChain.java:138)
	at org.springframework.web.filter.CorsFilter.doFilterInternal(CorsFilter.java:91)
	at org.springframework.web.filter.OncePerRequestFilter.doFilter(OncePerRequestFilter.java:116)
	at org.apache.catalina.core.ApplicationFilterChain.internalDoFilter(ApplicationFilterChain.java:162)
	at org.apache.catalina.core.ApplicationFilterChain.doFilter(ApplicationFilterChain.java:138)
	at org.springframework.web.filter.RequestContextFilter.doFilterInternal(RequestContextFilter.java:100)
	at org.springframework.web.filter.OncePerRequestFilter.doFilter(OncePerRequestFilter.java:116)
	at org.apache.catalina.core.ApplicationFilterChain.internalDoFilter(ApplicationFilterChain.java:162)
	at org.apache.catalina.core.ApplicationFilterChain.doFilter(ApplicationFilterChain.java:138)
	at org.springframework.web.filter.FormContentFilter.doFilterInternal(FormContentFilter.java:93)
	at org.springframework.web.filter.OncePerRequestFilter.doFilter(OncePerRequestFilter.java:116)
	at org.apache.catalina.core.ApplicationFilterChain.internalDoFilter(ApplicationFilterChain.java:162)
	at org.apache.catalina.core.ApplicationFilterChain.doFilter(ApplicationFilterChain.java:138)
	at org.springframework.web.filter.CharacterEncodingFilter.doFilterInternal(CharacterEncodingFilter.java:201)
	at org.springframework.web.filter.OncePerRequestFilter.doFilter(OncePerRequestFilter.java:116)
	at org.apache.catalina.core.ApplicationFilterChain.internalDoFilter(ApplicationFilterChain.java:162)
	at org.apache.catalina.core.ApplicationFilterChain.doFilter(ApplicationFilterChain.java:138)
	at org.apache.catalina.core.StandardWrapperValve.invoke(StandardWrapperValve.java:165)
	at org.apache.catalina.core.StandardContextValve.invoke(StandardContextValve.java:88)
	at org.apache.catalina.authenticator.AuthenticatorBase.invoke(AuthenticatorBase.java:492)
	at org.apache.catalina.core.StandardHostValve.invoke(StandardHostValve.java:113)
	at org.apache.catalina.valves.ErrorReportValve.invoke(ErrorReportValve.java:83)
	at org.apache.catalina.core.StandardEngineValve.invoke(StandardEngineValve.java:72)
	at org.apache.catalina.connector.CoyoteAdapter.service(CoyoteAdapter.java:342)
	at org.apache.coyote.http11.Http11Processor.service(Http11Processor.java:399)
	at org.apache.coyote.AbstractProcessorLight.process(AbstractProcessorLight.java:63)
	at org.apache.coyote.AbstractProtocol$ConnectionHandler.process(AbstractProtocol.java:1272)
	at org.apache.tomcat.util.net.NioEndpoint$SocketProcessor.doRun(NioEndpoint.java:1797)
	at org.apache.tomcat.util.net.SocketProcessorBase.run(SocketProcessorBase.java:52)
	at org.apache.tomcat.util.threads.ThreadPoolExecutor.runWorker(ThreadPoolExecutor.java:973)
	at org.apache.tomcat.util.threads.ThreadPoolExecutor$Worker.run(ThreadPoolExecutor.java:491)
	at org.apache.tomcat.util.threads.TaskThread$WrappingRunnable.run(TaskThread.java:63)
	at java.base/java.lang.Thread.run(Thread.java:1575)
Caused by: java.sql.SQLIntegrityConstraintViolationException: Column 'hr_user_id' cannot be null
	at com.mysql.cj.jdbc.exceptions.SQLError.createSQLException(SQLError.java:109)
	at com.mysql.cj.jdbc.exceptions.SQLExceptionsMapping.translateException(SQLExceptionsMapping.java:114)
	at com.mysql.cj.jdbc.ClientPreparedStatement.executeInternal(ClientPreparedStatement.java:988)
	at com.mysql.cj.jdbc.ClientPreparedStatement.execute(ClientPreparedStatement.java:383)
	at com.zaxxer.hikari.pool.ProxyPreparedStatement.execute(ProxyPreparedStatement.java:44)
	at com.zaxxer.hikari.pool.HikariProxyPreparedStatement.execute(HikariProxyPreparedStatement.java)
	at java.base/jdk.internal.reflect.DirectMethodHandleAccessor.invoke(DirectMethodHandleAccessor.java:103)
	at java.base/java.lang.reflect.Method.invoke(Method.java:580)
	at org.apache.ibatis.logging.jdbc.PreparedStatementLogger.invoke(PreparedStatementLogger.java:58)
	at jdk.proxy3/jdk.proxy3.$Proxy95.execute(Unknown Source)
	at org.apache.ibatis.executor.statement.PreparedStatementHandler.update(PreparedStatementHandler.java:48)
	at org.apache.ibatis.executor.statement.RoutingStatementHandler.update(RoutingStatementHandler.java:75)
	at org.apache.ibatis.executor.SimpleExecutor.doUpdate(SimpleExecutor.java:50)
	at org.apache.ibatis.executor.BaseExecutor.update(BaseExecutor.java:117)
	at org.apache.ibatis.executor.CachingExecutor.update(CachingExecutor.java:76)
	at org.apache.ibatis.session.defaults.DefaultSqlSession.update(DefaultSqlSession.java:197)
	at org.apache.ibatis.session.defaults.DefaultSqlSession.insert(DefaultSqlSession.java:184)
	at java.base/jdk.internal.reflect.DirectMethodHandleAccessor.invoke(DirectMethodHandleAccessor.java:103)
	at java.base/java.lang.reflect.Method.invoke(Method.java:580)
	at org.mybatis.spring.SqlSessionTemplate$SqlSessionInterceptor.invoke(SqlSessionTemplate.java:333)
	... 72 common frames omitted
2026-07-02 14:57:19.211 [main] INFO  com.example.EndProjectApplication-Starting EndProjectApplication using Java 23.0.2 with PID 41468 (D:\study\Spring实训大作业\web-end-project\end-project\target\classes started by ssfeng in D:\study\Spring实训大作业\web-end-project\end-project)
2026-07-02 14:57:19.213 [main] INFO  com.example.EndProjectApplication-No active profile set, falling back to 1 default profile: "default"
2026-07-02 14:57:22.460 [main] INFO  o.s.boot.web.embedded.tomcat.TomcatWebServer-Tomcat initialized with port 8080 (http)
2026-07-02 14:57:22.520 [main] INFO  org.apache.coyote.http11.Http11NioProtocol-Initializing ProtocolHandler ["http-nio-8080"]
2026-07-02 14:57:22.529 [main] INFO  org.apache.catalina.core.StandardService-Starting service [Tomcat]
2026-07-02 14:57:22.530 [main] INFO  org.apache.catalina.core.StandardEngine-Starting Servlet engine: [Apache Tomcat/10.1.55]
2026-07-02 14:57:22.788 [main] INFO  o.a.c.core.ContainerBase.[Tomcat].[localhost].[/]-Initializing Spring embedded WebApplicationContext
2026-07-02 14:57:22.790 [main] INFO  o.s.b.w.s.c.ServletWebServerApplicationContext-Root WebApplicationContext: initialization completed in 3418 ms
2026-07-02 14:57:25.777 [main] INFO  org.apache.coyote.http11.Http11NioProtocol-Starting ProtocolHandler ["http-nio-8080"]
2026-07-02 14:57:25.829 [main] INFO  o.s.boot.web.embedded.tomcat.TomcatWebServer-Tomcat started on port 8080 (http) with context path '/'
2026-07-02 14:57:25.841 [main] INFO  com.example.EndProjectApplication-Started EndProjectApplication in 7.526 seconds (process running for 9.119)
2026-07-02 14:58:02.664 [http-nio-8080-exec-1] INFO  o.a.c.core.ContainerBase.[Tomcat].[localhost].[/]-Initializing Spring DispatcherServlet 'dispatcherServlet'
2026-07-02 14:58:02.666 [http-nio-8080-exec-1] INFO  org.springframework.web.servlet.DispatcherServlet-Initializing Servlet 'dispatcherServlet'
2026-07-02 14:58:02.667 [http-nio-8080-exec-1] INFO  org.springframework.web.servlet.DispatcherServlet-Completed initialization in 1 ms
2026-07-02 14:58:02.848 [http-nio-8080-exec-1] INFO  com.example.controller.LoginController-登录认证SysUser(id=null, username=13600136000, password=123456, realName=null, userType=null, phone=null, email=null, avatar=null, majorId=null, enterpriseId=null, status=null, createTime=null, updateTime=null, isDeleted=null)
2026-07-02 14:58:02.879 [http-nio-8080-exec-1] INFO  com.zaxxer.hikari.HikariDataSource-HikariPool-1 - Starting...
2026-07-02 14:58:03.183 [http-nio-8080-exec-1] INFO  com.zaxxer.hikari.pool.HikariPool-HikariPool-1 - Added connection com.mysql.cj.jdbc.ConnectionImpl@2146a8b2
2026-07-02 14:58:03.186 [http-nio-8080-exec-1] INFO  com.zaxxer.hikari.HikariDataSource-HikariPool-1 - Start completed.
2026-07-02 14:58:03.376 [http-nio-8080-exec-1] INFO  com.example.service.impl.SysUserServiceImpl-登陆成功SysUser(id=4, username=13600136000, password=e10adc3949ba59abbe56e057f20f883e, realName=王人事, userType=hr, phone=13600136000, email=hr@techcompany.com, avatar=/avatar/hr1.png, majorId=null, enterpriseId=1, status=1, createTime=2026-06-26T14:17:28, updateTime=2026-06-29T19:16:18, isDeleted=0)
2026-07-02 14:58:03.377 [http-nio-8080-exec-1] INFO  com.example.controller.LoginController-用户登录成功: userId=4, userType=hr, homePath=/hr/recruit
2026-07-02 14:58:03.564 [http-nio-8080-exec-2] INFO  com.example.interceptor.TokenInterceptor-令牌合法
2026-07-02 14:58:03.586 [http-nio-8080-exec-2] INFO  com.example.controller.HrController-sendInterview - token: exists
2026-07-02 14:58:03.589 [http-nio-8080-exec-2] INFO  com.example.controller.HrController-sendInterview - hrUserId: 4
2026-07-02 14:58:03.655 [http-nio-8080-exec-2] INFO  com.example.controller.HrController-发送面试通知成功: deliverId=3, studentUserId=6, hrUserId=4
2026-07-02 14:59:04.961 [http-nio-8080-exec-3] INFO  com.example.controller.LoginController-登录认证SysUser(id=null, username=2021001, password=123456, realName=null, userType=null, phone=null, email=null, avatar=null, majorId=null, enterpriseId=null, status=null, createTime=null, updateTime=null, isDeleted=null)
2026-07-02 14:59:04.966 [http-nio-8080-exec-3] INFO  com.example.service.impl.SysUserServiceImpl-登陆成功SysUser(id=6, username=2021001, password=e10adc3949ba59abbe56e057f20f883e, realName=张三, userType=student, phone=13800138001, email=zhangsan@example.com, avatar=null, majorId=1, enterpriseId=null, status=1, createTime=2026-06-26T14:37:32, updateTime=2026-06-27T10:52:39, isDeleted=0)
2026-07-02 14:59:04.966 [http-nio-8080-exec-3] INFO  com.example.controller.LoginController-用户登录成功: userId=6, userType=student, homePath=/student/jobs
2026-07-02 14:59:05.031 [http-nio-8080-exec-5] INFO  com.example.interceptor.TokenInterceptor-令牌合法
2026-07-02 14:59:05.034 [http-nio-8080-exec-5] ERROR com.example.exception.GlobalExceptionHandler-程序出错啦
org.springframework.web.servlet.resource.NoResourceFoundException: No static resource api/student/interview/list.
	at org.springframework.web.servlet.resource.ResourceHttpRequestHandler.handleRequest(ResourceHttpRequestHandler.java:585)
	at org.springframework.web.servlet.mvc.HttpRequestHandlerAdapter.handle(HttpRequestHandlerAdapter.java:52)
	at org.springframework.web.servlet.DispatcherServlet.doDispatch(DispatcherServlet.java:1089)
	at org.springframework.web.servlet.DispatcherServlet.doService(DispatcherServlet.java:979)
	at org.springframework.web.servlet.FrameworkServlet.processRequest(FrameworkServlet.java:1014)
	at org.springframework.web.servlet.FrameworkServlet.doGet(FrameworkServlet.java:903)
	at jakarta.servlet.http.HttpServlet.service(HttpServlet.java:564)
	at org.springframework.web.servlet.FrameworkServlet.service(FrameworkServlet.java:885)
	at jakarta.servlet.http.HttpServlet.service(HttpServlet.java:658)
	at org.apache.catalina.core.ApplicationFilterChain.internalDoFilter(ApplicationFilterChain.java:193)
	at org.apache.catalina.core.ApplicationFilterChain.doFilter(ApplicationFilterChain.java:138)
	at org.apache.tomcat.websocket.server.WsFilter.doFilter(WsFilter.java:51)
	at org.apache.catalina.core.ApplicationFilterChain.internalDoFilter(ApplicationFilterChain.java:162)
	at org.apache.catalina.core.ApplicationFilterChain.doFilter(ApplicationFilterChain.java:138)
	at org.springframework.web.filter.CorsFilter.doFilterInternal(CorsFilter.java:91)
	at org.springframework.web.filter.OncePerRequestFilter.doFilter(OncePerRequestFilter.java:116)
	at org.apache.catalina.core.ApplicationFilterChain.internalDoFilter(ApplicationFilterChain.java:162)
	at org.apache.catalina.core.ApplicationFilterChain.doFilter(ApplicationFilterChain.java:138)
	at org.springframework.web.filter.RequestContextFilter.doFilterInternal(RequestContextFilter.java:100)
	at org.springframework.web.filter.OncePerRequestFilter.doFilter(OncePerRequestFilter.java:116)
	at org.apache.catalina.core.ApplicationFilterChain.internalDoFilter(ApplicationFilterChain.java:162)
	at org.apache.catalina.core.ApplicationFilterChain.doFilter(ApplicationFilterChain.java:138)
	at org.springframework.web.filter.FormContentFilter.doFilterInternal(FormContentFilter.java:93)
	at org.springframework.web.filter.OncePerRequestFilter.doFilter(OncePerRequestFilter.java:116)
	at org.apache.catalina.core.ApplicationFilterChain.internalDoFilter(ApplicationFilterChain.java:162)
	at org.apache.catalina.core.ApplicationFilterChain.doFilter(ApplicationFilterChain.java:138)
	at org.springframework.web.filter.CharacterEncodingFilter.doFilterInternal(CharacterEncodingFilter.java:201)
	at org.springframework.web.filter.OncePerRequestFilter.doFilter(OncePerRequestFilter.java:116)
	at org.apache.catalina.core.ApplicationFilterChain.internalDoFilter(ApplicationFilterChain.java:162)
	at org.apache.catalina.core.ApplicationFilterChain.doFilter(ApplicationFilterChain.java:138)
	at org.apache.catalina.core.StandardWrapperValve.invoke(StandardWrapperValve.java:165)
	at org.apache.catalina.core.StandardContextValve.invoke(StandardContextValve.java:88)
	at org.apache.catalina.authenticator.AuthenticatorBase.invoke(AuthenticatorBase.java:492)
	at org.apache.catalina.core.StandardHostValve.invoke(StandardHostValve.java:113)
	at org.apache.catalina.valves.ErrorReportValve.invoke(ErrorReportValve.java:83)
	at org.apache.catalina.core.StandardEngineValve.invoke(StandardEngineValve.java:72)
	at org.apache.catalina.connector.CoyoteAdapter.service(CoyoteAdapter.java:342)
	at org.apache.coyote.http11.Http11Processor.service(Http11Processor.java:399)
	at org.apache.coyote.AbstractProcessorLight.process(AbstractProcessorLight.java:63)
	at org.apache.coyote.AbstractProtocol$ConnectionHandler.process(AbstractProtocol.java:1272)
	at org.apache.tomcat.util.net.NioEndpoint$SocketProcessor.doRun(NioEndpoint.java:1797)
	at org.apache.tomcat.util.net.SocketProcessorBase.run(SocketProcessorBase.java:52)
	at org.apache.tomcat.util.threads.ThreadPoolExecutor.runWorker(ThreadPoolExecutor.java:973)
	at org.apache.tomcat.util.threads.ThreadPoolExecutor$Worker.run(ThreadPoolExecutor.java:491)
	at org.apache.tomcat.util.threads.TaskThread$WrappingRunnable.run(TaskThread.java:63)
	at java.base/java.lang.Thread.run(Thread.java:1575)
2026-07-02 14:59:23.903 [http-nio-8080-exec-8] INFO  com.example.controller.LoginController-登录认证SysUser(id=null, username=2021001, password=123456, realName=null, userType=null, phone=null, email=null, avatar=null, majorId=null, enterpriseId=null, status=null, createTime=null, updateTime=null, isDeleted=null)
2026-07-02 14:59:23.906 [http-nio-8080-exec-8] INFO  com.example.service.impl.SysUserServiceImpl-登陆成功SysUser(id=6, username=2021001, password=e10adc3949ba59abbe56e057f20f883e, realName=张三, userType=student, phone=13800138001, email=zhangsan@example.com, avatar=null, majorId=1, enterpriseId=null, status=1, createTime=2026-06-26T14:37:32, updateTime=2026-06-27T10:52:39, isDeleted=0)
2026-07-02 14:59:23.906 [http-nio-8080-exec-8] INFO  com.example.controller.LoginController-用户登录成功: userId=6, userType=student, homePath=/student/jobs
2026-07-02 15:00:23.084 [http-nio-8080-exec-9] INFO  com.example.interceptor.TokenInterceptor-令牌合法
2026-07-02 15:00:23.086 [http-nio-8080-exec-9] INFO  com.example.controller.HrController-sendInterview - token: exists
2026-07-02 15:00:23.091 [http-nio-8080-exec-9] INFO  com.example.controller.HrController-sendInterview - hrUserId: 4
2026-07-02 15:00:23.128 [http-nio-8080-exec-9] INFO  com.example.controller.HrController-发送面试通知成功: deliverId=3, studentUserId=6, hrUserId=4
2026-07-02 15:00:23.157 [http-nio-8080-exec-10] INFO  com.example.interceptor.TokenInterceptor-令牌合法
2026-07-02 15:00:23.193 [http-nio-8080-exec-10] INFO  com.example.controller.HrController-查询简历收件箱成功: enterpriseId=1, page=1, pageSize=10, total=1
2026-07-02 15:00:36.692 [http-nio-8080-exec-1] INFO  com.example.controller.LoginController-登录认证SysUser(id=null, username=2021001, password=123456, realName=null, userType=null, phone=null, email=null, avatar=null, majorId=null, enterpriseId=null, status=null, createTime=null, updateTime=null, isDeleted=null)
2026-07-02 15:00:36.694 [http-nio-8080-exec-1] INFO  com.example.service.impl.SysUserServiceImpl-登陆成功SysUser(id=6, username=2021001, password=e10adc3949ba59abbe56e057f20f883e, realName=张三, userType=student, phone=13800138001, email=zhangsan@example.com, avatar=null, majorId=1, enterpriseId=null, status=1, createTime=2026-06-26T14:37:32, updateTime=2026-06-27T10:52:39, isDeleted=0)
2026-07-02 15:00:36.694 [http-nio-8080-exec-1] INFO  com.example.controller.LoginController-用户登录成功: userId=6, userType=student, homePath=/student/jobs
2026-07-02 15:00:36.749 [http-nio-8080-exec-2] INFO  com.example.interceptor.TokenInterceptor-令牌合法
2026-07-02 15:00:36.779 [http-nio-8080-exec-2] INFO  com.example.controller.StudentController-查询面试通知成功: studentUserId=6, page=1, pageSize=10, total=6
2026-07-02 15:00:56.574 [http-nio-8080-exec-3] INFO  com.example.controller.LoginController-登录认证SysUser(id=null, username=2021001, password=123456, realName=null, userType=null, phone=null, email=null, avatar=null, majorId=null, enterpriseId=null, status=null, createTime=null, updateTime=null, isDeleted=null)
2026-07-02 15:00:56.577 [http-nio-8080-exec-3] INFO  com.example.service.impl.SysUserServiceImpl-登陆成功SysUser(id=6, username=2021001, password=e10adc3949ba59abbe56e057f20f883e, realName=张三, userType=student, phone=13800138001, email=zhangsan@example.com, avatar=null, majorId=1, enterpriseId=null, status=1, createTime=2026-06-26T14:37:32, updateTime=2026-06-27T10:52:39, isDeleted=0)
2026-07-02 15:00:56.578 [http-nio-8080-exec-3] INFO  com.example.controller.LoginController-用户登录成功: userId=6, userType=student, homePath=/student/jobs
2026-07-02 15:00:56.620 [http-nio-8080-exec-5] INFO  com.example.interceptor.TokenInterceptor-令牌合法
2026-07-02 15:00:56.630 [http-nio-8080-exec-5] INFO  com.example.controller.StudentController-学生接受面试: interviewId=6, studentUserId=6
2026-07-02 15:07:28.310 [main] INFO  com.example.EndProjectApplication-Starting EndProjectApplication using Java 23.0.2 with PID 22244 (D:\study\Spring实训大作业\web-end-project\end-project\target\classes started by ssfeng in D:\study\Spring实训大作业\web-end-project\end-project)
2026-07-02 15:07:28.311 [main] INFO  com.example.EndProjectApplication-No active profile set, falling back to 1 default profile: "default"
2026-07-02 15:07:29.223 [main] INFO  o.s.boot.web.embedded.tomcat.TomcatWebServer-Tomcat initialized with port 8080 (http)
2026-07-02 15:07:29.237 [main] INFO  org.apache.coyote.http11.Http11NioProtocol-Initializing ProtocolHandler ["http-nio-8080"]
2026-07-02 15:07:29.239 [main] INFO  org.apache.catalina.core.StandardService-Starting service [Tomcat]
2026-07-02 15:07:29.239 [main] INFO  org.apache.catalina.core.StandardEngine-Starting Servlet engine: [Apache Tomcat/10.1.55]
2026-07-02 15:07:29.284 [main] INFO  o.a.c.core.ContainerBase.[Tomcat].[localhost].[/]-Initializing Spring embedded WebApplicationContext
2026-07-02 15:07:29.284 [main] INFO  o.s.b.w.s.c.ServletWebServerApplicationContext-Root WebApplicationContext: initialization completed in 937 ms
2026-07-02 15:07:30.266 [main] INFO  org.apache.coyote.http11.Http11NioProtocol-Starting ProtocolHandler ["http-nio-8080"]
2026-07-02 15:07:30.289 [main] INFO  o.s.boot.web.embedded.tomcat.TomcatWebServer-Tomcat started on port 8080 (http) with context path '/'
2026-07-02 15:07:30.295 [main] INFO  com.example.EndProjectApplication-Started EndProjectApplication in 2.291 seconds (process running for 2.748)
2026-07-02 15:08:22.411 [http-nio-8080-exec-1] INFO  o.a.c.core.ContainerBase.[Tomcat].[localhost].[/]-Initializing Spring DispatcherServlet 'dispatcherServlet'
2026-07-02 15:08:22.411 [http-nio-8080-exec-1] INFO  org.springframework.web.servlet.DispatcherServlet-Initializing Servlet 'dispatcherServlet'
2026-07-02 15:08:22.411 [http-nio-8080-exec-1] INFO  org.springframework.web.servlet.DispatcherServlet-Completed initialization in 0 ms
2026-07-02 15:08:22.479 [http-nio-8080-exec-1] INFO  com.example.controller.LoginController-登录认证SysUser(id=null, username=13600136000, password=123456, realName=null, userType=null, phone=null, email=null, avatar=null, majorId=null, enterpriseId=null, status=null, createTime=null, updateTime=null, isDeleted=null)
2026-07-02 15:08:22.493 [http-nio-8080-exec-1] INFO  com.zaxxer.hikari.HikariDataSource-HikariPool-1 - Starting...
2026-07-02 15:08:22.597 [http-nio-8080-exec-1] INFO  com.zaxxer.hikari.pool.HikariPool-HikariPool-1 - Added connection com.mysql.cj.jdbc.ConnectionImpl@3767a9a0
2026-07-02 15:08:22.597 [http-nio-8080-exec-1] INFO  com.zaxxer.hikari.HikariDataSource-HikariPool-1 - Start completed.
2026-07-02 15:08:22.670 [http-nio-8080-exec-1] INFO  com.example.service.impl.SysUserServiceImpl-登陆成功SysUser(id=4, username=13600136000, password=e10adc3949ba59abbe56e057f20f883e, realName=王人事, userType=hr, phone=13600136000, email=hr@techcompany.com, avatar=/avatar/hr1.png, majorId=null, enterpriseId=1, status=1, createTime=2026-06-26T14:17:28, updateTime=2026-06-29T19:16:18, isDeleted=0)
2026-07-02 15:08:22.670 [http-nio-8080-exec-1] INFO  com.example.controller.LoginController-用户登录成功: userId=4, userType=hr, homePath=/hr/recruit
2026-07-02 15:08:22.740 [http-nio-8080-exec-3] INFO  com.example.interceptor.TokenInterceptor-令牌合法
2026-07-02 15:08:22.743 [http-nio-8080-exec-3] INFO  com.example.controller.HrController-sendInterview - token: exists
2026-07-02 15:08:22.743 [http-nio-8080-exec-3] INFO  com.example.controller.HrController-sendInterview - hrUserId: 4
2026-07-02 15:08:22.777 [http-nio-8080-exec-3] INFO  com.example.controller.HrController-发送面试通知成功: deliverId=3, studentUserId=6, hrUserId=4
2026-07-02 15:08:38.646 [http-nio-8080-exec-5] INFO  com.example.controller.LoginController-登录认证SysUser(id=null, username=2021001, password=123456, realName=null, userType=null, phone=null, email=null, avatar=null, majorId=null, enterpriseId=null, status=null, createTime=null, updateTime=null, isDeleted=null)
2026-07-02 15:08:38.648 [http-nio-8080-exec-5] INFO  com.example.service.impl.SysUserServiceImpl-登陆成功SysUser(id=6, username=2021001, password=e10adc3949ba59abbe56e057f20f883e, realName=张三, userType=student, phone=13800138001, email=zhangsan@example.com, avatar=null, majorId=1, enterpriseId=null, status=1, createTime=2026-06-26T14:37:32, updateTime=2026-06-27T10:52:39, isDeleted=0)
2026-07-02 15:08:38.648 [http-nio-8080-exec-5] INFO  com.example.controller.LoginController-用户登录成功: userId=6, userType=student, homePath=/student/jobs
2026-07-02 15:08:38.698 [http-nio-8080-exec-6] INFO  com.example.interceptor.TokenInterceptor-令牌合法
2026-07-02 15:08:38.715 [http-nio-8080-exec-6] INFO  com.example.controller.StudentController-查询面试通知成功: studentUserId=6, page=1, pageSize=10, total=2
2026-07-02 15:33:46.321 [main] INFO  com.example.EndProjectApplication-Starting EndProjectApplication using Java 23.0.2 with PID 32276 (D:\study\Spring实训大作业\web-end-project\end-project\target\classes started by ssfeng in D:\study\Spring实训大作业\web-end-project\end-project)
2026-07-02 15:33:46.322 [main] INFO  com.example.EndProjectApplication-No active profile set, falling back to 1 default profile: "default"
2026-07-02 15:33:47.328 [main] INFO  o.s.boot.web.embedded.tomcat.TomcatWebServer-Tomcat initialized with port 8080 (http)
2026-07-02 15:33:47.344 [main] INFO  org.apache.coyote.http11.Http11NioProtocol-Initializing ProtocolHandler ["http-nio-8080"]
2026-07-02 15:33:47.348 [main] INFO  org.apache.catalina.core.StandardService-Starting service [Tomcat]
2026-07-02 15:33:47.348 [main] INFO  org.apache.catalina.core.StandardEngine-Starting Servlet engine: [Apache Tomcat/10.1.55]
2026-07-02 15:33:47.419 [main] INFO  o.a.c.core.ContainerBase.[Tomcat].[localhost].[/]-Initializing Spring embedded WebApplicationContext
2026-07-02 15:33:47.421 [main] INFO  o.s.b.w.s.c.ServletWebServerApplicationContext-Root WebApplicationContext: initialization completed in 1060 ms
2026-07-02 15:33:48.575 [main] INFO  org.apache.coyote.http11.Http11NioProtocol-Starting ProtocolHandler ["http-nio-8080"]
2026-07-02 15:33:48.604 [main] INFO  o.s.boot.web.embedded.tomcat.TomcatWebServer-Tomcat started on port 8080 (http) with context path '/'
2026-07-02 15:33:48.609 [main] INFO  com.example.EndProjectApplication-Started EndProjectApplication in 2.597 seconds (process running for 3.065)
2026-07-02 15:34:45.081 [http-nio-8080-exec-1] INFO  o.a.c.core.ContainerBase.[Tomcat].[localhost].[/]-Initializing Spring DispatcherServlet 'dispatcherServlet'
2026-07-02 15:34:45.081 [http-nio-8080-exec-1] INFO  org.springframework.web.servlet.DispatcherServlet-Initializing Servlet 'dispatcherServlet'
2026-07-02 15:34:45.082 [http-nio-8080-exec-1] INFO  org.springframework.web.servlet.DispatcherServlet-Completed initialization in 1 ms
2026-07-02 15:34:45.152 [http-nio-8080-exec-1] INFO  com.example.controller.LoginController-登录认证SysUser(id=null, username=13600136000, password=123456, realName=null, userType=null, phone=null, email=null, avatar=null, majorId=null, enterpriseId=null, status=null, createTime=null, updateTime=null, isDeleted=null)
2026-07-02 15:34:45.166 [http-nio-8080-exec-1] INFO  com.zaxxer.hikari.HikariDataSource-HikariPool-1 - Starting...
2026-07-02 15:34:45.297 [http-nio-8080-exec-1] INFO  com.zaxxer.hikari.pool.HikariPool-HikariPool-1 - Added connection com.mysql.cj.jdbc.ConnectionImpl@79b6ad9d
2026-07-02 15:34:45.299 [http-nio-8080-exec-1] INFO  com.zaxxer.hikari.HikariDataSource-HikariPool-1 - Start completed.
2026-07-02 15:34:45.383 [http-nio-8080-exec-1] INFO  com.example.service.impl.SysUserServiceImpl-登陆成功SysUser(id=4, username=13600136000, password=e10adc3949ba59abbe56e057f20f883e, realName=王人事, userType=hr, phone=13600136000, email=hr@techcompany.com, avatar=/avatar/hr1.png, majorId=null, enterpriseId=1, status=1, createTime=2026-06-26T14:17:28, updateTime=2026-06-29T19:16:18, isDeleted=0)
2026-07-02 15:34:45.384 [http-nio-8080-exec-1] INFO  com.example.controller.LoginController-用户登录成功: userId=4, userType=hr, homePath=/hr/recruit
2026-07-02 15:34:45.476 [http-nio-8080-exec-4] INFO  com.example.interceptor.TokenInterceptor-令牌合法
2026-07-02 15:34:45.501 [http-nio-8080-exec-4] DEBUG o.s.jdbc.support.JdbcTransactionManager-Creating new transaction with name [com.example.service.impl.JobDeliverServiceImpl.updateDeliverStatus]: PROPAGATION_REQUIRED,ISOLATION_DEFAULT,-java.lang.Exception
2026-07-02 15:34:45.501 [http-nio-8080-exec-4] DEBUG o.s.jdbc.support.JdbcTransactionManager-Acquired Connection [HikariProxyConnection@401271233 wrapping com.mysql.cj.jdbc.ConnectionImpl@79b6ad9d] for JDBC transaction
2026-07-02 15:34:45.502 [http-nio-8080-exec-4] DEBUG o.s.jdbc.support.JdbcTransactionManager-Switching JDBC Connection [HikariProxyConnection@401271233 wrapping com.mysql.cj.jdbc.ConnectionImpl@79b6ad9d] to manual commit
2026-07-02 15:34:45.518 [http-nio-8080-exec-4] DEBUG o.s.jdbc.support.JdbcTransactionManager-Initiating transaction commit
2026-07-02 15:34:45.519 [http-nio-8080-exec-4] DEBUG o.s.jdbc.support.JdbcTransactionManager-Committing JDBC transaction on Connection [HikariProxyConnection@401271233 wrapping com.mysql.cj.jdbc.ConnectionImpl@79b6ad9d]
2026-07-02 15:34:45.523 [http-nio-8080-exec-4] DEBUG o.s.jdbc.support.JdbcTransactionManager-Releasing JDBC Connection [HikariProxyConnection@401271233 wrapping com.mysql.cj.jdbc.ConnectionImpl@79b6ad9d] after transaction
2026-07-02 15:34:45.523 [http-nio-8080-exec-4] INFO  com.example.controller.HrController-更新投递状态成功: deliverId=3, deliverStatus=2, hrUserId=4
2026-07-02 15:36:23.908 [http-nio-8080-exec-3] INFO  com.example.controller.LoginController-登录认证SysUser(id=null, username=13600136000, password=123456, realName=null, userType=null, phone=null, email=null, avatar=null, majorId=null, enterpriseId=null, status=null, createTime=null, updateTime=null, isDeleted=null)
2026-07-02 15:36:23.911 [http-nio-8080-exec-3] INFO  com.example.service.impl.SysUserServiceImpl-登陆成功SysUser(id=4, username=13600136000, password=e10adc3949ba59abbe56e057f20f883e, realName=王人事, userType=hr, phone=13600136000, email=hr@techcompany.com, avatar=/avatar/hr1.png, majorId=null, enterpriseId=1, status=1, createTime=2026-06-26T14:17:28, updateTime=2026-06-29T19:16:18, isDeleted=0)
2026-07-02 15:36:23.911 [http-nio-8080-exec-3] INFO  com.example.controller.LoginController-用户登录成功: userId=4, userType=hr, homePath=/hr/recruit
2026-07-02 15:36:23.965 [http-nio-8080-exec-5] INFO  com.example.interceptor.TokenInterceptor-令牌合法
2026-07-02 15:36:23.968 [http-nio-8080-exec-5] INFO  com.example.controller.HrController-sendInterview - token: exists
2026-07-02 15:36:23.968 [http-nio-8080-exec-5] INFO  com.example.controller.HrController-sendInterview - hrUserId: 4
2026-07-02 15:36:23.983 [http-nio-8080-exec-5] INFO  com.example.controller.HrController-发送面试通知成功: deliverId=3, studentUserId=6, hrUserId=4
