2026-07-03 10:15:57.214 [main] INFO  com.example.EndProjectApplication-Starting EndProjectApplication using Java 23.0.2 with PID 39404 (D:\study\Spring实训大作业\web-end-project\end-project\target\classes started by ssfeng in D:\study\Spring实训大作业\web-end-project\end-project)
2026-07-03 10:15:57.215 [main] INFO  com.example.EndProjectApplication-No active profile set, falling back to 1 default profile: "default"
2026-07-03 10:15:58.234 [main] INFO  o.s.boot.web.embedded.tomcat.TomcatWebServer-Tomcat initialized with port 8080 (http)
2026-07-03 10:15:58.253 [main] INFO  org.apache.coyote.http11.Http11NioProtocol-Initializing ProtocolHandler ["http-nio-8080"]
2026-07-03 10:15:58.255 [main] INFO  org.apache.catalina.core.StandardService-Starting service [Tomcat]
2026-07-03 10:15:58.256 [main] INFO  org.apache.catalina.core.StandardEngine-Starting Servlet engine: [Apache Tomcat/10.1.55]
2026-07-03 10:15:58.325 [main] INFO  o.a.c.core.ContainerBase.[Tomcat].[localhost].[/]-Initializing Spring embedded WebApplicationContext
2026-07-03 10:15:58.327 [main] INFO  o.s.b.w.s.c.ServletWebServerApplicationContext-Root WebApplicationContext: initialization completed in 1067 ms
2026-07-03 10:15:59.554 [main] INFO  org.apache.coyote.http11.Http11NioProtocol-Starting ProtocolHandler ["http-nio-8080"]
2026-07-03 10:15:59.582 [main] INFO  o.s.boot.web.embedded.tomcat.TomcatWebServer-Tomcat started on port 8080 (http) with context path '/'
2026-07-03 10:15:59.588 [main] INFO  com.example.EndProjectApplication-Started EndProjectApplication in 2.714 seconds (process running for 3.234)
2026-07-03 10:16:27.681 [http-nio-8080-exec-1] INFO  o.a.c.core.ContainerBase.[Tomcat].[localhost].[/]-Initializing Spring DispatcherServlet 'dispatcherServlet'
2026-07-03 10:16:27.681 [http-nio-8080-exec-1] INFO  org.springframework.web.servlet.DispatcherServlet-Initializing Servlet 'dispatcherServlet'
2026-07-03 10:16:27.682 [http-nio-8080-exec-1] INFO  org.springframework.web.servlet.DispatcherServlet-Completed initialization in 1 ms
2026-07-03 10:16:27.750 [http-nio-8080-exec-1] INFO  com.example.controller.LoginController-登录认证SysUser(id=null, username=admin, password=123456, realName=null, userType=null, phone=null, email=null, avatar=null, majorId=null, enterpriseId=null, status=null, createTime=null, updateTime=null, isDeleted=null)
2026-07-03 10:16:27.765 [http-nio-8080-exec-1] INFO  com.zaxxer.hikari.HikariDataSource-HikariPool-1 - Starting...
2026-07-03 10:16:27.877 [http-nio-8080-exec-1] INFO  com.zaxxer.hikari.pool.HikariPool-HikariPool-1 - Added connection com.mysql.cj.jdbc.ConnectionImpl@48747502
2026-07-03 10:16:27.879 [http-nio-8080-exec-1] INFO  com.zaxxer.hikari.HikariDataSource-HikariPool-1 - Start completed.
2026-07-03 10:16:27.952 [http-nio-8080-exec-1] INFO  com.example.service.impl.SysUserServiceImpl-登陆成功SysUser(id=1, username=admin, password=e10adc3949ba59abbe56e057f20f883e, realName=系统管理员, userType=admin, phone=13800138000, email=admin@jobsystem.com, avatar=/avatar/admin.png, majorId=null, enterpriseId=null, status=1, createTime=2026-06-26T14:17:28, updateTime=2026-06-27T20:38:30, isDeleted=0)
2026-07-03 10:16:27.952 [http-nio-8080-exec-1] INFO  com.example.controller.LoginController-用户登录成功: userId=1, userType=admin, homePath=/admin/dashboard
2026-07-03 10:16:28.013 [http-nio-8080-exec-2] INFO  com.example.interceptor.TokenInterceptor-令牌合法
2026-07-03 10:16:28.038 [http-nio-8080-exec-2] INFO  com.example.controller.StatController-查询全局就业总览成功: totalStudents=3, employedStudents=1, employmentRate=33.33%, totalJobs=4, totalEnterprises=1
2026-07-03 10:17:48.770 [http-nio-8080-exec-5] INFO  com.example.interceptor.TokenInterceptor-令牌错误
2026-07-03 10:17:48.770 [http-nio-8080-exec-4] INFO  com.example.interceptor.TokenInterceptor-令牌错误
2026-07-03 10:17:48.785 [http-nio-8080-exec-7] INFO  com.example.interceptor.TokenInterceptor-令牌错误
2026-07-03 10:17:48.786 [http-nio-8080-exec-8] INFO  com.example.interceptor.TokenInterceptor-令牌错误
2026-07-03 10:17:48.795 [http-nio-8080-exec-6] INFO  com.example.interceptor.TokenInterceptor-令牌错误
2026-07-03 10:17:48.810 [http-nio-8080-exec-9] INFO  com.example.interceptor.TokenInterceptor-令牌为空，不放行
2026-07-03 10:17:48.819 [http-nio-8080-exec-10] INFO  com.example.interceptor.TokenInterceptor-令牌为空，不放行
2026-07-03 10:17:48.823 [http-nio-8080-exec-1] INFO  com.example.interceptor.TokenInterceptor-令牌为空，不放行
2026-07-03 10:17:48.830 [http-nio-8080-exec-2] INFO  com.example.interceptor.TokenInterceptor-令牌为空，不放行
2026-07-03 10:17:48.832 [http-nio-8080-exec-3] INFO  com.example.interceptor.TokenInterceptor-令牌为空，不放行
2026-07-03 10:17:48.864 [http-nio-8080-exec-4] INFO  com.example.interceptor.TokenInterceptor-令牌为空，不放行
2026-07-03 10:17:48.864 [http-nio-8080-exec-5] INFO  com.example.interceptor.TokenInterceptor-令牌为空，不放行
2026-07-03 10:17:48.876 [http-nio-8080-exec-7] INFO  com.example.interceptor.TokenInterceptor-令牌为空，不放行
2026-07-03 10:17:48.879 [http-nio-8080-exec-8] INFO  com.example.interceptor.TokenInterceptor-令牌为空，不放行
2026-07-03 10:17:48.886 [http-nio-8080-exec-6] INFO  com.example.interceptor.TokenInterceptor-令牌为空，不放行
2026-07-03 10:17:48.891 [http-nio-8080-exec-9] INFO  com.example.interceptor.TokenInterceptor-令牌为空，不放行
2026-07-03 10:17:48.899 [http-nio-8080-exec-10] INFO  com.example.interceptor.TokenInterceptor-令牌为空，不放行
2026-07-03 10:17:48.902 [http-nio-8080-exec-1] INFO  com.example.interceptor.TokenInterceptor-令牌为空，不放行
2026-07-03 10:17:48.907 [http-nio-8080-exec-2] INFO  com.example.interceptor.TokenInterceptor-令牌为空，不放行
2026-07-03 10:17:48.912 [http-nio-8080-exec-3] INFO  com.example.interceptor.TokenInterceptor-令牌为空，不放行
2026-07-03 10:17:48.919 [http-nio-8080-exec-4] INFO  com.example.interceptor.TokenInterceptor-令牌为空，不放行
2026-07-03 10:17:48.924 [http-nio-8080-exec-5] INFO  com.example.interceptor.TokenInterceptor-令牌为空，不放行
2026-07-03 10:17:48.932 [http-nio-8080-exec-7] INFO  com.example.interceptor.TokenInterceptor-令牌为空，不放行
2026-07-03 10:17:48.937 [http-nio-8080-exec-8] INFO  com.example.interceptor.TokenInterceptor-令牌为空，不放行
2026-07-03 10:17:48.944 [http-nio-8080-exec-6] INFO  com.example.interceptor.TokenInterceptor-令牌为空，不放行
2026-07-03 10:17:48.949 [http-nio-8080-exec-9] INFO  com.example.interceptor.TokenInterceptor-令牌为空，不放行
2026-07-03 10:17:48.955 [http-nio-8080-exec-10] INFO  com.example.interceptor.TokenInterceptor-令牌为空，不放行
2026-07-03 10:17:48.961 [http-nio-8080-exec-1] INFO  com.example.interceptor.TokenInterceptor-令牌为空，不放行
2026-07-03 10:17:48.967 [http-nio-8080-exec-2] INFO  com.example.interceptor.TokenInterceptor-令牌为空，不放行
2026-07-03 10:17:48.973 [http-nio-8080-exec-3] INFO  com.example.interceptor.TokenInterceptor-令牌为空，不放行
2026-07-03 10:17:48.979 [http-nio-8080-exec-4] INFO  com.example.interceptor.TokenInterceptor-令牌为空，不放行
2026-07-03 10:17:48.985 [http-nio-8080-exec-5] INFO  com.example.interceptor.TokenInterceptor-令牌为空，不放行
2026-07-03 10:17:48.993 [http-nio-8080-exec-7] INFO  com.example.interceptor.TokenInterceptor-令牌为空，不放行
2026-07-03 10:17:49.000 [http-nio-8080-exec-8] INFO  com.example.interceptor.TokenInterceptor-令牌为空，不放行
2026-07-03 10:17:49.007 [http-nio-8080-exec-6] INFO  com.example.interceptor.TokenInterceptor-令牌为空，不放行
2026-07-03 10:17:49.013 [http-nio-8080-exec-9] INFO  com.example.interceptor.TokenInterceptor-令牌为空，不放行
2026-07-03 10:17:49.019 [http-nio-8080-exec-10] INFO  com.example.interceptor.TokenInterceptor-令牌为空，不放行
2026-07-03 10:17:49.026 [http-nio-8080-exec-1] INFO  com.example.interceptor.TokenInterceptor-令牌为空，不放行
2026-07-03 10:17:49.033 [http-nio-8080-exec-2] INFO  com.example.interceptor.TokenInterceptor-令牌为空，不放行
2026-07-03 10:17:49.041 [http-nio-8080-exec-3] INFO  com.example.interceptor.TokenInterceptor-令牌为空，不放行
2026-07-03 10:17:49.052 [http-nio-8080-exec-4] INFO  com.example.interceptor.TokenInterceptor-令牌为空，不放行
2026-07-03 10:17:49.055 [http-nio-8080-exec-5] INFO  com.example.interceptor.TokenInterceptor-令牌为空，不放行
2026-07-03 10:17:49.064 [http-nio-8080-exec-7] INFO  com.example.interceptor.TokenInterceptor-令牌为空，不放行
2026-07-03 10:17:49.072 [http-nio-8080-exec-8] INFO  com.example.interceptor.TokenInterceptor-令牌为空，不放行
2026-07-03 10:17:49.079 [http-nio-8080-exec-6] INFO  com.example.interceptor.TokenInterceptor-令牌为空，不放行
2026-07-03 10:17:49.086 [http-nio-8080-exec-9] INFO  com.example.interceptor.TokenInterceptor-令牌为空，不放行
2026-07-03 10:17:49.094 [http-nio-8080-exec-10] INFO  com.example.interceptor.TokenInterceptor-令牌为空，不放行
2026-07-03 10:17:49.102 [http-nio-8080-exec-1] INFO  com.example.interceptor.TokenInterceptor-令牌为空，不放行
2026-07-03 10:17:49.110 [http-nio-8080-exec-2] INFO  com.example.interceptor.TokenInterceptor-令牌为空，不放行
2026-07-03 10:17:49.119 [http-nio-8080-exec-3] INFO  com.example.interceptor.TokenInterceptor-令牌为空，不放行
2026-07-03 10:17:49.127 [http-nio-8080-exec-4] INFO  com.example.interceptor.TokenInterceptor-令牌为空，不放行
2026-07-03 10:17:49.134 [http-nio-8080-exec-5] INFO  com.example.interceptor.TokenInterceptor-令牌为空，不放行
2026-07-03 10:17:49.143 [http-nio-8080-exec-7] INFO  com.example.interceptor.TokenInterceptor-令牌为空，不放行
2026-07-03 10:17:49.153 [http-nio-8080-exec-8] INFO  com.example.interceptor.TokenInterceptor-令牌为空，不放行
2026-07-03 10:17:49.162 [http-nio-8080-exec-6] INFO  com.example.interceptor.TokenInterceptor-令牌为空，不放行
2026-07-03 10:17:49.167 [http-nio-8080-exec-9] INFO  com.example.interceptor.TokenInterceptor-令牌为空，不放行
2026-07-03 10:17:49.178 [http-nio-8080-exec-10] INFO  com.example.interceptor.TokenInterceptor-令牌为空，不放行
2026-07-03 10:17:49.188 [http-nio-8080-exec-1] INFO  com.example.interceptor.TokenInterceptor-令牌为空，不放行
2026-07-03 10:17:49.192 [http-nio-8080-exec-2] INFO  com.example.interceptor.TokenInterceptor-令牌为空，不放行
2026-07-03 10:17:49.202 [http-nio-8080-exec-3] INFO  com.example.interceptor.TokenInterceptor-令牌为空，不放行
2026-07-03 10:17:49.208 [http-nio-8080-exec-4] INFO  com.example.interceptor.TokenInterceptor-令牌为空，不放行
2026-07-03 10:17:49.219 [http-nio-8080-exec-5] INFO  com.example.interceptor.TokenInterceptor-令牌为空，不放行
2026-07-03 10:17:49.225 [http-nio-8080-exec-7] INFO  com.example.interceptor.TokenInterceptor-令牌为空，不放行
2026-07-03 10:17:49.235 [http-nio-8080-exec-8] INFO  com.example.interceptor.TokenInterceptor-令牌为空，不放行
2026-07-03 10:17:49.240 [http-nio-8080-exec-6] INFO  com.example.interceptor.TokenInterceptor-令牌为空，不放行
2026-07-03 10:17:49.250 [http-nio-8080-exec-9] INFO  com.example.interceptor.TokenInterceptor-令牌为空，不放行
2026-07-03 10:17:49.255 [http-nio-8080-exec-10] INFO  com.example.interceptor.TokenInterceptor-令牌为空，不放行
2026-07-03 10:17:49.265 [http-nio-8080-exec-1] INFO  com.example.interceptor.TokenInterceptor-令牌为空，不放行
2026-07-03 10:17:49.270 [http-nio-8080-exec-2] INFO  com.example.interceptor.TokenInterceptor-令牌为空，不放行
2026-07-03 10:17:49.280 [http-nio-8080-exec-3] INFO  com.example.interceptor.TokenInterceptor-令牌为空，不放行
2026-07-03 10:17:49.292 [http-nio-8080-exec-4] INFO  com.example.interceptor.TokenInterceptor-令牌为空，不放行
2026-07-03 10:17:49.302 [http-nio-8080-exec-5] INFO  com.example.interceptor.TokenInterceptor-令牌为空，不放行
2026-07-03 10:17:49.312 [http-nio-8080-exec-7] INFO  com.example.interceptor.TokenInterceptor-令牌为空，不放行
2026-07-03 10:17:49.315 [http-nio-8080-exec-8] INFO  com.example.interceptor.TokenInterceptor-令牌为空，不放行
2026-07-03 10:17:49.325 [http-nio-8080-exec-6] INFO  com.example.interceptor.TokenInterceptor-令牌为空，不放行
2026-07-03 10:17:49.335 [http-nio-8080-exec-9] INFO  com.example.interceptor.TokenInterceptor-令牌为空，不放行
2026-07-03 10:17:49.345 [http-nio-8080-exec-10] INFO  com.example.interceptor.TokenInterceptor-令牌为空，不放行
2026-07-03 10:17:49.351 [http-nio-8080-exec-1] INFO  com.example.interceptor.TokenInterceptor-令牌为空，不放行
2026-07-03 10:17:49.361 [http-nio-8080-exec-2] INFO  com.example.interceptor.TokenInterceptor-令牌为空，不放行
2026-07-03 10:17:49.370 [http-nio-8080-exec-3] INFO  com.example.interceptor.TokenInterceptor-令牌为空，不放行
2026-07-03 10:17:49.382 [http-nio-8080-exec-4] INFO  com.example.interceptor.TokenInterceptor-令牌为空，不放行
2026-07-03 10:17:49.387 [http-nio-8080-exec-5] INFO  com.example.interceptor.TokenInterceptor-令牌为空，不放行
2026-07-03 10:17:49.397 [http-nio-8080-exec-7] INFO  com.example.interceptor.TokenInterceptor-令牌为空，不放行
2026-07-03 10:17:49.408 [http-nio-8080-exec-8] INFO  com.example.interceptor.TokenInterceptor-令牌为空，不放行
2026-07-03 10:17:49.419 [http-nio-8080-exec-6] INFO  com.example.interceptor.TokenInterceptor-令牌为空，不放行
2026-07-03 10:17:49.424 [http-nio-8080-exec-9] INFO  com.example.interceptor.TokenInterceptor-令牌为空，不放行
2026-07-03 10:17:49.435 [http-nio-8080-exec-10] INFO  com.example.interceptor.TokenInterceptor-令牌为空，不放行
2026-07-03 10:17:49.445 [http-nio-8080-exec-1] INFO  com.example.interceptor.TokenInterceptor-令牌为空，不放行
2026-07-03 10:17:49.455 [http-nio-8080-exec-2] INFO  com.example.interceptor.TokenInterceptor-令牌为空，不放行
2026-07-03 10:17:49.465 [http-nio-8080-exec-3] INFO  com.example.interceptor.TokenInterceptor-令牌为空，不放行
2026-07-03 10:17:49.469 [http-nio-8080-exec-4] INFO  com.example.interceptor.TokenInterceptor-令牌为空，不放行
2026-07-03 10:17:49.479 [http-nio-8080-exec-5] INFO  com.example.interceptor.TokenInterceptor-令牌为空，不放行
2026-07-03 10:17:49.490 [http-nio-8080-exec-7] INFO  com.example.interceptor.TokenInterceptor-令牌为空，不放行
2026-07-03 10:17:49.500 [http-nio-8080-exec-8] INFO  com.example.interceptor.TokenInterceptor-令牌为空，不放行
2026-07-03 10:17:49.504 [http-nio-8080-exec-6] INFO  com.example.interceptor.TokenInterceptor-令牌为空，不放行
2026-07-03 10:17:49.516 [http-nio-8080-exec-9] INFO  com.example.interceptor.TokenInterceptor-令牌为空，不放行
2026-07-03 10:17:49.527 [http-nio-8080-exec-10] INFO  com.example.interceptor.TokenInterceptor-令牌为空，不放行
2026-07-03 10:17:49.538 [http-nio-8080-exec-1] INFO  com.example.interceptor.TokenInterceptor-令牌为空，不放行
2026-07-03 10:17:49.542 [http-nio-8080-exec-2] INFO  com.example.interceptor.TokenInterceptor-令牌为空，不放行
2026-07-03 10:17:49.552 [http-nio-8080-exec-3] INFO  com.example.interceptor.TokenInterceptor-令牌为空，不放行
2026-07-03 10:17:49.563 [http-nio-8080-exec-4] INFO  com.example.interceptor.TokenInterceptor-令牌为空，不放行
2026-07-03 10:17:49.575 [http-nio-8080-exec-5] INFO  com.example.interceptor.TokenInterceptor-令牌为空，不放行
2026-07-03 10:17:49.580 [http-nio-8080-exec-7] INFO  com.example.interceptor.TokenInterceptor-令牌为空，不放行
2026-07-03 10:17:49.591 [http-nio-8080-exec-8] INFO  com.example.interceptor.TokenInterceptor-令牌为空，不放行
2026-07-03 10:17:49.603 [http-nio-8080-exec-6] INFO  com.example.interceptor.TokenInterceptor-令牌为空，不放行
2026-07-03 10:17:49.614 [http-nio-8080-exec-9] INFO  com.example.interceptor.TokenInterceptor-令牌为空，不放行
2026-07-03 10:17:49.619 [http-nio-8080-exec-10] INFO  com.example.interceptor.TokenInterceptor-令牌为空，不放行
2026-07-03 10:17:49.631 [http-nio-8080-exec-1] INFO  com.example.interceptor.TokenInterceptor-令牌为空，不放行
2026-07-03 10:17:49.643 [http-nio-8080-exec-2] INFO  com.example.interceptor.TokenInterceptor-令牌为空，不放行
2026-07-03 10:17:49.655 [http-nio-8080-exec-3] INFO  com.example.interceptor.TokenInterceptor-令牌为空，不放行
2026-07-03 10:17:49.660 [http-nio-8080-exec-4] INFO  com.example.interceptor.TokenInterceptor-令牌为空，不放行
2026-07-03 10:17:49.671 [http-nio-8080-exec-5] INFO  com.example.interceptor.TokenInterceptor-令牌为空，不放行
2026-07-03 10:17:49.683 [http-nio-8080-exec-7] INFO  com.example.interceptor.TokenInterceptor-令牌为空，不放行
2026-07-03 10:17:49.694 [http-nio-8080-exec-8] INFO  com.example.interceptor.TokenInterceptor-令牌为空，不放行
2026-07-03 10:17:49.699 [http-nio-8080-exec-6] INFO  com.example.interceptor.TokenInterceptor-令牌为空，不放行
2026-07-03 10:17:49.710 [http-nio-8080-exec-9] INFO  com.example.interceptor.TokenInterceptor-令牌为空，不放行
2026-07-03 10:17:49.722 [http-nio-8080-exec-10] INFO  com.example.interceptor.TokenInterceptor-令牌为空，不放行
2026-07-03 10:17:49.733 [http-nio-8080-exec-1] INFO  com.example.interceptor.TokenInterceptor-令牌为空，不放行
2026-07-03 10:17:49.738 [http-nio-8080-exec-2] INFO  com.example.interceptor.TokenInterceptor-令牌为空，不放行
2026-07-03 10:17:49.750 [http-nio-8080-exec-3] INFO  com.example.interceptor.TokenInterceptor-令牌为空，不放行
2026-07-03 10:17:49.762 [http-nio-8080-exec-4] INFO  com.example.interceptor.TokenInterceptor-令牌为空，不放行
2026-07-03 10:17:49.773 [http-nio-8080-exec-5] INFO  com.example.interceptor.TokenInterceptor-令牌为空，不放行
2026-07-03 10:17:49.784 [http-nio-8080-exec-7] INFO  com.example.interceptor.TokenInterceptor-令牌为空，不放行
2026-07-03 10:17:49.791 [http-nio-8080-exec-8] INFO  com.example.interceptor.TokenInterceptor-令牌为空，不放行
2026-07-03 10:17:49.805 [http-nio-8080-exec-6] INFO  com.example.interceptor.TokenInterceptor-令牌为空，不放行
2026-07-03 10:17:49.817 [http-nio-8080-exec-9] INFO  com.example.interceptor.TokenInterceptor-令牌为空，不放行
2026-07-03 10:17:49.837 [http-nio-8080-exec-10] INFO  com.example.interceptor.TokenInterceptor-令牌为空，不放行
2026-07-03 10:17:49.842 [http-nio-8080-exec-1] INFO  com.example.interceptor.TokenInterceptor-令牌为空，不放行
2026-07-03 10:17:49.855 [http-nio-8080-exec-2] INFO  com.example.interceptor.TokenInterceptor-令牌为空，不放行
2026-07-03 10:17:49.861 [http-nio-8080-exec-3] INFO  com.example.interceptor.TokenInterceptor-令牌为空，不放行
2026-07-03 10:17:49.875 [http-nio-8080-exec-4] INFO  com.example.interceptor.TokenInterceptor-令牌为空，不放行
2026-07-03 10:17:49.880 [http-nio-8080-exec-5] INFO  com.example.interceptor.TokenInterceptor-令牌为空，不放行
2026-07-03 10:17:49.893 [http-nio-8080-exec-7] INFO  com.example.interceptor.TokenInterceptor-令牌为空，不放行
2026-07-03 10:17:49.906 [http-nio-8080-exec-8] INFO  com.example.interceptor.TokenInterceptor-令牌为空，不放行
2026-07-03 10:17:49.917 [http-nio-8080-exec-6] INFO  com.example.interceptor.TokenInterceptor-令牌为空，不放行
2026-07-03 10:17:49.923 [http-nio-8080-exec-9] INFO  com.example.interceptor.TokenInterceptor-令牌为空，不放行
2026-07-03 10:17:49.936 [http-nio-8080-exec-10] INFO  com.example.interceptor.TokenInterceptor-令牌为空，不放行
2026-07-03 10:17:49.951 [http-nio-8080-exec-1] INFO  com.example.interceptor.TokenInterceptor-令牌为空，不放行
2026-07-03 10:17:49.964 [http-nio-8080-exec-2] INFO  com.example.interceptor.TokenInterceptor-令牌为空，不放行
2026-07-03 10:17:49.971 [http-nio-8080-exec-3] INFO  com.example.interceptor.TokenInterceptor-令牌为空，不放行
2026-07-03 10:17:49.987 [http-nio-8080-exec-4] INFO  com.example.interceptor.TokenInterceptor-令牌为空，不放行
2026-07-03 10:17:50.000 [http-nio-8080-exec-5] INFO  com.example.interceptor.TokenInterceptor-令牌为空，不放行
2026-07-03 10:17:50.014 [http-nio-8080-exec-7] INFO  com.example.interceptor.TokenInterceptor-令牌为空，不放行
2026-07-03 10:17:50.021 [http-nio-8080-exec-8] INFO  com.example.interceptor.TokenInterceptor-令牌为空，不放行
2026-07-03 10:17:50.033 [http-nio-8080-exec-6] INFO  com.example.interceptor.TokenInterceptor-令牌为空，不放行
2026-07-03 10:17:50.045 [http-nio-8080-exec-9] INFO  com.example.interceptor.TokenInterceptor-令牌为空，不放行
2026-07-03 10:17:50.070 [http-nio-8080-exec-10] INFO  com.example.interceptor.TokenInterceptor-令牌为空，不放行
2026-07-03 10:17:50.081 [http-nio-8080-exec-1] INFO  com.example.interceptor.TokenInterceptor-令牌为空，不放行
2026-07-03 10:17:50.094 [http-nio-8080-exec-2] INFO  com.example.interceptor.TokenInterceptor-令牌为空，不放行
2026-07-03 10:17:50.107 [http-nio-8080-exec-3] INFO  com.example.interceptor.TokenInterceptor-令牌为空，不放行
2026-07-03 10:17:50.120 [http-nio-8080-exec-4] INFO  com.example.interceptor.TokenInterceptor-令牌为空，不放行
2026-07-03 10:17:50.132 [http-nio-8080-exec-5] INFO  com.example.interceptor.TokenInterceptor-令牌为空，不放行
2026-07-03 10:17:50.144 [http-nio-8080-exec-7] INFO  com.example.interceptor.TokenInterceptor-令牌为空，不放行
2026-07-03 10:17:50.149 [http-nio-8080-exec-8] INFO  com.example.interceptor.TokenInterceptor-令牌为空，不放行
2026-07-03 10:17:50.163 [http-nio-8080-exec-6] INFO  com.example.interceptor.TokenInterceptor-令牌为空，不放行
2026-07-03 10:17:50.177 [http-nio-8080-exec-9] INFO  com.example.interceptor.TokenInterceptor-令牌为空，不放行
2026-07-03 10:17:50.196 [http-nio-8080-exec-10] INFO  com.example.interceptor.TokenInterceptor-令牌为空，不放行
2026-07-03 10:17:50.213 [http-nio-8080-exec-1] INFO  com.example.interceptor.TokenInterceptor-令牌为空，不放行
2026-07-03 10:17:50.228 [http-nio-8080-exec-2] INFO  com.example.interceptor.TokenInterceptor-令牌为空，不放行
2026-07-03 10:17:50.240 [http-nio-8080-exec-3] INFO  com.example.interceptor.TokenInterceptor-令牌为空，不放行
2026-07-03 10:17:50.252 [http-nio-8080-exec-4] INFO  com.example.interceptor.TokenInterceptor-令牌为空，不放行
2026-07-03 10:17:50.264 [http-nio-8080-exec-5] INFO  com.example.interceptor.TokenInterceptor-令牌为空，不放行
2026-07-03 10:17:50.277 [http-nio-8080-exec-7] INFO  com.example.interceptor.TokenInterceptor-令牌为空，不放行
2026-07-03 10:17:50.289 [http-nio-8080-exec-8] INFO  com.example.interceptor.TokenInterceptor-令牌为空，不放行
2026-07-03 10:17:50.297 [http-nio-8080-exec-6] INFO  com.example.interceptor.TokenInterceptor-令牌为空，不放行
2026-07-03 10:17:50.315 [http-nio-8080-exec-9] INFO  com.example.interceptor.TokenInterceptor-令牌为空，不放行
2026-07-03 10:17:50.327 [http-nio-8080-exec-10] INFO  com.example.interceptor.TokenInterceptor-令牌为空，不放行
2026-07-03 10:17:50.340 [http-nio-8080-exec-1] INFO  com.example.interceptor.TokenInterceptor-令牌为空，不放行
2026-07-03 10:17:50.347 [http-nio-8080-exec-2] INFO  com.example.interceptor.TokenInterceptor-令牌为空，不放行
2026-07-03 10:17:50.364 [http-nio-8080-exec-3] INFO  com.example.interceptor.TokenInterceptor-令牌为空，不放行
2026-07-03 10:17:50.378 [http-nio-8080-exec-4] INFO  com.example.interceptor.TokenInterceptor-令牌为空，不放行
2026-07-03 10:17:50.392 [http-nio-8080-exec-5] INFO  com.example.interceptor.TokenInterceptor-令牌为空，不放行
2026-07-03 10:17:50.400 [http-nio-8080-exec-7] INFO  com.example.interceptor.TokenInterceptor-令牌为空，不放行
2026-07-03 10:17:50.417 [http-nio-8080-exec-8] INFO  com.example.interceptor.TokenInterceptor-令牌为空，不放行
2026-07-03 10:17:50.433 [http-nio-8080-exec-6] INFO  com.example.interceptor.TokenInterceptor-令牌为空，不放行
2026-07-03 10:17:50.448 [http-nio-8080-exec-9] INFO  com.example.interceptor.TokenInterceptor-令牌为空，不放行
2026-07-03 10:17:50.463 [http-nio-8080-exec-10] INFO  com.example.interceptor.TokenInterceptor-令牌为空，不放行
2026-07-03 10:17:50.477 [http-nio-8080-exec-1] INFO  com.example.interceptor.TokenInterceptor-令牌为空，不放行
2026-07-03 10:17:50.485 [http-nio-8080-exec-2] INFO  com.example.interceptor.TokenInterceptor-令牌为空，不放行
2026-07-03 10:17:50.503 [http-nio-8080-exec-3] INFO  com.example.interceptor.TokenInterceptor-令牌为空，不放行
2026-07-03 10:17:50.517 [http-nio-8080-exec-4] INFO  com.example.interceptor.TokenInterceptor-令牌为空，不放行
2026-07-03 10:17:50.532 [http-nio-8080-exec-5] INFO  com.example.interceptor.TokenInterceptor-令牌为空，不放行
2026-07-03 10:17:50.547 [http-nio-8080-exec-7] INFO  com.example.interceptor.TokenInterceptor-令牌为空，不放行
2026-07-03 10:17:50.563 [http-nio-8080-exec-8] INFO  com.example.interceptor.TokenInterceptor-令牌为空，不放行
2026-07-03 10:17:50.571 [http-nio-8080-exec-6] INFO  com.example.interceptor.TokenInterceptor-令牌为空，不放行
2026-07-03 10:17:50.587 [http-nio-8080-exec-9] INFO  com.example.interceptor.TokenInterceptor-令牌为空，不放行
2026-07-03 10:17:50.599 [http-nio-8080-exec-10] INFO  com.example.interceptor.TokenInterceptor-令牌为空，不放行
2026-07-03 10:17:50.616 [http-nio-8080-exec-1] INFO  com.example.interceptor.TokenInterceptor-令牌为空，不放行
2026-07-03 10:17:50.623 [http-nio-8080-exec-2] INFO  com.example.interceptor.TokenInterceptor-令牌为空，不放行
2026-07-03 10:17:50.641 [http-nio-8080-exec-3] INFO  com.example.interceptor.TokenInterceptor-令牌为空，不放行
2026-07-03 10:17:50.658 [http-nio-8080-exec-4] INFO  com.example.interceptor.TokenInterceptor-令牌为空，不放行
2026-07-03 10:17:50.674 [http-nio-8080-exec-5] INFO  com.example.interceptor.TokenInterceptor-令牌为空，不放行
2026-07-03 10:17:50.681 [http-nio-8080-exec-7] INFO  com.example.interceptor.TokenInterceptor-令牌为空，不放行
2026-07-03 10:17:50.695 [http-nio-8080-exec-8] INFO  com.example.interceptor.TokenInterceptor-令牌为空，不放行
2026-07-03 10:17:50.712 [http-nio-8080-exec-6] INFO  com.example.interceptor.TokenInterceptor-令牌为空，不放行
2026-07-03 10:17:50.729 [http-nio-8080-exec-9] INFO  com.example.interceptor.TokenInterceptor-令牌为空，不放行
2026-07-03 10:17:50.744 [http-nio-8080-exec-10] INFO  com.example.interceptor.TokenInterceptor-令牌为空，不放行
2026-07-03 10:17:50.750 [http-nio-8080-exec-1] INFO  com.example.interceptor.TokenInterceptor-令牌为空，不放行
2026-07-03 10:17:50.767 [http-nio-8080-exec-2] INFO  com.example.interceptor.TokenInterceptor-令牌为空，不放行
2026-07-03 10:17:50.781 [http-nio-8080-exec-3] INFO  com.example.interceptor.TokenInterceptor-令牌为空，不放行
2026-07-03 10:17:50.797 [http-nio-8080-exec-4] INFO  com.example.interceptor.TokenInterceptor-令牌为空，不放行
2026-07-03 10:17:50.812 [http-nio-8080-exec-5] INFO  com.example.interceptor.TokenInterceptor-令牌为空，不放行
2026-07-03 10:17:50.826 [http-nio-8080-exec-7] INFO  com.example.interceptor.TokenInterceptor-令牌为空，不放行
2026-07-03 10:17:50.842 [http-nio-8080-exec-8] INFO  com.example.interceptor.TokenInterceptor-令牌为空，不放行
2026-07-03 10:17:50.857 [http-nio-8080-exec-6] INFO  com.example.interceptor.TokenInterceptor-令牌为空，不放行
2026-07-03 10:17:50.866 [http-nio-8080-exec-9] INFO  com.example.interceptor.TokenInterceptor-令牌为空，不放行
2026-07-03 10:17:50.882 [http-nio-8080-exec-10] INFO  com.example.interceptor.TokenInterceptor-令牌为空，不放行
2026-07-03 10:17:50.898 [http-nio-8080-exec-1] INFO  com.example.interceptor.TokenInterceptor-令牌为空，不放行
2026-07-03 10:17:50.913 [http-nio-8080-exec-2] INFO  com.example.interceptor.TokenInterceptor-令牌为空，不放行
2026-07-03 10:17:50.920 [http-nio-8080-exec-3] INFO  com.example.interceptor.TokenInterceptor-令牌为空，不放行
2026-07-03 10:17:50.938 [http-nio-8080-exec-4] INFO  com.example.interceptor.TokenInterceptor-令牌为空，不放行
2026-07-03 10:17:50.953 [http-nio-8080-exec-5] INFO  com.example.interceptor.TokenInterceptor-令牌为空，不放行
2026-07-03 10:17:50.969 [http-nio-8080-exec-7] INFO  com.example.interceptor.TokenInterceptor-令牌为空，不放行
2026-07-03 10:17:50.986 [http-nio-8080-exec-8] INFO  com.example.interceptor.TokenInterceptor-令牌为空，不放行
2026-07-03 10:17:51.002 [http-nio-8080-exec-6] INFO  com.example.interceptor.TokenInterceptor-令牌为空，不放行
2026-07-03 10:17:51.019 [http-nio-8080-exec-9] INFO  com.example.interceptor.TokenInterceptor-令牌为空，不放行
2026-07-03 10:17:51.036 [http-nio-8080-exec-10] INFO  com.example.interceptor.TokenInterceptor-令牌为空，不放行
2026-07-03 10:17:51.043 [http-nio-8080-exec-1] INFO  com.example.interceptor.TokenInterceptor-令牌为空，不放行
2026-07-03 10:17:51.061 [http-nio-8080-exec-2] INFO  com.example.interceptor.TokenInterceptor-令牌为空，不放行
2026-07-03 10:17:51.078 [http-nio-8080-exec-3] INFO  com.example.interceptor.TokenInterceptor-令牌为空，不放行
2026-07-03 10:17:51.094 [http-nio-8080-exec-4] INFO  com.example.interceptor.TokenInterceptor-令牌为空，不放行
2026-07-03 10:17:51.111 [http-nio-8080-exec-5] INFO  com.example.interceptor.TokenInterceptor-令牌为空，不放行
2026-07-03 10:17:51.130 [http-nio-8080-exec-7] INFO  com.example.interceptor.TokenInterceptor-令牌为空，不放行
2026-07-03 10:17:51.148 [http-nio-8080-exec-8] INFO  com.example.interceptor.TokenInterceptor-令牌为空，不放行
2026-07-03 10:17:51.165 [http-nio-8080-exec-6] INFO  com.example.interceptor.TokenInterceptor-令牌为空，不放行
2026-07-03 10:17:51.182 [http-nio-8080-exec-9] INFO  com.example.interceptor.TokenInterceptor-令牌为空，不放行
2026-07-03 10:17:51.190 [http-nio-8080-exec-10] INFO  com.example.interceptor.TokenInterceptor-令牌为空，不放行
2026-07-03 10:17:51.207 [http-nio-8080-exec-1] INFO  com.example.interceptor.TokenInterceptor-令牌为空，不放行
2026-07-03 10:17:51.225 [http-nio-8080-exec-2] INFO  com.example.interceptor.TokenInterceptor-令牌为空，不放行
2026-07-03 10:17:51.242 [http-nio-8080-exec-3] INFO  com.example.interceptor.TokenInterceptor-令牌为空，不放行
2026-07-03 10:17:51.259 [http-nio-8080-exec-4] INFO  com.example.interceptor.TokenInterceptor-令牌为空，不放行
2026-07-03 10:17:51.277 [http-nio-8080-exec-5] INFO  com.example.interceptor.TokenInterceptor-令牌为空，不放行
2026-07-03 10:17:51.295 [http-nio-8080-exec-7] INFO  com.example.interceptor.TokenInterceptor-令牌为空，不放行
2026-07-03 10:17:51.313 [http-nio-8080-exec-8] INFO  com.example.interceptor.TokenInterceptor-令牌为空，不放行
2026-07-03 10:17:51.334 [http-nio-8080-exec-6] INFO  com.example.interceptor.TokenInterceptor-令牌为空，不放行
2026-07-03 10:17:51.352 [http-nio-8080-exec-9] INFO  com.example.interceptor.TokenInterceptor-令牌为空，不放行
2026-07-03 10:17:51.362 [http-nio-8080-exec-10] INFO  com.example.interceptor.TokenInterceptor-令牌为空，不放行
2026-07-03 10:17:51.381 [http-nio-8080-exec-1] INFO  com.example.interceptor.TokenInterceptor-令牌为空，不放行
2026-07-03 10:17:51.399 [http-nio-8080-exec-2] INFO  com.example.interceptor.TokenInterceptor-令牌为空，不放行
2026-07-03 10:17:51.417 [http-nio-8080-exec-3] INFO  com.example.interceptor.TokenInterceptor-令牌为空，不放行
2026-07-03 10:17:51.435 [http-nio-8080-exec-4] INFO  com.example.interceptor.TokenInterceptor-令牌为空，不放行
2026-07-03 10:17:51.465 [http-nio-8080-exec-5] INFO  com.example.interceptor.TokenInterceptor-令牌为空，不放行
2026-07-03 10:17:51.483 [http-nio-8080-exec-7] INFO  com.example.interceptor.TokenInterceptor-令牌为空，不放行
2026-07-03 10:17:51.501 [http-nio-8080-exec-8] INFO  com.example.interceptor.TokenInterceptor-令牌为空，不放行
2026-07-03 10:17:51.519 [http-nio-8080-exec-6] INFO  com.example.interceptor.TokenInterceptor-令牌为空，不放行
2026-07-03 10:17:51.537 [http-nio-8080-exec-9] INFO  com.example.interceptor.TokenInterceptor-令牌为空，不放行
2026-07-03 10:17:51.546 [http-nio-8080-exec-10] INFO  com.example.interceptor.TokenInterceptor-令牌为空，不放行
2026-07-03 10:17:51.566 [http-nio-8080-exec-1] INFO  com.example.interceptor.TokenInterceptor-令牌为空，不放行
2026-07-03 10:17:51.589 [http-nio-8080-exec-2] INFO  com.example.interceptor.TokenInterceptor-令牌为空，不放行
2026-07-03 10:17:51.612 [http-nio-8080-exec-3] INFO  com.example.interceptor.TokenInterceptor-令牌为空，不放行
2026-07-03 10:17:51.635 [http-nio-8080-exec-4] INFO  com.example.interceptor.TokenInterceptor-令牌为空，不放行
2026-07-03 10:17:51.660 [http-nio-8080-exec-5] INFO  com.example.interceptor.TokenInterceptor-令牌为空，不放行
2026-07-03 10:17:51.671 [http-nio-8080-exec-7] INFO  com.example.interceptor.TokenInterceptor-令牌为空，不放行
2026-07-03 10:17:51.694 [http-nio-8080-exec-8] INFO  com.example.interceptor.TokenInterceptor-令牌为空，不放行
2026-07-03 10:17:51.714 [http-nio-8080-exec-6] INFO  com.example.interceptor.TokenInterceptor-令牌为空，不放行
2026-07-03 10:17:51.737 [http-nio-8080-exec-9] INFO  com.example.interceptor.TokenInterceptor-令牌为空，不放行
2026-07-03 10:17:51.749 [http-nio-8080-exec-10] INFO  com.example.interceptor.TokenInterceptor-令牌为空，不放行
2026-07-03 10:17:51.770 [http-nio-8080-exec-1] INFO  com.example.interceptor.TokenInterceptor-令牌为空，不放行
2026-07-03 10:17:51.789 [http-nio-8080-exec-2] INFO  com.example.interceptor.TokenInterceptor-令牌为空，不放行
2026-07-03 10:17:51.806 [http-nio-8080-exec-3] INFO  com.example.interceptor.TokenInterceptor-令牌为空，不放行
2026-07-03 10:17:51.850 [http-nio-8080-exec-4] INFO  com.example.interceptor.TokenInterceptor-令牌为空，不放行
2026-07-03 10:17:51.908 [http-nio-8080-exec-5] INFO  com.example.interceptor.TokenInterceptor-令牌为空，不放行
2026-07-03 10:17:52.169 [http-nio-8080-exec-7] INFO  com.example.interceptor.TokenInterceptor-令牌为空，不放行
2026-07-03 10:17:52.608 [http-nio-8080-exec-8] INFO  com.example.interceptor.TokenInterceptor-令牌为空，不放行
2026-07-03 10:17:53.234 [http-nio-8080-exec-6] INFO  com.example.interceptor.TokenInterceptor-令牌为空，不放行
2026-07-03 10:17:53.347 [http-nio-8080-exec-9] INFO  com.example.interceptor.TokenInterceptor-令牌为空，不放行
2026-07-03 10:17:53.929 [http-nio-8080-exec-10] INFO  com.example.interceptor.TokenInterceptor-令牌为空，不放行
2026-07-03 10:17:54.399 [http-nio-8080-exec-1] INFO  com.example.interceptor.TokenInterceptor-令牌为空，不放行
2026-07-03 10:17:54.629 [http-nio-8080-exec-2] INFO  com.example.interceptor.TokenInterceptor-令牌为空，不放行
2026-07-03 10:17:54.911 [http-nio-8080-exec-3] INFO  com.example.interceptor.TokenInterceptor-令牌为空，不放行
2026-07-03 10:17:54.937 [http-nio-8080-exec-4] INFO  com.example.interceptor.TokenInterceptor-令牌为空，不放行
2026-07-03 10:17:55.200 [http-nio-8080-exec-5] INFO  com.example.interceptor.TokenInterceptor-令牌为空，不放行
2026-07-03 10:17:55.352 [http-nio-8080-exec-7] INFO  com.example.interceptor.TokenInterceptor-令牌为空，不放行
2026-07-03 10:17:55.490 [http-nio-8080-exec-8] INFO  com.example.interceptor.TokenInterceptor-令牌为空，不放行
2026-07-03 10:17:55.559 [http-nio-8080-exec-6] INFO  com.example.interceptor.TokenInterceptor-令牌为空，不放行
2026-07-03 10:17:55.582 [http-nio-8080-exec-9] INFO  com.example.interceptor.TokenInterceptor-令牌为空，不放行
2026-07-03 10:17:55.586 [http-nio-8080-exec-10] INFO  com.example.interceptor.TokenInterceptor-令牌为空，不放行
2026-07-03 10:17:55.607 [http-nio-8080-exec-1] INFO  com.example.interceptor.TokenInterceptor-令牌为空，不放行
2026-07-03 10:17:55.621 [http-nio-8080-exec-2] INFO  com.example.interceptor.TokenInterceptor-令牌为空，不放行
2026-07-03 10:17:55.644 [http-nio-8080-exec-3] INFO  com.example.interceptor.TokenInterceptor-令牌为空，不放行
2026-07-03 10:17:55.649 [http-nio-8080-exec-4] INFO  com.example.interceptor.TokenInterceptor-令牌为空，不放行
2026-07-03 10:17:55.665 [http-nio-8080-exec-5] INFO  com.example.interceptor.TokenInterceptor-令牌为空，不放行
2026-07-03 10:17:55.679 [http-nio-8080-exec-7] INFO  com.example.interceptor.TokenInterceptor-令牌为空，不放行
2026-07-03 10:17:55.693 [http-nio-8080-exec-8] INFO  com.example.interceptor.TokenInterceptor-令牌为空，不放行
2026-07-03 10:17:55.697 [http-nio-8080-exec-6] INFO  com.example.interceptor.TokenInterceptor-令牌为空，不放行
2026-07-03 10:17:55.713 [http-nio-8080-exec-9] INFO  com.example.interceptor.TokenInterceptor-令牌为空，不放行
2026-07-03 10:17:55.727 [http-nio-8080-exec-10] INFO  com.example.interceptor.TokenInterceptor-令牌为空，不放行
2026-07-03 10:17:55.742 [http-nio-8080-exec-1] INFO  com.example.interceptor.TokenInterceptor-令牌为空，不放行
2026-07-03 10:17:55.757 [http-nio-8080-exec-2] INFO  com.example.interceptor.TokenInterceptor-令牌为空，不放行
2026-07-03 10:17:55.761 [http-nio-8080-exec-3] INFO  com.example.interceptor.TokenInterceptor-令牌为空，不放行
2026-07-03 10:17:55.776 [http-nio-8080-exec-4] INFO  com.example.interceptor.TokenInterceptor-令牌为空，不放行
2026-07-03 10:17:55.789 [http-nio-8080-exec-5] INFO  com.example.interceptor.TokenInterceptor-令牌为空，不放行
2026-07-03 10:17:55.802 [http-nio-8080-exec-7] INFO  com.example.interceptor.TokenInterceptor-令牌为空，不放行
2026-07-03 10:17:55.807 [http-nio-8080-exec-8] INFO  com.example.interceptor.TokenInterceptor-令牌为空，不放行
2026-07-03 10:17:55.822 [http-nio-8080-exec-6] INFO  com.example.interceptor.TokenInterceptor-令牌为空，不放行
2026-07-03 10:17:55.835 [http-nio-8080-exec-9] INFO  com.example.interceptor.TokenInterceptor-令牌为空，不放行
2026-07-03 10:17:55.849 [http-nio-8080-exec-10] INFO  com.example.interceptor.TokenInterceptor-令牌为空，不放行
2026-07-03 10:17:55.853 [http-nio-8080-exec-1] INFO  com.example.interceptor.TokenInterceptor-令牌为空，不放行
2026-07-03 10:17:55.869 [http-nio-8080-exec-2] INFO  com.example.interceptor.TokenInterceptor-令牌为空，不放行
2026-07-03 10:17:55.882 [http-nio-8080-exec-3] INFO  com.example.interceptor.TokenInterceptor-令牌为空，不放行
2026-07-03 10:17:55.894 [http-nio-8080-exec-4] INFO  com.example.interceptor.TokenInterceptor-令牌为空，不放行
2026-07-03 10:17:55.898 [http-nio-8080-exec-5] INFO  com.example.interceptor.TokenInterceptor-令牌为空，不放行
2026-07-03 10:17:55.916 [http-nio-8080-exec-7] INFO  com.example.interceptor.TokenInterceptor-令牌为空，不放行
2026-07-03 10:17:55.934 [http-nio-8080-exec-8] INFO  com.example.interceptor.TokenInterceptor-令牌为空，不放行
2026-07-03 10:17:55.949 [http-nio-8080-exec-6] INFO  com.example.interceptor.TokenInterceptor-令牌为空，不放行
2026-07-03 10:17:55.969 [http-nio-8080-exec-9] INFO  com.example.interceptor.TokenInterceptor-令牌为空，不放行
2026-07-03 10:17:55.974 [http-nio-8080-exec-10] INFO  com.example.interceptor.TokenInterceptor-令牌为空，不放行
2026-07-03 10:17:55.989 [http-nio-8080-exec-1] INFO  com.example.interceptor.TokenInterceptor-令牌为空，不放行
2026-07-03 10:17:55.993 [http-nio-8080-exec-2] INFO  com.example.interceptor.TokenInterceptor-令牌为空，不放行
2026-07-03 10:17:56.003 [http-nio-8080-exec-3] INFO  com.example.interceptor.TokenInterceptor-令牌为空，不放行
2026-07-03 10:17:56.005 [http-nio-8080-exec-4] INFO  com.example.interceptor.TokenInterceptor-令牌为空，不放行
2026-07-03 10:17:56.013 [http-nio-8080-exec-5] INFO  com.example.interceptor.TokenInterceptor-令牌为空，不放行
2026-07-03 10:17:56.017 [http-nio-8080-exec-7] INFO  com.example.interceptor.TokenInterceptor-令牌为空，不放行
2026-07-03 10:17:56.025 [http-nio-8080-exec-8] INFO  com.example.interceptor.TokenInterceptor-令牌为空，不放行
2026-07-03 10:17:56.028 [http-nio-8080-exec-6] INFO  com.example.interceptor.TokenInterceptor-令牌为空，不放行
2026-07-03 10:17:56.036 [http-nio-8080-exec-9] INFO  com.example.interceptor.TokenInterceptor-令牌为空，不放行
2026-07-03 10:17:56.045 [http-nio-8080-exec-10] INFO  com.example.interceptor.TokenInterceptor-令牌为空，不放行
2026-07-03 10:17:56.052 [http-nio-8080-exec-1] INFO  com.example.interceptor.TokenInterceptor-令牌为空，不放行
2026-07-03 10:17:56.057 [http-nio-8080-exec-2] INFO  com.example.interceptor.TokenInterceptor-令牌为空，不放行
2026-07-03 10:17:56.065 [http-nio-8080-exec-3] INFO  com.example.interceptor.TokenInterceptor-令牌为空，不放行
2026-07-03 10:17:56.073 [http-nio-8080-exec-4] INFO  com.example.interceptor.TokenInterceptor-令牌为空，不放行
2026-07-03 10:17:56.081 [http-nio-8080-exec-5] INFO  com.example.interceptor.TokenInterceptor-令牌为空，不放行
2026-07-03 10:17:56.087 [http-nio-8080-exec-7] INFO  com.example.interceptor.TokenInterceptor-令牌为空，不放行
2026-07-03 10:17:56.091 [http-nio-8080-exec-8] INFO  com.example.interceptor.TokenInterceptor-令牌为空，不放行
2026-07-03 10:17:56.099 [http-nio-8080-exec-6] INFO  com.example.interceptor.TokenInterceptor-令牌为空，不放行
2026-07-03 10:17:56.108 [http-nio-8080-exec-9] INFO  com.example.interceptor.TokenInterceptor-令牌为空，不放行
2026-07-03 10:17:56.116 [http-nio-8080-exec-10] INFO  com.example.interceptor.TokenInterceptor-令牌为空，不放行
2026-07-03 10:17:56.119 [http-nio-8080-exec-1] INFO  com.example.interceptor.TokenInterceptor-令牌为空，不放行
2026-07-03 10:17:56.127 [http-nio-8080-exec-2] INFO  com.example.interceptor.TokenInterceptor-令牌为空，不放行
2026-07-03 10:17:56.137 [http-nio-8080-exec-3] INFO  com.example.interceptor.TokenInterceptor-令牌为空，不放行
2026-07-03 10:17:56.145 [http-nio-8080-exec-4] INFO  com.example.interceptor.TokenInterceptor-令牌为空，不放行
2026-07-03 10:17:56.149 [http-nio-8080-exec-5] INFO  com.example.interceptor.TokenInterceptor-令牌为空，不放行
2026-07-03 10:17:56.157 [http-nio-8080-exec-7] INFO  com.example.interceptor.TokenInterceptor-令牌为空，不放行
2026-07-03 10:17:56.166 [http-nio-8080-exec-8] INFO  com.example.interceptor.TokenInterceptor-令牌为空，不放行
2026-07-03 10:17:56.175 [http-nio-8080-exec-6] INFO  com.example.interceptor.TokenInterceptor-令牌为空，不放行
2026-07-03 10:17:56.185 [http-nio-8080-exec-9] INFO  com.example.interceptor.TokenInterceptor-令牌为空，不放行
2026-07-03 10:17:56.189 [http-nio-8080-exec-10] INFO  com.example.interceptor.TokenInterceptor-令牌为空，不放行
2026-07-03 10:17:56.198 [http-nio-8080-exec-1] INFO  com.example.interceptor.TokenInterceptor-令牌为空，不放行
2026-07-03 10:17:56.201 [http-nio-8080-exec-2] INFO  com.example.interceptor.TokenInterceptor-令牌为空，不放行
2026-07-03 10:17:56.210 [http-nio-8080-exec-3] INFO  com.example.interceptor.TokenInterceptor-令牌为空，不放行
2026-07-03 10:17:56.214 [http-nio-8080-exec-4] INFO  com.example.interceptor.TokenInterceptor-令牌为空，不放行
2026-07-03 10:17:56.224 [http-nio-8080-exec-5] INFO  com.example.interceptor.TokenInterceptor-令牌为空，不放行
2026-07-03 10:17:56.233 [http-nio-8080-exec-7] INFO  com.example.interceptor.TokenInterceptor-令牌为空，不放行
2026-07-03 10:17:56.249 [http-nio-8080-exec-8] INFO  com.example.interceptor.TokenInterceptor-令牌为空，不放行
2026-07-03 10:17:56.252 [http-nio-8080-exec-6] INFO  com.example.interceptor.TokenInterceptor-令牌为空，不放行
2026-07-03 10:17:56.264 [http-nio-8080-exec-9] INFO  com.example.interceptor.TokenInterceptor-令牌为空，不放行
2026-07-03 10:17:56.277 [http-nio-8080-exec-10] INFO  com.example.interceptor.TokenInterceptor-令牌为空，不放行
2026-07-03 10:17:56.289 [http-nio-8080-exec-1] INFO  com.example.interceptor.TokenInterceptor-令牌为空，不放行
2026-07-03 10:17:56.293 [http-nio-8080-exec-2] INFO  com.example.interceptor.TokenInterceptor-令牌为空，不放行
2026-07-03 10:17:56.309 [http-nio-8080-exec-3] INFO  com.example.interceptor.TokenInterceptor-令牌为空，不放行
2026-07-03 10:17:56.322 [http-nio-8080-exec-4] INFO  com.example.interceptor.TokenInterceptor-令牌为空，不放行
2026-07-03 10:17:56.336 [http-nio-8080-exec-5] INFO  com.example.interceptor.TokenInterceptor-令牌为空，不放行
2026-07-03 10:17:56.349 [http-nio-8080-exec-7] INFO  com.example.interceptor.TokenInterceptor-令牌为空，不放行
2026-07-03 10:17:56.363 [http-nio-8080-exec-8] INFO  com.example.interceptor.TokenInterceptor-令牌为空，不放行
2026-07-03 10:17:56.378 [http-nio-8080-exec-6] INFO  com.example.interceptor.TokenInterceptor-令牌为空，不放行
2026-07-03 10:17:56.390 [http-nio-8080-exec-9] INFO  com.example.interceptor.TokenInterceptor-令牌为空，不放行
2026-07-03 10:17:56.403 [http-nio-8080-exec-10] INFO  com.example.interceptor.TokenInterceptor-令牌为空，不放行
2026-07-03 10:17:56.408 [http-nio-8080-exec-1] INFO  com.example.interceptor.TokenInterceptor-令牌为空，不放行
2026-07-03 10:17:56.420 [http-nio-8080-exec-2] INFO  com.example.interceptor.TokenInterceptor-令牌为空，不放行
2026-07-03 10:17:56.435 [http-nio-8080-exec-3] INFO  com.example.interceptor.TokenInterceptor-令牌为空，不放行
2026-07-03 10:17:56.449 [http-nio-8080-exec-4] INFO  com.example.interceptor.TokenInterceptor-令牌为空，不放行
2026-07-03 10:17:56.452 [http-nio-8080-exec-5] INFO  com.example.interceptor.TokenInterceptor-令牌为空，不放行
2026-07-03 10:17:56.468 [http-nio-8080-exec-7] INFO  com.example.interceptor.TokenInterceptor-令牌为空，不放行
2026-07-03 10:17:56.482 [http-nio-8080-exec-8] INFO  com.example.interceptor.TokenInterceptor-令牌为空，不放行
2026-07-03 10:17:56.495 [http-nio-8080-exec-6] INFO  com.example.interceptor.TokenInterceptor-令牌为空，不放行
2026-07-03 10:17:56.500 [http-nio-8080-exec-9] INFO  com.example.interceptor.TokenInterceptor-令牌为空，不放行
2026-07-03 10:17:56.514 [http-nio-8080-exec-10] INFO  com.example.interceptor.TokenInterceptor-令牌为空，不放行
2026-07-03 10:17:56.519 [http-nio-8080-exec-1] INFO  com.example.interceptor.TokenInterceptor-令牌为空，不放行
2026-07-03 10:17:56.533 [http-nio-8080-exec-2] INFO  com.example.interceptor.TokenInterceptor-令牌为空，不放行
2026-07-03 10:17:56.538 [http-nio-8080-exec-3] INFO  com.example.interceptor.TokenInterceptor-令牌为空，不放行
2026-07-03 10:17:56.553 [http-nio-8080-exec-4] INFO  com.example.interceptor.TokenInterceptor-令牌为空，不放行
2026-07-03 10:17:56.567 [http-nio-8080-exec-5] INFO  com.example.interceptor.TokenInterceptor-令牌为空，不放行
2026-07-03 10:17:56.581 [http-nio-8080-exec-7] INFO  com.example.interceptor.TokenInterceptor-令牌为空，不放行
2026-07-03 10:17:56.585 [http-nio-8080-exec-8] INFO  com.example.interceptor.TokenInterceptor-令牌为空，不放行
2026-07-03 10:17:56.600 [http-nio-8080-exec-6] INFO  com.example.interceptor.TokenInterceptor-令牌为空，不放行
2026-07-03 10:17:56.615 [http-nio-8080-exec-9] INFO  com.example.interceptor.TokenInterceptor-令牌为空，不放行
2026-07-03 10:17:56.630 [http-nio-8080-exec-10] INFO  com.example.interceptor.TokenInterceptor-令牌为空，不放行
2026-07-03 10:17:56.645 [http-nio-8080-exec-1] INFO  com.example.interceptor.TokenInterceptor-令牌为空，不放行
2026-07-03 10:17:56.662 [http-nio-8080-exec-2] INFO  com.example.interceptor.TokenInterceptor-令牌为空，不放行
2026-07-03 10:17:56.667 [http-nio-8080-exec-3] INFO  com.example.interceptor.TokenInterceptor-令牌为空，不放行
2026-07-03 10:17:56.684 [http-nio-8080-exec-4] INFO  com.example.interceptor.TokenInterceptor-令牌为空，不放行
2026-07-03 10:17:56.704 [http-nio-8080-exec-5] INFO  com.example.interceptor.TokenInterceptor-令牌为空，不放行
2026-07-03 10:17:56.723 [http-nio-8080-exec-7] INFO  com.example.interceptor.TokenInterceptor-令牌为空，不放行
2026-07-03 10:17:56.729 [http-nio-8080-exec-8] INFO  com.example.interceptor.TokenInterceptor-令牌为空，不放行
2026-07-03 10:17:56.745 [http-nio-8080-exec-6] INFO  com.example.interceptor.TokenInterceptor-令牌为空，不放行
2026-07-03 10:17:56.751 [http-nio-8080-exec-9] INFO  com.example.interceptor.TokenInterceptor-令牌为空，不放行
2026-07-03 10:17:56.766 [http-nio-8080-exec-10] INFO  com.example.interceptor.TokenInterceptor-令牌为空，不放行
2026-07-03 10:17:56.770 [http-nio-8080-exec-1] INFO  com.example.interceptor.TokenInterceptor-令牌为空，不放行
2026-07-03 10:17:56.787 [http-nio-8080-exec-2] INFO  com.example.interceptor.TokenInterceptor-令牌为空，不放行
2026-07-03 10:17:56.801 [http-nio-8080-exec-3] INFO  com.example.interceptor.TokenInterceptor-令牌为空，不放行
2026-07-03 10:17:56.814 [http-nio-8080-exec-4] INFO  com.example.interceptor.TokenInterceptor-令牌为空，不放行
2026-07-03 10:17:56.817 [http-nio-8080-exec-5] INFO  com.example.interceptor.TokenInterceptor-令牌为空，不放行
2026-07-03 10:17:56.830 [http-nio-8080-exec-7] INFO  com.example.interceptor.TokenInterceptor-令牌为空，不放行
2026-07-03 10:17:56.843 [http-nio-8080-exec-8] INFO  com.example.interceptor.TokenInterceptor-令牌为空，不放行
2026-07-03 10:17:56.855 [http-nio-8080-exec-6] INFO  com.example.interceptor.TokenInterceptor-令牌为空，不放行
2026-07-03 10:17:56.862 [http-nio-8080-exec-9] INFO  com.example.interceptor.TokenInterceptor-令牌为空，不放行
2026-07-03 10:17:56.876 [http-nio-8080-exec-10] INFO  com.example.interceptor.TokenInterceptor-令牌为空，不放行
2026-07-03 10:17:56.889 [http-nio-8080-exec-1] INFO  com.example.interceptor.TokenInterceptor-令牌为空，不放行
2026-07-03 10:17:56.901 [http-nio-8080-exec-2] INFO  com.example.interceptor.TokenInterceptor-令牌为空，不放行
2026-07-03 10:17:56.915 [http-nio-8080-exec-3] INFO  com.example.interceptor.TokenInterceptor-令牌为空，不放行
2026-07-03 10:17:56.921 [http-nio-8080-exec-4] INFO  com.example.interceptor.TokenInterceptor-令牌为空，不放行
2026-07-03 10:17:56.936 [http-nio-8080-exec-5] INFO  com.example.interceptor.TokenInterceptor-令牌为空，不放行
2026-07-03 10:17:56.962 [http-nio-8080-exec-7] INFO  com.example.interceptor.TokenInterceptor-令牌为空，不放行
2026-07-03 10:17:56.978 [http-nio-8080-exec-8] INFO  com.example.interceptor.TokenInterceptor-令牌为空，不放行
2026-07-03 10:17:56.984 [http-nio-8080-exec-6] INFO  com.example.interceptor.TokenInterceptor-令牌为空，不放行
2026-07-03 10:17:57.004 [http-nio-8080-exec-9] INFO  com.example.interceptor.TokenInterceptor-令牌为空，不放行
2026-07-03 10:17:57.024 [http-nio-8080-exec-10] INFO  com.example.interceptor.TokenInterceptor-令牌为空，不放行
2026-07-03 10:17:57.060 [http-nio-8080-exec-1] INFO  com.example.interceptor.TokenInterceptor-令牌为空，不放行
2026-07-03 10:17:57.077 [http-nio-8080-exec-2] INFO  com.example.interceptor.TokenInterceptor-令牌为空，不放行
2026-07-03 10:17:57.083 [http-nio-8080-exec-3] INFO  com.example.interceptor.TokenInterceptor-令牌为空，不放行
2026-07-03 10:17:57.100 [http-nio-8080-exec-4] INFO  com.example.interceptor.TokenInterceptor-令牌为空，不放行
2026-07-03 10:17:57.118 [http-nio-8080-exec-5] INFO  com.example.interceptor.TokenInterceptor-令牌为空，不放行
2026-07-03 10:17:57.134 [http-nio-8080-exec-7] INFO  com.example.interceptor.TokenInterceptor-令牌为空，不放行
2026-07-03 10:17:57.141 [http-nio-8080-exec-8] INFO  com.example.interceptor.TokenInterceptor-令牌为空，不放行
2026-07-03 10:17:57.160 [http-nio-8080-exec-6] INFO  com.example.interceptor.TokenInterceptor-令牌为空，不放行
2026-07-03 10:17:57.171 [http-nio-8080-exec-9] INFO  com.example.interceptor.TokenInterceptor-令牌为空，不放行
2026-07-03 10:17:57.189 [http-nio-8080-exec-10] INFO  com.example.interceptor.TokenInterceptor-令牌为空，不放行
2026-07-03 10:17:57.200 [http-nio-8080-exec-1] INFO  com.example.interceptor.TokenInterceptor-令牌为空，不放行
2026-07-03 10:17:57.218 [http-nio-8080-exec-2] INFO  com.example.interceptor.TokenInterceptor-令牌为空，不放行
2026-07-03 10:17:57.240 [http-nio-8080-exec-3] INFO  com.example.interceptor.TokenInterceptor-令牌为空，不放行
2026-07-03 10:17:57.263 [http-nio-8080-exec-4] INFO  com.example.interceptor.TokenInterceptor-令牌为空，不放行
2026-07-03 10:17:57.285 [http-nio-8080-exec-5] INFO  com.example.interceptor.TokenInterceptor-令牌为空，不放行
2026-07-03 10:17:57.291 [http-nio-8080-exec-7] INFO  com.example.interceptor.TokenInterceptor-令牌为空，不放行
2026-07-03 10:17:57.314 [http-nio-8080-exec-8] INFO  com.example.interceptor.TokenInterceptor-令牌为空，不放行
2026-07-03 10:17:57.337 [http-nio-8080-exec-6] INFO  com.example.interceptor.TokenInterceptor-令牌为空，不放行
2026-07-03 10:17:57.353 [http-nio-8080-exec-9] INFO  com.example.interceptor.TokenInterceptor-令牌为空，不放行
2026-07-03 10:17:57.370 [http-nio-8080-exec-10] INFO  com.example.interceptor.TokenInterceptor-令牌为空，不放行
2026-07-03 10:17:57.377 [http-nio-8080-exec-1] INFO  com.example.interceptor.TokenInterceptor-令牌为空，不放行
2026-07-03 10:17:57.394 [http-nio-8080-exec-2] INFO  com.example.interceptor.TokenInterceptor-令牌为空，不放行
2026-07-03 10:17:57.408 [http-nio-8080-exec-3] INFO  com.example.interceptor.TokenInterceptor-令牌为空，不放行
2026-07-03 10:17:57.434 [http-nio-8080-exec-4] INFO  com.example.interceptor.TokenInterceptor-令牌为空，不放行
2026-07-03 10:17:57.451 [http-nio-8080-exec-5] INFO  com.example.interceptor.TokenInterceptor-令牌为空，不放行
2026-07-03 10:17:57.471 [http-nio-8080-exec-7] INFO  com.example.interceptor.TokenInterceptor-令牌为空，不放行
2026-07-03 10:17:57.479 [http-nio-8080-exec-8] INFO  com.example.interceptor.TokenInterceptor-令牌为空，不放行
2026-07-03 10:17:57.501 [http-nio-8080-exec-6] INFO  com.example.interceptor.TokenInterceptor-令牌为空，不放行
2026-07-03 10:17:57.520 [http-nio-8080-exec-9] INFO  com.example.interceptor.TokenInterceptor-令牌为空，不放行
2026-07-03 10:17:57.540 [http-nio-8080-exec-10] INFO  com.example.interceptor.TokenInterceptor-令牌为空，不放行
2026-07-03 10:17:57.560 [http-nio-8080-exec-1] INFO  com.example.interceptor.TokenInterceptor-令牌为空，不放行
2026-07-03 10:17:57.578 [http-nio-8080-exec-2] INFO  com.example.interceptor.TokenInterceptor-令牌为空，不放行
2026-07-03 10:17:57.584 [http-nio-8080-exec-3] INFO  com.example.interceptor.TokenInterceptor-令牌为空，不放行
2026-07-03 10:17:57.606 [http-nio-8080-exec-4] INFO  com.example.interceptor.TokenInterceptor-令牌为空，不放行
2026-07-03 10:17:57.625 [http-nio-8080-exec-5] INFO  com.example.interceptor.TokenInterceptor-令牌为空，不放行
2026-07-03 10:17:57.644 [http-nio-8080-exec-7] INFO  com.example.interceptor.TokenInterceptor-令牌为空，不放行
2026-07-03 10:17:57.667 [http-nio-8080-exec-8] INFO  com.example.interceptor.TokenInterceptor-令牌为空，不放行
2026-07-03 10:17:57.690 [http-nio-8080-exec-6] INFO  com.example.interceptor.TokenInterceptor-令牌为空，不放行
2026-07-03 10:17:57.709 [http-nio-8080-exec-9] INFO  com.example.interceptor.TokenInterceptor-令牌为空，不放行
2026-07-03 10:17:57.728 [http-nio-8080-exec-10] INFO  com.example.interceptor.TokenInterceptor-令牌为空，不放行
2026-07-03 10:17:57.748 [http-nio-8080-exec-1] INFO  com.example.interceptor.TokenInterceptor-令牌为空，不放行
2026-07-03 10:17:57.755 [http-nio-8080-exec-2] INFO  com.example.interceptor.TokenInterceptor-令牌为空，不放行
2026-07-03 10:17:57.773 [http-nio-8080-exec-3] INFO  com.example.interceptor.TokenInterceptor-令牌为空，不放行
2026-07-03 10:17:57.796 [http-nio-8080-exec-4] INFO  com.example.interceptor.TokenInterceptor-令牌为空，不放行
2026-07-03 10:17:57.819 [http-nio-8080-exec-5] INFO  com.example.interceptor.TokenInterceptor-令牌为空，不放行
2026-07-03 10:17:57.826 [http-nio-8080-exec-7] INFO  com.example.interceptor.TokenInterceptor-令牌为空，不放行
2026-07-03 10:17:57.849 [http-nio-8080-exec-8] INFO  com.example.interceptor.TokenInterceptor-令牌为空，不放行
2026-07-03 10:17:57.869 [http-nio-8080-exec-6] INFO  com.example.interceptor.TokenInterceptor-令牌为空，不放行
2026-07-03 10:17:57.890 [http-nio-8080-exec-9] INFO  com.example.interceptor.TokenInterceptor-令牌为空，不放行
2026-07-03 10:17:57.898 [http-nio-8080-exec-10] INFO  com.example.interceptor.TokenInterceptor-令牌为空，不放行
2026-07-03 10:17:57.919 [http-nio-8080-exec-1] INFO  com.example.interceptor.TokenInterceptor-令牌为空，不放行
2026-07-03 10:17:57.955 [http-nio-8080-exec-2] INFO  com.example.interceptor.TokenInterceptor-令牌为空，不放行
2026-07-03 10:17:57.991 [http-nio-8080-exec-3] INFO  com.example.interceptor.TokenInterceptor-令牌为空，不放行
2026-07-03 10:17:58.000 [http-nio-8080-exec-4] INFO  com.example.interceptor.TokenInterceptor-令牌为空，不放行
2026-07-03 10:17:58.021 [http-nio-8080-exec-5] INFO  com.example.interceptor.TokenInterceptor-令牌为空，不放行
2026-07-03 10:17:58.029 [http-nio-8080-exec-7] INFO  com.example.interceptor.TokenInterceptor-令牌为空，不放行
2026-07-03 10:17:58.051 [http-nio-8080-exec-8] INFO  com.example.interceptor.TokenInterceptor-令牌为空，不放行
2026-07-03 10:17:58.060 [http-nio-8080-exec-6] INFO  com.example.interceptor.TokenInterceptor-令牌为空，不放行
2026-07-03 10:17:58.083 [http-nio-8080-exec-9] INFO  com.example.interceptor.TokenInterceptor-令牌为空，不放行
2026-07-03 10:17:58.105 [http-nio-8080-exec-10] INFO  com.example.interceptor.TokenInterceptor-令牌为空，不放行
2026-07-03 10:17:58.130 [http-nio-8080-exec-1] INFO  com.example.interceptor.TokenInterceptor-令牌为空，不放行
2026-07-03 10:17:58.154 [http-nio-8080-exec-2] INFO  com.example.interceptor.TokenInterceptor-令牌为空，不放行
2026-07-03 10:17:58.176 [http-nio-8080-exec-3] INFO  com.example.interceptor.TokenInterceptor-令牌为空，不放行
2026-07-03 10:17:58.197 [http-nio-8080-exec-4] INFO  com.example.interceptor.TokenInterceptor-令牌为空，不放行
2026-07-03 10:17:58.220 [http-nio-8080-exec-5] INFO  com.example.interceptor.TokenInterceptor-令牌为空，不放行
2026-07-03 10:17:58.244 [http-nio-8080-exec-7] INFO  com.example.interceptor.TokenInterceptor-令牌为空，不放行
2026-07-03 10:17:58.268 [http-nio-8080-exec-8] INFO  com.example.interceptor.TokenInterceptor-令牌为空，不放行
2026-07-03 10:17:58.290 [http-nio-8080-exec-6] INFO  com.example.interceptor.TokenInterceptor-令牌为空，不放行
2026-07-03 10:17:58.312 [http-nio-8080-exec-9] INFO  com.example.interceptor.TokenInterceptor-令牌为空，不放行
2026-07-03 10:17:58.321 [http-nio-8080-exec-10] INFO  com.example.interceptor.TokenInterceptor-令牌为空，不放行
2026-07-03 10:17:58.344 [http-nio-8080-exec-1] INFO  com.example.interceptor.TokenInterceptor-令牌为空，不放行
2026-07-03 10:17:58.368 [http-nio-8080-exec-2] INFO  com.example.interceptor.TokenInterceptor-令牌为空，不放行
2026-07-03 10:17:58.400 [http-nio-8080-exec-3] INFO  com.example.interceptor.TokenInterceptor-令牌为空，不放行
2026-07-03 10:17:58.408 [http-nio-8080-exec-4] INFO  com.example.interceptor.TokenInterceptor-令牌为空，不放行
2026-07-03 10:17:58.435 [http-nio-8080-exec-5] INFO  com.example.interceptor.TokenInterceptor-令牌为空，不放行
2026-07-03 10:17:58.458 [http-nio-8080-exec-7] INFO  com.example.interceptor.TokenInterceptor-令牌为空，不放行
2026-07-03 10:17:58.484 [http-nio-8080-exec-8] INFO  com.example.interceptor.TokenInterceptor-令牌为空，不放行
2026-07-03 10:17:58.507 [http-nio-8080-exec-6] INFO  com.example.interceptor.TokenInterceptor-令牌为空，不放行
2026-07-03 10:17:58.517 [http-nio-8080-exec-9] INFO  com.example.interceptor.TokenInterceptor-令牌为空，不放行
2026-07-03 10:17:58.560 [http-nio-8080-exec-10] INFO  com.example.interceptor.TokenInterceptor-令牌为空，不放行
2026-07-03 10:17:58.582 [http-nio-8080-exec-1] INFO  com.example.interceptor.TokenInterceptor-令牌为空，不放行
2026-07-03 10:17:58.626 [http-nio-8080-exec-2] INFO  com.example.interceptor.TokenInterceptor-令牌为空，不放行
2026-07-03 10:17:58.656 [http-nio-8080-exec-3] INFO  com.example.interceptor.TokenInterceptor-令牌为空，不放行
2026-07-03 10:17:58.724 [http-nio-8080-exec-4] INFO  com.example.interceptor.TokenInterceptor-令牌为空，不放行
2026-07-03 10:17:58.849 [http-nio-8080-exec-5] INFO  com.example.interceptor.TokenInterceptor-令牌为空，不放行
2026-07-03 10:17:59.096 [http-nio-8080-exec-7] INFO  com.example.interceptor.TokenInterceptor-令牌为空，不放行
2026-07-03 10:17:59.125 [http-nio-8080-exec-8] INFO  com.example.interceptor.TokenInterceptor-令牌为空，不放行
2026-07-03 10:17:59.629 [http-nio-8080-exec-6] INFO  com.example.interceptor.TokenInterceptor-令牌为空，不放行
2026-07-03 10:17:59.881 [http-nio-8080-exec-9] INFO  com.example.interceptor.TokenInterceptor-令牌为空，不放行
2026-07-03 10:18:00.300 [http-nio-8080-exec-10] INFO  com.example.interceptor.TokenInterceptor-令牌为空，不放行
2026-07-03 10:18:00.310 [http-nio-8080-exec-1] INFO  com.example.interceptor.TokenInterceptor-令牌为空，不放行
2026-07-03 10:18:00.596 [http-nio-8080-exec-2] INFO  com.example.interceptor.TokenInterceptor-令牌为空，不放行
2026-07-03 10:18:00.783 [http-nio-8080-exec-3] INFO  com.example.interceptor.TokenInterceptor-令牌为空，不放行
2026-07-03 10:18:01.021 [http-nio-8080-exec-4] INFO  com.example.interceptor.TokenInterceptor-令牌为空，不放行
2026-07-03 10:18:01.205 [http-nio-8080-exec-5] INFO  com.example.interceptor.TokenInterceptor-令牌为空，不放行
2026-07-03 10:18:01.245 [http-nio-8080-exec-7] INFO  com.example.interceptor.TokenInterceptor-令牌为空，不放行
2026-07-03 10:18:01.346 [http-nio-8080-exec-8] INFO  com.example.interceptor.TokenInterceptor-令牌为空，不放行
2026-07-03 10:18:01.402 [http-nio-8080-exec-6] INFO  com.example.interceptor.TokenInterceptor-令牌为空，不放行
2026-07-03 10:18:01.407 [http-nio-8080-exec-9] INFO  com.example.interceptor.TokenInterceptor-令牌为空，不放行
2026-07-03 10:18:01.435 [http-nio-8080-exec-10] INFO  com.example.interceptor.TokenInterceptor-令牌为空，不放行
2026-07-03 10:18:01.452 [http-nio-8080-exec-1] INFO  com.example.interceptor.TokenInterceptor-令牌为空，不放行
2026-07-03 10:18:01.467 [http-nio-8080-exec-2] INFO  com.example.interceptor.TokenInterceptor-令牌为空，不放行
2026-07-03 10:18:01.479 [http-nio-8080-exec-3] INFO  com.example.interceptor.TokenInterceptor-令牌为空，不放行
2026-07-03 10:18:01.499 [http-nio-8080-exec-4] INFO  com.example.interceptor.TokenInterceptor-令牌为空，不放行
2026-07-03 10:18:01.516 [http-nio-8080-exec-5] INFO  com.example.interceptor.TokenInterceptor-令牌为空，不放行
2026-07-03 10:18:01.539 [http-nio-8080-exec-7] INFO  com.example.interceptor.TokenInterceptor-令牌为空，不放行
2026-07-03 10:18:01.544 [http-nio-8080-exec-8] INFO  com.example.interceptor.TokenInterceptor-令牌为空，不放行
2026-07-03 10:18:01.564 [http-nio-8080-exec-6] INFO  com.example.interceptor.TokenInterceptor-令牌为空，不放行
2026-07-03 10:18:01.585 [http-nio-8080-exec-9] INFO  com.example.interceptor.TokenInterceptor-令牌为空，不放行
2026-07-03 10:18:01.605 [http-nio-8080-exec-10] INFO  com.example.interceptor.TokenInterceptor-令牌为空，不放行
2026-07-03 10:18:01.619 [http-nio-8080-exec-1] INFO  com.example.interceptor.TokenInterceptor-令牌为空，不放行
2026-07-03 10:18:01.634 [http-nio-8080-exec-2] INFO  com.example.interceptor.TokenInterceptor-令牌为空，不放行
2026-07-03 10:18:01.659 [http-nio-8080-exec-3] INFO  com.example.interceptor.TokenInterceptor-令牌为空，不放行
2026-07-03 10:18:01.664 [http-nio-8080-exec-4] INFO  com.example.interceptor.TokenInterceptor-令牌为空，不放行
2026-07-03 10:18:01.682 [http-nio-8080-exec-5] INFO  com.example.interceptor.TokenInterceptor-令牌为空，不放行
2026-07-03 10:18:01.696 [http-nio-8080-exec-7] INFO  com.example.interceptor.TokenInterceptor-令牌为空，不放行
2026-07-03 10:18:01.708 [http-nio-8080-exec-8] INFO  com.example.interceptor.TokenInterceptor-令牌为空，不放行
2026-07-03 10:18:01.721 [http-nio-8080-exec-6] INFO  com.example.interceptor.TokenInterceptor-令牌为空，不放行
2026-07-03 10:18:01.724 [http-nio-8080-exec-9] INFO  com.example.interceptor.TokenInterceptor-令牌为空，不放行
2026-07-03 10:18:01.739 [http-nio-8080-exec-10] INFO  com.example.interceptor.TokenInterceptor-令牌为空，不放行
2026-07-03 10:18:01.752 [http-nio-8080-exec-1] INFO  com.example.interceptor.TokenInterceptor-令牌为空，不放行
2026-07-03 10:18:01.765 [http-nio-8080-exec-2] INFO  com.example.interceptor.TokenInterceptor-令牌为空，不放行
2026-07-03 10:18:01.776 [http-nio-8080-exec-3] INFO  com.example.interceptor.TokenInterceptor-令牌为空，不放行
2026-07-03 10:18:01.788 [http-nio-8080-exec-4] INFO  com.example.interceptor.TokenInterceptor-令牌为空，不放行
2026-07-03 10:18:01.799 [http-nio-8080-exec-5] INFO  com.example.interceptor.TokenInterceptor-令牌为空，不放行
2026-07-03 10:18:01.809 [http-nio-8080-exec-7] INFO  com.example.interceptor.TokenInterceptor-令牌为空，不放行
2026-07-03 10:18:01.819 [http-nio-8080-exec-8] INFO  com.example.interceptor.TokenInterceptor-令牌为空，不放行
2026-07-03 10:18:01.830 [http-nio-8080-exec-6] INFO  com.example.interceptor.TokenInterceptor-令牌为空，不放行
2026-07-03 10:18:01.833 [http-nio-8080-exec-9] INFO  com.example.interceptor.TokenInterceptor-令牌为空，不放行
2026-07-03 10:18:01.845 [http-nio-8080-exec-10] INFO  com.example.interceptor.TokenInterceptor-令牌为空，不放行
2026-07-03 10:18:01.855 [http-nio-8080-exec-1] INFO  com.example.interceptor.TokenInterceptor-令牌为空，不放行
2026-07-03 10:18:01.871 [http-nio-8080-exec-2] INFO  com.example.interceptor.TokenInterceptor-令牌为空，不放行
2026-07-03 10:18:01.875 [http-nio-8080-exec-3] INFO  com.example.interceptor.TokenInterceptor-令牌为空，不放行
2026-07-03 10:18:01.886 [http-nio-8080-exec-4] INFO  com.example.interceptor.TokenInterceptor-令牌为空，不放行
2026-07-03 10:18:01.896 [http-nio-8080-exec-5] INFO  com.example.interceptor.TokenInterceptor-令牌为空，不放行
2026-07-03 10:18:01.905 [http-nio-8080-exec-7] INFO  com.example.interceptor.TokenInterceptor-令牌为空，不放行
2026-07-03 10:18:01.915 [http-nio-8080-exec-8] INFO  com.example.interceptor.TokenInterceptor-令牌为空，不放行
2026-07-03 10:18:01.919 [http-nio-8080-exec-6] INFO  com.example.interceptor.TokenInterceptor-令牌为空，不放行
2026-07-03 10:18:01.930 [http-nio-8080-exec-9] INFO  com.example.interceptor.TokenInterceptor-令牌为空，不放行
2026-07-03 10:18:01.935 [http-nio-8080-exec-10] INFO  com.example.interceptor.TokenInterceptor-令牌为空，不放行
2026-07-03 10:18:01.944 [http-nio-8080-exec-1] INFO  com.example.interceptor.TokenInterceptor-令牌为空，不放行
2026-07-03 10:18:01.954 [http-nio-8080-exec-2] INFO  com.example.interceptor.TokenInterceptor-令牌为空，不放行
2026-07-03 10:18:01.964 [http-nio-8080-exec-3] INFO  com.example.interceptor.TokenInterceptor-令牌为空，不放行
2026-07-03 10:18:01.968 [http-nio-8080-exec-4] INFO  com.example.interceptor.TokenInterceptor-令牌为空，不放行
2026-07-03 10:18:01.980 [http-nio-8080-exec-5] INFO  com.example.interceptor.TokenInterceptor-令牌为空，不放行
2026-07-03 10:18:01.984 [http-nio-8080-exec-7] INFO  com.example.interceptor.TokenInterceptor-令牌为空，不放行
2026-07-03 10:18:01.996 [http-nio-8080-exec-8] INFO  com.example.interceptor.TokenInterceptor-令牌为空，不放行
2026-07-03 10:18:02.000 [http-nio-8080-exec-6] INFO  com.example.interceptor.TokenInterceptor-令牌为空，不放行
2026-07-03 10:18:02.010 [http-nio-8080-exec-9] INFO  com.example.interceptor.TokenInterceptor-令牌为空，不放行
2026-07-03 10:18:02.014 [http-nio-8080-exec-10] INFO  com.example.interceptor.TokenInterceptor-令牌为空，不放行
2026-07-03 10:18:02.025 [http-nio-8080-exec-1] INFO  com.example.interceptor.TokenInterceptor-令牌为空，不放行
2026-07-03 10:18:02.029 [http-nio-8080-exec-2] INFO  com.example.interceptor.TokenInterceptor-令牌为空，不放行
2026-07-03 10:18:02.040 [http-nio-8080-exec-3] INFO  com.example.interceptor.TokenInterceptor-令牌为空，不放行
2026-07-03 10:18:02.044 [http-nio-8080-exec-4] INFO  com.example.interceptor.TokenInterceptor-令牌为空，不放行
2026-07-03 10:18:02.055 [http-nio-8080-exec-5] INFO  com.example.interceptor.TokenInterceptor-令牌为空，不放行
2026-07-03 10:18:02.059 [http-nio-8080-exec-7] INFO  com.example.interceptor.TokenInterceptor-令牌为空，不放行
2026-07-03 10:18:02.071 [http-nio-8080-exec-8] INFO  com.example.interceptor.TokenInterceptor-令牌为空，不放行
2026-07-03 10:18:02.081 [http-nio-8080-exec-6] INFO  com.example.interceptor.TokenInterceptor-令牌为空，不放行
2026-07-03 10:18:02.093 [http-nio-8080-exec-9] INFO  com.example.interceptor.TokenInterceptor-令牌为空，不放行
2026-07-03 10:18:02.097 [http-nio-8080-exec-10] INFO  com.example.interceptor.TokenInterceptor-令牌为空，不放行
2026-07-03 10:18:02.116 [http-nio-8080-exec-1] INFO  com.example.interceptor.TokenInterceptor-令牌为空，不放行
2026-07-03 10:18:02.127 [http-nio-8080-exec-2] INFO  com.example.interceptor.TokenInterceptor-令牌为空，不放行
2026-07-03 10:18:02.141 [http-nio-8080-exec-3] INFO  com.example.interceptor.TokenInterceptor-令牌为空，不放行
2026-07-03 10:18:02.145 [http-nio-8080-exec-4] INFO  com.example.interceptor.TokenInterceptor-令牌为空，不放行
2026-07-03 10:18:02.159 [http-nio-8080-exec-5] INFO  com.example.interceptor.TokenInterceptor-令牌为空，不放行
2026-07-03 10:18:02.170 [http-nio-8080-exec-7] INFO  com.example.interceptor.TokenInterceptor-令牌为空，不放行
2026-07-03 10:18:02.182 [http-nio-8080-exec-8] INFO  com.example.interceptor.TokenInterceptor-令牌为空，不放行
2026-07-03 10:18:02.185 [http-nio-8080-exec-6] INFO  com.example.interceptor.TokenInterceptor-令牌为空，不放行
2026-07-03 10:18:02.198 [http-nio-8080-exec-9] INFO  com.example.interceptor.TokenInterceptor-令牌为空，不放行
2026-07-03 10:18:02.202 [http-nio-8080-exec-10] INFO  com.example.interceptor.TokenInterceptor-令牌为空，不放行
2026-07-03 10:18:02.214 [http-nio-8080-exec-1] INFO  com.example.interceptor.TokenInterceptor-令牌为空，不放行
2026-07-03 10:18:02.219 [http-nio-8080-exec-2] INFO  com.example.interceptor.TokenInterceptor-令牌为空，不放行
2026-07-03 10:18:02.237 [http-nio-8080-exec-3] INFO  com.example.interceptor.TokenInterceptor-令牌为空，不放行
2026-07-03 10:18:02.254 [http-nio-8080-exec-4] INFO  com.example.interceptor.TokenInterceptor-令牌为空，不放行
2026-07-03 10:18:02.269 [http-nio-8080-exec-5] INFO  com.example.interceptor.TokenInterceptor-令牌为空，不放行
2026-07-03 10:18:02.285 [http-nio-8080-exec-7] INFO  com.example.interceptor.TokenInterceptor-令牌为空，不放行
2026-07-03 10:18:02.296 [http-nio-8080-exec-8] INFO  com.example.interceptor.TokenInterceptor-令牌为空，不放行
2026-07-03 10:18:02.309 [http-nio-8080-exec-6] INFO  com.example.interceptor.TokenInterceptor-令牌为空，不放行
2026-07-03 10:18:02.312 [http-nio-8080-exec-9] INFO  com.example.interceptor.TokenInterceptor-令牌为空，不放行
2026-07-03 10:18:02.325 [http-nio-8080-exec-10] INFO  com.example.interceptor.TokenInterceptor-令牌为空，不放行
2026-07-03 10:18:02.337 [http-nio-8080-exec-1] INFO  com.example.interceptor.TokenInterceptor-令牌为空，不放行
2026-07-03 10:18:02.349 [http-nio-8080-exec-2] INFO  com.example.interceptor.TokenInterceptor-令牌为空，不放行
2026-07-03 10:18:02.354 [http-nio-8080-exec-3] INFO  com.example.interceptor.TokenInterceptor-令牌为空，不放行
2026-07-03 10:18:02.367 [http-nio-8080-exec-4] INFO  com.example.interceptor.TokenInterceptor-令牌为空，不放行
2026-07-03 10:18:02.380 [http-nio-8080-exec-5] INFO  com.example.interceptor.TokenInterceptor-令牌为空，不放行
2026-07-03 10:18:02.393 [http-nio-8080-exec-7] INFO  com.example.interceptor.TokenInterceptor-令牌为空，不放行
2026-07-03 10:18:02.397 [http-nio-8080-exec-8] INFO  com.example.interceptor.TokenInterceptor-令牌为空，不放行
2026-07-03 10:18:02.410 [http-nio-8080-exec-6] INFO  com.example.interceptor.TokenInterceptor-令牌为空，不放行
2026-07-03 10:18:02.414 [http-nio-8080-exec-9] INFO  com.example.interceptor.TokenInterceptor-令牌为空，不放行
2026-07-03 10:18:02.429 [http-nio-8080-exec-10] INFO  com.example.interceptor.TokenInterceptor-令牌为空，不放行
2026-07-03 10:18:02.434 [http-nio-8080-exec-1] INFO  com.example.interceptor.TokenInterceptor-令牌为空，不放行
2026-07-03 10:18:02.449 [http-nio-8080-exec-2] INFO  com.example.interceptor.TokenInterceptor-令牌为空，不放行
2026-07-03 10:18:02.462 [http-nio-8080-exec-3] INFO  com.example.interceptor.TokenInterceptor-令牌为空，不放行
2026-07-03 10:18:02.475 [http-nio-8080-exec-4] INFO  com.example.interceptor.TokenInterceptor-令牌为空，不放行
2026-07-03 10:18:02.480 [http-nio-8080-exec-5] INFO  com.example.interceptor.TokenInterceptor-令牌为空，不放行
2026-07-03 10:18:02.494 [http-nio-8080-exec-7] INFO  com.example.interceptor.TokenInterceptor-令牌为空，不放行
2026-07-03 10:18:02.507 [http-nio-8080-exec-8] INFO  com.example.interceptor.TokenInterceptor-令牌为空，不放行
2026-07-03 10:18:02.521 [http-nio-8080-exec-6] INFO  com.example.interceptor.TokenInterceptor-令牌为空，不放行
2026-07-03 10:18:02.525 [http-nio-8080-exec-9] INFO  com.example.interceptor.TokenInterceptor-令牌为空，不放行
2026-07-03 10:18:02.540 [http-nio-8080-exec-10] INFO  com.example.interceptor.TokenInterceptor-令牌为空，不放行
2026-07-03 10:18:02.555 [http-nio-8080-exec-1] INFO  com.example.interceptor.TokenInterceptor-令牌为空，不放行
2026-07-03 10:18:02.568 [http-nio-8080-exec-2] INFO  com.example.interceptor.TokenInterceptor-令牌为空，不放行
2026-07-03 10:18:02.572 [http-nio-8080-exec-3] INFO  com.example.interceptor.TokenInterceptor-令牌为空，不放行
2026-07-03 10:18:02.588 [http-nio-8080-exec-4] INFO  com.example.interceptor.TokenInterceptor-令牌为空，不放行
2026-07-03 10:18:02.592 [http-nio-8080-exec-5] INFO  com.example.interceptor.TokenInterceptor-令牌为空，不放行
2026-07-03 10:18:02.604 [http-nio-8080-exec-7] INFO  com.example.interceptor.TokenInterceptor-令牌为空，不放行
2026-07-03 10:18:02.608 [http-nio-8080-exec-8] INFO  com.example.interceptor.TokenInterceptor-令牌为空，不放行
2026-07-03 10:18:02.622 [http-nio-8080-exec-6] INFO  com.example.interceptor.TokenInterceptor-令牌为空，不放行
2026-07-03 10:18:02.634 [http-nio-8080-exec-9] INFO  com.example.interceptor.TokenInterceptor-令牌为空，不放行
2026-07-03 10:18:02.655 [http-nio-8080-exec-10] INFO  com.example.interceptor.TokenInterceptor-令牌为空，不放行
2026-07-03 10:18:02.662 [http-nio-8080-exec-1] INFO  com.example.interceptor.TokenInterceptor-令牌为空，不放行
2026-07-03 10:18:02.678 [http-nio-8080-exec-2] INFO  com.example.interceptor.TokenInterceptor-令牌为空，不放行
2026-07-03 10:18:02.692 [http-nio-8080-exec-3] INFO  com.example.interceptor.TokenInterceptor-令牌为空，不放行
2026-07-03 10:18:02.707 [http-nio-8080-exec-4] INFO  com.example.interceptor.TokenInterceptor-令牌为空，不放行
2026-07-03 10:18:02.714 [http-nio-8080-exec-5] INFO  com.example.interceptor.TokenInterceptor-令牌为空，不放行
2026-07-03 10:18:02.729 [http-nio-8080-exec-7] INFO  com.example.interceptor.TokenInterceptor-令牌为空，不放行
2026-07-03 10:18:02.745 [http-nio-8080-exec-8] INFO  com.example.interceptor.TokenInterceptor-令牌为空，不放行
2026-07-03 10:18:02.761 [http-nio-8080-exec-6] INFO  com.example.interceptor.TokenInterceptor-令牌为空，不放行
2026-07-03 10:18:02.768 [http-nio-8080-exec-9] INFO  com.example.interceptor.TokenInterceptor-令牌为空，不放行
2026-07-03 10:18:02.785 [http-nio-8080-exec-10] INFO  com.example.interceptor.TokenInterceptor-令牌为空，不放行
2026-07-03 10:18:02.802 [http-nio-8080-exec-1] INFO  com.example.interceptor.TokenInterceptor-令牌为空，不放行
2026-07-03 10:18:02.820 [http-nio-8080-exec-2] INFO  com.example.interceptor.TokenInterceptor-令牌为空，不放行
2026-07-03 10:18:02.836 [http-nio-8080-exec-3] INFO  com.example.interceptor.TokenInterceptor-令牌为空，不放行
2026-07-03 10:18:02.842 [http-nio-8080-exec-4] INFO  com.example.interceptor.TokenInterceptor-令牌为空，不放行
2026-07-03 10:18:02.859 [http-nio-8080-exec-5] INFO  com.example.interceptor.TokenInterceptor-令牌为空，不放行
2026-07-03 10:18:02.875 [http-nio-8080-exec-7] INFO  com.example.interceptor.TokenInterceptor-令牌为空，不放行
2026-07-03 10:18:02.891 [http-nio-8080-exec-8] INFO  com.example.interceptor.TokenInterceptor-令牌为空，不放行
2026-07-03 10:18:02.921 [http-nio-8080-exec-6] INFO  com.example.interceptor.TokenInterceptor-令牌为空，不放行
2026-07-03 10:18:02.927 [http-nio-8080-exec-9] INFO  com.example.interceptor.TokenInterceptor-令牌为空，不放行
2026-07-03 10:18:02.942 [http-nio-8080-exec-10] INFO  com.example.interceptor.TokenInterceptor-令牌为空，不放行
2026-07-03 10:18:02.959 [http-nio-8080-exec-1] INFO  com.example.interceptor.TokenInterceptor-令牌为空，不放行
2026-07-03 10:18:02.977 [http-nio-8080-exec-2] INFO  com.example.interceptor.TokenInterceptor-令牌为空，不放行
2026-07-03 10:18:02.985 [http-nio-8080-exec-3] INFO  com.example.interceptor.TokenInterceptor-令牌为空，不放行
2026-07-03 10:18:03.003 [http-nio-8080-exec-4] INFO  com.example.interceptor.TokenInterceptor-令牌为空，不放行
2026-07-03 10:18:03.021 [http-nio-8080-exec-5] INFO  com.example.interceptor.TokenInterceptor-令牌为空，不放行
2026-07-03 10:18:03.039 [http-nio-8080-exec-7] INFO  com.example.interceptor.TokenInterceptor-令牌为空，不放行
2026-07-03 10:18:03.057 [http-nio-8080-exec-8] INFO  com.example.interceptor.TokenInterceptor-令牌为空，不放行
2026-07-03 10:18:03.063 [http-nio-8080-exec-6] INFO  com.example.interceptor.TokenInterceptor-令牌为空，不放行
2026-07-03 10:18:03.082 [http-nio-8080-exec-9] INFO  com.example.interceptor.TokenInterceptor-令牌为空，不放行
2026-07-03 10:18:03.101 [http-nio-8080-exec-10] INFO  com.example.interceptor.TokenInterceptor-令牌为空，不放行
2026-07-03 10:18:03.119 [http-nio-8080-exec-1] INFO  com.example.interceptor.TokenInterceptor-令牌为空，不放行
2026-07-03 10:18:03.126 [http-nio-8080-exec-2] INFO  com.example.interceptor.TokenInterceptor-令牌为空，不放行
2026-07-03 10:18:03.145 [http-nio-8080-exec-3] INFO  com.example.interceptor.TokenInterceptor-令牌为空，不放行
2026-07-03 10:18:03.164 [http-nio-8080-exec-4] INFO  com.example.interceptor.TokenInterceptor-令牌为空，不放行
2026-07-03 10:18:03.182 [http-nio-8080-exec-5] INFO  com.example.interceptor.TokenInterceptor-令牌为空，不放行
2026-07-03 10:18:03.199 [http-nio-8080-exec-7] INFO  com.example.interceptor.TokenInterceptor-令牌为空，不放行
2026-07-03 10:18:03.220 [http-nio-8080-exec-8] INFO  com.example.interceptor.TokenInterceptor-令牌为空，不放行
2026-07-03 10:18:03.239 [http-nio-8080-exec-6] INFO  com.example.interceptor.TokenInterceptor-令牌为空，不放行
2026-07-03 10:18:03.256 [http-nio-8080-exec-9] INFO  com.example.interceptor.TokenInterceptor-令牌为空，不放行
2026-07-03 10:18:03.272 [http-nio-8080-exec-10] INFO  com.example.interceptor.TokenInterceptor-令牌为空，不放行
2026-07-03 10:18:03.279 [http-nio-8080-exec-1] INFO  com.example.interceptor.TokenInterceptor-令牌为空，不放行
2026-07-03 10:18:03.297 [http-nio-8080-exec-2] INFO  com.example.interceptor.TokenInterceptor-令牌为空，不放行
2026-07-03 10:18:03.316 [http-nio-8080-exec-3] INFO  com.example.interceptor.TokenInterceptor-令牌为空，不放行
2026-07-03 10:18:03.370 [http-nio-8080-exec-4] INFO  com.example.interceptor.TokenInterceptor-令牌为空，不放行
2026-07-03 10:18:03.387 [http-nio-8080-exec-5] INFO  com.example.interceptor.TokenInterceptor-令牌为空，不放行
2026-07-03 10:18:03.406 [http-nio-8080-exec-7] INFO  com.example.interceptor.TokenInterceptor-令牌为空，不放行
2026-07-03 10:18:03.413 [http-nio-8080-exec-8] INFO  com.example.interceptor.TokenInterceptor-令牌为空，不放行
2026-07-03 10:18:03.433 [http-nio-8080-exec-6] INFO  com.example.interceptor.TokenInterceptor-令牌为空，不放行
2026-07-03 10:18:03.453 [http-nio-8080-exec-9] INFO  com.example.interceptor.TokenInterceptor-令牌为空，不放行
2026-07-03 10:18:03.474 [http-nio-8080-exec-10] INFO  com.example.interceptor.TokenInterceptor-令牌为空，不放行
2026-07-03 10:18:03.487 [http-nio-8080-exec-1] INFO  com.example.interceptor.TokenInterceptor-令牌为空，不放行
2026-07-03 10:18:03.508 [http-nio-8080-exec-2] INFO  com.example.interceptor.TokenInterceptor-令牌为空，不放行
2026-07-03 10:18:03.532 [http-nio-8080-exec-3] INFO  com.example.interceptor.TokenInterceptor-令牌为空，不放行
2026-07-03 10:18:03.555 [http-nio-8080-exec-4] INFO  com.example.interceptor.TokenInterceptor-令牌为空，不放行
2026-07-03 10:18:03.563 [http-nio-8080-exec-5] INFO  com.example.interceptor.TokenInterceptor-令牌为空，不放行
2026-07-03 10:18:03.587 [http-nio-8080-exec-7] INFO  com.example.interceptor.TokenInterceptor-令牌为空，不放行
2026-07-03 10:18:03.613 [http-nio-8080-exec-8] INFO  com.example.interceptor.TokenInterceptor-令牌为空，不放行
2026-07-03 10:18:03.653 [http-nio-8080-exec-6] INFO  com.example.interceptor.TokenInterceptor-令牌为空，不放行
2026-07-03 10:18:03.662 [http-nio-8080-exec-9] INFO  com.example.interceptor.TokenInterceptor-令牌为空，不放行
2026-07-03 10:18:03.680 [http-nio-8080-exec-10] INFO  com.example.interceptor.TokenInterceptor-令牌为空，不放行
2026-07-03 10:18:03.702 [http-nio-8080-exec-1] INFO  com.example.interceptor.TokenInterceptor-令牌为空，不放行
2026-07-03 10:18:03.723 [http-nio-8080-exec-2] INFO  com.example.interceptor.TokenInterceptor-令牌为空，不放行
2026-07-03 10:18:03.732 [http-nio-8080-exec-3] INFO  com.example.interceptor.TokenInterceptor-令牌为空，不放行
2026-07-03 10:18:03.754 [http-nio-8080-exec-4] INFO  com.example.interceptor.TokenInterceptor-令牌为空，不放行
2026-07-03 10:18:03.762 [http-nio-8080-exec-5] INFO  com.example.interceptor.TokenInterceptor-令牌为空，不放行
2026-07-03 10:18:03.783 [http-nio-8080-exec-7] INFO  com.example.interceptor.TokenInterceptor-令牌为空，不放行
2026-07-03 10:18:03.805 [http-nio-8080-exec-8] INFO  com.example.interceptor.TokenInterceptor-令牌为空，不放行
2026-07-03 10:18:03.844 [http-nio-8080-exec-6] INFO  com.example.interceptor.TokenInterceptor-令牌为空，不放行
2026-07-03 10:18:03.862 [http-nio-8080-exec-9] INFO  com.example.interceptor.TokenInterceptor-令牌为空，不放行
2026-07-03 10:18:03.870 [http-nio-8080-exec-10] INFO  com.example.interceptor.TokenInterceptor-令牌为空，不放行
2026-07-03 10:18:03.895 [http-nio-8080-exec-1] INFO  com.example.interceptor.TokenInterceptor-令牌为空，不放行
2026-07-03 10:18:03.903 [http-nio-8080-exec-2] INFO  com.example.interceptor.TokenInterceptor-令牌为空，不放行
2026-07-03 10:18:03.925 [http-nio-8080-exec-3] INFO  com.example.interceptor.TokenInterceptor-令牌为空，不放行
2026-07-03 10:18:03.946 [http-nio-8080-exec-4] INFO  com.example.interceptor.TokenInterceptor-令牌为空，不放行
2026-07-03 10:18:03.966 [http-nio-8080-exec-5] INFO  com.example.interceptor.TokenInterceptor-令牌为空，不放行
2026-07-03 10:18:03.989 [http-nio-8080-exec-7] INFO  com.example.interceptor.TokenInterceptor-令牌为空，不放行
2026-07-03 10:18:04.009 [http-nio-8080-exec-8] INFO  com.example.interceptor.TokenInterceptor-令牌为空，不放行
2026-07-03 10:18:04.019 [http-nio-8080-exec-6] INFO  com.example.interceptor.TokenInterceptor-令牌为空，不放行
2026-07-03 10:18:04.044 [http-nio-8080-exec-9] INFO  com.example.interceptor.TokenInterceptor-令牌为空，不放行
2026-07-03 10:18:04.084 [http-nio-8080-exec-10] INFO  com.example.interceptor.TokenInterceptor-令牌为空，不放行
2026-07-03 10:18:04.106 [http-nio-8080-exec-1] INFO  com.example.interceptor.TokenInterceptor-令牌为空，不放行
2026-07-03 10:18:04.114 [http-nio-8080-exec-2] INFO  com.example.interceptor.TokenInterceptor-令牌为空，不放行
2026-07-03 10:18:04.138 [http-nio-8080-exec-3] INFO  com.example.interceptor.TokenInterceptor-令牌为空，不放行
2026-07-03 10:18:04.160 [http-nio-8080-exec-4] INFO  com.example.interceptor.TokenInterceptor-令牌为空，不放行
2026-07-03 10:18:04.183 [http-nio-8080-exec-5] INFO  com.example.interceptor.TokenInterceptor-令牌为空，不放行
2026-07-03 10:18:04.205 [http-nio-8080-exec-7] INFO  com.example.interceptor.TokenInterceptor-令牌为空，不放行
2026-07-03 10:18:04.214 [http-nio-8080-exec-8] INFO  com.example.interceptor.TokenInterceptor-令牌为空，不放行
2026-07-03 10:18:04.246 [http-nio-8080-exec-6] INFO  com.example.interceptor.TokenInterceptor-令牌为空，不放行
2026-07-03 10:18:04.270 [http-nio-8080-exec-9] INFO  com.example.interceptor.TokenInterceptor-令牌为空，不放行
2026-07-03 10:18:04.311 [http-nio-8080-exec-10] INFO  com.example.interceptor.TokenInterceptor-令牌为空，不放行
2026-07-03 10:18:04.322 [http-nio-8080-exec-1] INFO  com.example.interceptor.TokenInterceptor-令牌为空，不放行
2026-07-03 10:18:04.343 [http-nio-8080-exec-2] INFO  com.example.interceptor.TokenInterceptor-令牌为空，不放行
2026-07-03 10:18:04.368 [http-nio-8080-exec-3] INFO  com.example.interceptor.TokenInterceptor-令牌为空，不放行
2026-07-03 10:18:04.411 [http-nio-8080-exec-4] INFO  com.example.interceptor.TokenInterceptor-令牌为空，不放行
2026-07-03 10:18:04.455 [http-nio-8080-exec-5] INFO  com.example.interceptor.TokenInterceptor-令牌为空，不放行
2026-07-03 10:18:04.481 [http-nio-8080-exec-7] INFO  com.example.interceptor.TokenInterceptor-令牌为空，不放行
2026-07-03 10:18:04.531 [http-nio-8080-exec-8] INFO  com.example.interceptor.TokenInterceptor-令牌为空，不放行
2026-07-03 10:18:04.617 [http-nio-8080-exec-6] INFO  com.example.interceptor.TokenInterceptor-令牌为空，不放行
2026-07-03 10:18:04.726 [http-nio-8080-exec-9] INFO  com.example.interceptor.TokenInterceptor-令牌为空，不放行
2026-07-03 10:18:04.870 [http-nio-8080-exec-10] INFO  com.example.interceptor.TokenInterceptor-令牌为空，不放行
2026-07-03 10:18:05.147 [http-nio-8080-exec-1] INFO  com.example.interceptor.TokenInterceptor-令牌为空，不放行
2026-07-03 10:18:05.610 [http-nio-8080-exec-2] INFO  com.example.interceptor.TokenInterceptor-令牌为空，不放行
2026-07-03 10:18:05.958 [http-nio-8080-exec-3] INFO  com.example.interceptor.TokenInterceptor-令牌为空，不放行
2026-07-03 10:18:06.280 [http-nio-8080-exec-4] INFO  com.example.interceptor.TokenInterceptor-令牌为空，不放行
2026-07-03 10:18:06.349 [http-nio-8080-exec-5] INFO  com.example.interceptor.TokenInterceptor-令牌为空，不放行
2026-07-03 10:18:06.536 [http-nio-8080-exec-7] INFO  com.example.interceptor.TokenInterceptor-令牌为空，不放行
2026-07-03 10:18:06.732 [http-nio-8080-exec-8] INFO  com.example.interceptor.TokenInterceptor-令牌为空，不放行
2026-07-03 10:18:06.773 [http-nio-8080-exec-6] INFO  com.example.interceptor.TokenInterceptor-令牌为空，不放行
2026-07-03 10:18:06.905 [http-nio-8080-exec-9] INFO  com.example.interceptor.TokenInterceptor-令牌为空，不放行
2026-07-03 10:18:07.023 [http-nio-8080-exec-10] INFO  com.example.interceptor.TokenInterceptor-令牌为空，不放行
2026-07-03 10:18:07.070 [http-nio-8080-exec-1] INFO  com.example.interceptor.TokenInterceptor-令牌为空，不放行
2026-07-03 10:18:07.075 [http-nio-8080-exec-2] INFO  com.example.interceptor.TokenInterceptor-令牌为空，不放行
2026-07-03 10:18:07.101 [http-nio-8080-exec-3] INFO  com.example.interceptor.TokenInterceptor-令牌为空，不放行
2026-07-03 10:18:07.122 [http-nio-8080-exec-4] INFO  com.example.interceptor.TokenInterceptor-令牌为空，不放行
2026-07-03 10:18:07.145 [http-nio-8080-exec-5] INFO  com.example.interceptor.TokenInterceptor-令牌为空，不放行
2026-07-03 10:18:07.149 [http-nio-8080-exec-7] INFO  com.example.interceptor.TokenInterceptor-令牌为空，不放行
2026-07-03 10:18:07.171 [http-nio-8080-exec-8] INFO  com.example.interceptor.TokenInterceptor-令牌为空，不放行
2026-07-03 10:18:07.187 [http-nio-8080-exec-6] INFO  com.example.interceptor.TokenInterceptor-令牌为空，不放行
2026-07-03 10:18:07.209 [http-nio-8080-exec-9] INFO  com.example.interceptor.TokenInterceptor-令牌为空，不放行
2026-07-03 10:18:07.227 [http-nio-8080-exec-10] INFO  com.example.interceptor.TokenInterceptor-令牌为空，不放行
2026-07-03 10:18:07.248 [http-nio-8080-exec-1] INFO  com.example.interceptor.TokenInterceptor-令牌为空，不放行
2026-07-03 10:18:07.266 [http-nio-8080-exec-2] INFO  com.example.interceptor.TokenInterceptor-令牌为空，不放行
2026-07-03 10:18:07.281 [http-nio-8080-exec-3] INFO  com.example.interceptor.TokenInterceptor-令牌为空，不放行
2026-07-03 10:18:07.292 [http-nio-8080-exec-4] INFO  com.example.interceptor.TokenInterceptor-令牌为空，不放行
2026-07-03 10:18:07.309 [http-nio-8080-exec-5] INFO  com.example.interceptor.TokenInterceptor-令牌为空，不放行
2026-07-03 10:18:07.326 [http-nio-8080-exec-7] INFO  com.example.interceptor.TokenInterceptor-令牌为空，不放行
2026-07-03 10:18:07.343 [http-nio-8080-exec-8] INFO  com.example.interceptor.TokenInterceptor-令牌为空，不放行
2026-07-03 10:18:07.349 [http-nio-8080-exec-6] INFO  com.example.interceptor.TokenInterceptor-令牌为空，不放行
2026-07-03 10:18:07.369 [http-nio-8080-exec-9] INFO  com.example.interceptor.TokenInterceptor-令牌为空，不放行
2026-07-03 10:18:07.382 [http-nio-8080-exec-10] INFO  com.example.interceptor.TokenInterceptor-令牌为空，不放行
2026-07-03 10:18:07.399 [http-nio-8080-exec-1] INFO  com.example.interceptor.TokenInterceptor-令牌为空，不放行
2026-07-03 10:18:07.412 [http-nio-8080-exec-2] INFO  com.example.interceptor.TokenInterceptor-令牌为空，不放行
2026-07-03 10:18:07.416 [http-nio-8080-exec-3] INFO  com.example.interceptor.TokenInterceptor-令牌为空，不放行
2026-07-03 10:18:07.433 [http-nio-8080-exec-4] INFO  com.example.interceptor.TokenInterceptor-令牌为空，不放行
2026-07-03 10:18:07.447 [http-nio-8080-exec-5] INFO  com.example.interceptor.TokenInterceptor-令牌为空，不放行
2026-07-03 10:18:07.460 [http-nio-8080-exec-7] INFO  com.example.interceptor.TokenInterceptor-令牌为空，不放行
2026-07-03 10:18:07.472 [http-nio-8080-exec-8] INFO  com.example.interceptor.TokenInterceptor-令牌为空，不放行
2026-07-03 10:18:07.485 [http-nio-8080-exec-6] INFO  com.example.interceptor.TokenInterceptor-令牌为空，不放行
2026-07-03 10:18:07.503 [http-nio-8080-exec-9] INFO  com.example.interceptor.TokenInterceptor-令牌为空，不放行
2026-07-03 10:18:07.515 [http-nio-8080-exec-10] INFO  com.example.interceptor.TokenInterceptor-令牌为空，不放行
2026-07-03 10:18:07.527 [http-nio-8080-exec-1] INFO  com.example.interceptor.TokenInterceptor-令牌为空，不放行
2026-07-03 10:18:07.531 [http-nio-8080-exec-2] INFO  com.example.interceptor.TokenInterceptor-令牌为空，不放行
2026-07-03 10:18:07.546 [http-nio-8080-exec-3] INFO  com.example.interceptor.TokenInterceptor-令牌为空，不放行
2026-07-03 10:18:07.556 [http-nio-8080-exec-4] INFO  com.example.interceptor.TokenInterceptor-令牌为空，不放行
2026-07-03 10:18:07.567 [http-nio-8080-exec-5] INFO  com.example.interceptor.TokenInterceptor-令牌为空，不放行
2026-07-03 10:18:07.579 [http-nio-8080-exec-7] INFO  com.example.interceptor.TokenInterceptor-令牌为空，不放行
2026-07-03 10:18:07.590 [http-nio-8080-exec-8] INFO  com.example.interceptor.TokenInterceptor-令牌为空，不放行
2026-07-03 10:18:07.600 [http-nio-8080-exec-6] INFO  com.example.interceptor.TokenInterceptor-令牌为空，不放行
2026-07-03 10:18:07.604 [http-nio-8080-exec-9] INFO  com.example.interceptor.TokenInterceptor-令牌为空，不放行
2026-07-03 10:18:07.615 [http-nio-8080-exec-10] INFO  com.example.interceptor.TokenInterceptor-令牌为空，不放行
2026-07-03 10:18:07.632 [http-nio-8080-exec-1] INFO  com.example.interceptor.TokenInterceptor-令牌为空，不放行
2026-07-03 10:18:07.642 [http-nio-8080-exec-2] INFO  com.example.interceptor.TokenInterceptor-令牌为空，不放行
2026-07-03 10:18:07.646 [http-nio-8080-exec-3] INFO  com.example.interceptor.TokenInterceptor-令牌为空，不放行
2026-07-03 10:18:07.659 [http-nio-8080-exec-4] INFO  com.example.interceptor.TokenInterceptor-令牌为空，不放行
2026-07-03 10:18:07.670 [http-nio-8080-exec-5] INFO  com.example.interceptor.TokenInterceptor-令牌为空，不放行
2026-07-03 10:18:07.682 [http-nio-8080-exec-7] INFO  com.example.interceptor.TokenInterceptor-令牌为空，不放行
2026-07-03 10:18:07.693 [http-nio-8080-exec-8] INFO  com.example.interceptor.TokenInterceptor-令牌为空，不放行
2026-07-03 10:18:07.697 [http-nio-8080-exec-6] INFO  com.example.interceptor.TokenInterceptor-令牌为空，不放行
2026-07-03 10:18:07.709 [http-nio-8080-exec-9] INFO  com.example.interceptor.TokenInterceptor-令牌为空，不放行
2026-07-03 10:18:07.721 [http-nio-8080-exec-10] INFO  com.example.interceptor.TokenInterceptor-令牌为空，不放行
2026-07-03 10:18:07.738 [http-nio-8080-exec-1] INFO  com.example.interceptor.TokenInterceptor-令牌为空，不放行
2026-07-03 10:18:07.741 [http-nio-8080-exec-2] INFO  com.example.interceptor.TokenInterceptor-令牌为空，不放行
2026-07-03 10:18:07.755 [http-nio-8080-exec-3] INFO  com.example.interceptor.TokenInterceptor-令牌为空，不放行
2026-07-03 10:18:07.766 [http-nio-8080-exec-4] INFO  com.example.interceptor.TokenInterceptor-令牌为空，不放行
2026-07-03 10:18:07.777 [http-nio-8080-exec-5] INFO  com.example.interceptor.TokenInterceptor-令牌为空，不放行
2026-07-03 10:18:07.780 [http-nio-8080-exec-7] INFO  com.example.interceptor.TokenInterceptor-令牌为空，不放行
2026-07-03 10:18:07.792 [http-nio-8080-exec-8] INFO  com.example.interceptor.TokenInterceptor-令牌为空，不放行
2026-07-03 10:18:07.796 [http-nio-8080-exec-6] INFO  com.example.interceptor.TokenInterceptor-令牌为空，不放行
2026-07-03 10:18:07.809 [http-nio-8080-exec-9] INFO  com.example.interceptor.TokenInterceptor-令牌为空，不放行
2026-07-03 10:18:07.812 [http-nio-8080-exec-10] INFO  com.example.interceptor.TokenInterceptor-令牌为空，不放行
2026-07-03 10:18:07.826 [http-nio-8080-exec-1] INFO  com.example.interceptor.TokenInterceptor-令牌为空，不放行
2026-07-03 10:18:07.839 [http-nio-8080-exec-2] INFO  com.example.interceptor.TokenInterceptor-令牌为空，不放行
2026-07-03 10:18:07.852 [http-nio-8080-exec-3] INFO  com.example.interceptor.TokenInterceptor-令牌为空，不放行
2026-07-03 10:18:07.856 [http-nio-8080-exec-4] INFO  com.example.interceptor.TokenInterceptor-令牌为空，不放行
2026-07-03 10:18:07.869 [http-nio-8080-exec-5] INFO  com.example.interceptor.TokenInterceptor-令牌为空，不放行
2026-07-03 10:18:07.890 [http-nio-8080-exec-7] INFO  com.example.interceptor.TokenInterceptor-令牌为空，不放行
2026-07-03 10:18:07.902 [http-nio-8080-exec-8] INFO  com.example.interceptor.TokenInterceptor-令牌为空，不放行
2026-07-03 10:18:07.906 [http-nio-8080-exec-6] INFO  com.example.interceptor.TokenInterceptor-令牌为空，不放行
2026-07-03 10:18:07.921 [http-nio-8080-exec-9] INFO  com.example.interceptor.TokenInterceptor-令牌为空，不放行
2026-07-03 10:18:07.935 [http-nio-8080-exec-10] INFO  com.example.interceptor.TokenInterceptor-令牌为空，不放行
2026-07-03 10:18:07.951 [http-nio-8080-exec-1] INFO  com.example.interceptor.TokenInterceptor-令牌为空，不放行
2026-07-03 10:18:07.954 [http-nio-8080-exec-2] INFO  com.example.interceptor.TokenInterceptor-令牌为空，不放行
2026-07-03 10:18:07.969 [http-nio-8080-exec-3] INFO  com.example.interceptor.TokenInterceptor-令牌为空，不放行
2026-07-03 10:18:07.990 [http-nio-8080-exec-4] INFO  com.example.interceptor.TokenInterceptor-令牌为空，不放行
2026-07-03 10:18:08.013 [http-nio-8080-exec-5] INFO  com.example.interceptor.TokenInterceptor-令牌为空，不放行
2026-07-03 10:18:08.018 [http-nio-8080-exec-7] INFO  com.example.interceptor.TokenInterceptor-令牌为空，不放行
2026-07-03 10:18:08.034 [http-nio-8080-exec-8] INFO  com.example.interceptor.TokenInterceptor-令牌为空，不放行
2026-07-03 10:18:08.045 [http-nio-8080-exec-6] INFO  com.example.interceptor.TokenInterceptor-令牌为空，不放行
2026-07-03 10:18:08.056 [http-nio-8080-exec-9] INFO  com.example.interceptor.TokenInterceptor-令牌为空，不放行
2026-07-03 10:18:08.060 [http-nio-8080-exec-10] INFO  com.example.interceptor.TokenInterceptor-令牌为空，不放行
2026-07-03 10:18:08.074 [http-nio-8080-exec-1] INFO  com.example.interceptor.TokenInterceptor-令牌为空，不放行
2026-07-03 10:18:08.085 [http-nio-8080-exec-2] INFO  com.example.interceptor.TokenInterceptor-令牌为空，不放行
2026-07-03 10:18:08.098 [http-nio-8080-exec-3] INFO  com.example.interceptor.TokenInterceptor-令牌为空，不放行
2026-07-03 10:18:08.110 [http-nio-8080-exec-4] INFO  com.example.interceptor.TokenInterceptor-令牌为空，不放行
2026-07-03 10:18:08.127 [http-nio-8080-exec-5] INFO  com.example.interceptor.TokenInterceptor-令牌为空，不放行
2026-07-03 10:18:08.131 [http-nio-8080-exec-7] INFO  com.example.interceptor.TokenInterceptor-令牌为空，不放行
2026-07-03 10:18:08.151 [http-nio-8080-exec-8] INFO  com.example.interceptor.TokenInterceptor-令牌为空，不放行
2026-07-03 10:18:08.167 [http-nio-8080-exec-6] INFO  com.example.interceptor.TokenInterceptor-令牌为空，不放行
2026-07-03 10:18:08.185 [http-nio-8080-exec-9] INFO  com.example.interceptor.TokenInterceptor-令牌为空，不放行
2026-07-03 10:18:08.195 [http-nio-8080-exec-10] INFO  com.example.interceptor.TokenInterceptor-令牌为空，不放行
2026-07-03 10:18:08.208 [http-nio-8080-exec-1] INFO  com.example.interceptor.TokenInterceptor-令牌为空，不放行
2026-07-03 10:18:08.228 [http-nio-8080-exec-2] INFO  com.example.interceptor.TokenInterceptor-令牌为空，不放行
2026-07-03 10:18:08.247 [http-nio-8080-exec-3] INFO  com.example.interceptor.TokenInterceptor-令牌为空，不放行
2026-07-03 10:18:08.262 [http-nio-8080-exec-4] INFO  com.example.interceptor.TokenInterceptor-令牌为空，不放行
2026-07-03 10:18:08.272 [http-nio-8080-exec-5] INFO  com.example.interceptor.TokenInterceptor-令牌为空，不放行
2026-07-03 10:18:08.287 [http-nio-8080-exec-7] INFO  com.example.interceptor.TokenInterceptor-令牌为空，不放行
2026-07-03 10:18:08.303 [http-nio-8080-exec-8] INFO  com.example.interceptor.TokenInterceptor-令牌为空，不放行
2026-07-03 10:18:08.319 [http-nio-8080-exec-6] INFO  com.example.interceptor.TokenInterceptor-令牌为空，不放行
2026-07-03 10:18:08.323 [http-nio-8080-exec-9] INFO  com.example.interceptor.TokenInterceptor-令牌为空，不放行
2026-07-03 10:18:08.337 [http-nio-8080-exec-10] INFO  com.example.interceptor.TokenInterceptor-令牌为空，不放行
2026-07-03 10:18:08.351 [http-nio-8080-exec-1] INFO  com.example.interceptor.TokenInterceptor-令牌为空，不放行
2026-07-03 10:18:08.365 [http-nio-8080-exec-2] INFO  com.example.interceptor.TokenInterceptor-令牌为空，不放行
2026-07-03 10:18:08.370 [http-nio-8080-exec-3] INFO  com.example.interceptor.TokenInterceptor-令牌为空，不放行
2026-07-03 10:18:08.385 [http-nio-8080-exec-4] INFO  com.example.interceptor.TokenInterceptor-令牌为空，不放行
2026-07-03 10:18:08.400 [http-nio-8080-exec-5] INFO  com.example.interceptor.TokenInterceptor-令牌为空，不放行
2026-07-03 10:18:08.416 [http-nio-8080-exec-7] INFO  com.example.interceptor.TokenInterceptor-令牌为空，不放行
2026-07-03 10:18:08.421 [http-nio-8080-exec-8] INFO  com.example.interceptor.TokenInterceptor-令牌为空，不放行
2026-07-03 10:18:08.437 [http-nio-8080-exec-6] INFO  com.example.interceptor.TokenInterceptor-令牌为空，不放行
2026-07-03 10:18:08.454 [http-nio-8080-exec-9] INFO  com.example.interceptor.TokenInterceptor-令牌为空，不放行
2026-07-03 10:18:08.469 [http-nio-8080-exec-10] INFO  com.example.interceptor.TokenInterceptor-令牌为空，不放行
2026-07-03 10:18:08.475 [http-nio-8080-exec-1] INFO  com.example.interceptor.TokenInterceptor-令牌为空，不放行
2026-07-03 10:18:08.491 [http-nio-8080-exec-2] INFO  com.example.interceptor.TokenInterceptor-令牌为空，不放行
2026-07-03 10:18:08.507 [http-nio-8080-exec-3] INFO  com.example.interceptor.TokenInterceptor-令牌为空，不放行
2026-07-03 10:18:08.522 [http-nio-8080-exec-4] INFO  com.example.interceptor.TokenInterceptor-令牌为空，不放行
2026-07-03 10:18:08.527 [http-nio-8080-exec-5] INFO  com.example.interceptor.TokenInterceptor-令牌为空，不放行
2026-07-03 10:18:08.543 [http-nio-8080-exec-7] INFO  com.example.interceptor.TokenInterceptor-令牌为空，不放行
2026-07-03 10:18:08.556 [http-nio-8080-exec-8] INFO  com.example.interceptor.TokenInterceptor-令牌为空，不放行
2026-07-03 10:18:08.572 [http-nio-8080-exec-6] INFO  com.example.interceptor.TokenInterceptor-令牌为空，不放行
2026-07-03 10:18:08.576 [http-nio-8080-exec-9] INFO  com.example.interceptor.TokenInterceptor-令牌为空，不放行
2026-07-03 10:18:08.591 [http-nio-8080-exec-10] INFO  com.example.interceptor.TokenInterceptor-令牌为空，不放行
2026-07-03 10:18:08.606 [http-nio-8080-exec-1] INFO  com.example.interceptor.TokenInterceptor-令牌为空，不放行
2026-07-03 10:18:08.620 [http-nio-8080-exec-2] INFO  com.example.interceptor.TokenInterceptor-令牌为空，不放行
2026-07-03 10:18:08.634 [http-nio-8080-exec-3] INFO  com.example.interceptor.TokenInterceptor-令牌为空，不放行
2026-07-03 10:18:08.651 [http-nio-8080-exec-4] INFO  com.example.interceptor.TokenInterceptor-令牌为空，不放行
2026-07-03 10:18:08.666 [http-nio-8080-exec-5] INFO  com.example.interceptor.TokenInterceptor-令牌为空，不放行
2026-07-03 10:18:08.682 [http-nio-8080-exec-7] INFO  com.example.interceptor.TokenInterceptor-令牌为空，不放行
2026-07-03 10:18:08.697 [http-nio-8080-exec-8] INFO  com.example.interceptor.TokenInterceptor-令牌为空，不放行
2026-07-03 10:18:08.704 [http-nio-8080-exec-6] INFO  com.example.interceptor.TokenInterceptor-令牌为空，不放行
2026-07-03 10:18:08.722 [http-nio-8080-exec-9] INFO  com.example.interceptor.TokenInterceptor-令牌为空，不放行
2026-07-03 10:18:08.729 [http-nio-8080-exec-10] INFO  com.example.interceptor.TokenInterceptor-令牌为空，不放行
2026-07-03 10:18:08.746 [http-nio-8080-exec-1] INFO  com.example.interceptor.TokenInterceptor-令牌为空，不放行
2026-07-03 10:18:08.754 [http-nio-8080-exec-2] INFO  com.example.interceptor.TokenInterceptor-令牌为空，不放行
2026-07-03 10:18:08.769 [http-nio-8080-exec-3] INFO  com.example.interceptor.TokenInterceptor-令牌为空，不放行
2026-07-03 10:18:08.787 [http-nio-8080-exec-4] INFO  com.example.interceptor.TokenInterceptor-令牌为空，不放行
2026-07-03 10:18:08.805 [http-nio-8080-exec-5] INFO  com.example.interceptor.TokenInterceptor-令牌为空，不放行
2026-07-03 10:18:08.812 [http-nio-8080-exec-7] INFO  com.example.interceptor.TokenInterceptor-令牌为空，不放行
2026-07-03 10:18:08.829 [http-nio-8080-exec-8] INFO  com.example.interceptor.TokenInterceptor-令牌为空，不放行
2026-07-03 10:18:08.847 [http-nio-8080-exec-6] INFO  com.example.interceptor.TokenInterceptor-令牌为空，不放行
2026-07-03 10:18:08.866 [http-nio-8080-exec-9] INFO  com.example.interceptor.TokenInterceptor-令牌为空，不放行
2026-07-03 10:18:08.873 [http-nio-8080-exec-10] INFO  com.example.interceptor.TokenInterceptor-令牌为空，不放行
2026-07-03 10:18:08.890 [http-nio-8080-exec-1] INFO  com.example.interceptor.TokenInterceptor-令牌为空，不放行
2026-07-03 10:18:08.907 [http-nio-8080-exec-2] INFO  com.example.interceptor.TokenInterceptor-令牌为空，不放行
2026-07-03 10:18:08.924 [http-nio-8080-exec-3] INFO  com.example.interceptor.TokenInterceptor-令牌为空，不放行
2026-07-03 10:18:08.942 [http-nio-8080-exec-4] INFO  com.example.interceptor.TokenInterceptor-令牌为空，不放行
2026-07-03 10:18:08.961 [http-nio-8080-exec-5] INFO  com.example.interceptor.TokenInterceptor-令牌为空，不放行
2026-07-03 10:18:08.968 [http-nio-8080-exec-7] INFO  com.example.interceptor.TokenInterceptor-令牌为空，不放行
2026-07-03 10:18:09.002 [http-nio-8080-exec-8] INFO  com.example.interceptor.TokenInterceptor-令牌为空，不放行
2026-07-03 10:18:09.020 [http-nio-8080-exec-6] INFO  com.example.interceptor.TokenInterceptor-令牌为空，不放行
2026-07-03 10:18:09.043 [http-nio-8080-exec-9] INFO  com.example.interceptor.TokenInterceptor-令牌为空，不放行
2026-07-03 10:18:09.050 [http-nio-8080-exec-10] INFO  com.example.interceptor.TokenInterceptor-令牌为空，不放行
2026-07-03 10:18:09.069 [http-nio-8080-exec-1] INFO  com.example.interceptor.TokenInterceptor-令牌为空，不放行
2026-07-03 10:18:09.089 [http-nio-8080-exec-2] INFO  com.example.interceptor.TokenInterceptor-令牌为空，不放行
2026-07-03 10:18:09.109 [http-nio-8080-exec-3] INFO  com.example.interceptor.TokenInterceptor-令牌为空，不放行
2026-07-03 10:18:09.117 [http-nio-8080-exec-4] INFO  com.example.interceptor.TokenInterceptor-令牌为空，不放行
2026-07-03 10:18:09.135 [http-nio-8080-exec-5] INFO  com.example.interceptor.TokenInterceptor-令牌为空，不放行
2026-07-03 10:18:09.143 [http-nio-8080-exec-7] INFO  com.example.interceptor.TokenInterceptor-令牌为空，不放行
2026-07-03 10:18:09.164 [http-nio-8080-exec-8] INFO  com.example.interceptor.TokenInterceptor-令牌为空，不放行
2026-07-03 10:18:09.185 [http-nio-8080-exec-6] INFO  com.example.interceptor.TokenInterceptor-令牌为空，不放行
2026-07-03 10:18:09.192 [http-nio-8080-exec-9] INFO  com.example.interceptor.TokenInterceptor-令牌为空，不放行
2026-07-03 10:18:09.213 [http-nio-8080-exec-10] INFO  com.example.interceptor.TokenInterceptor-令牌为空，不放行
2026-07-03 10:18:09.232 [http-nio-8080-exec-1] INFO  com.example.interceptor.TokenInterceptor-令牌为空，不放行
2026-07-03 10:18:09.251 [http-nio-8080-exec-2] INFO  com.example.interceptor.TokenInterceptor-令牌为空，不放行
2026-07-03 10:18:09.259 [http-nio-8080-exec-3] INFO  com.example.interceptor.TokenInterceptor-令牌为空，不放行
2026-07-03 10:18:09.280 [http-nio-8080-exec-4] INFO  com.example.interceptor.TokenInterceptor-令牌为空，不放行
2026-07-03 10:18:09.287 [http-nio-8080-exec-5] INFO  com.example.interceptor.TokenInterceptor-令牌为空，不放行
2026-07-03 10:18:09.315 [http-nio-8080-exec-7] INFO  com.example.interceptor.TokenInterceptor-令牌为空，不放行
2026-07-03 10:18:09.337 [http-nio-8080-exec-8] INFO  com.example.interceptor.TokenInterceptor-令牌为空，不放行
2026-07-03 10:18:09.343 [http-nio-8080-exec-6] INFO  com.example.interceptor.TokenInterceptor-令牌为空，不放行
2026-07-03 10:20:11.279 [http-nio-8080-exec-9] INFO  com.example.controller.LoginController-登录认证SysUser(id=null, username=admin, password=123456, realName=null, userType=null, phone=null, email=null, avatar=null, majorId=null, enterpriseId=null, status=null, createTime=null, updateTime=null, isDeleted=null)
2026-07-03 10:20:11.284 [http-nio-8080-exec-9] INFO  com.example.service.impl.SysUserServiceImpl-登陆成功SysUser(id=1, username=admin, password=e10adc3949ba59abbe56e057f20f883e, realName=系统管理员, userType=admin, phone=13800138000, email=admin@jobsystem.com, avatar=/avatar/admin.png, majorId=null, enterpriseId=null, status=1, createTime=2026-06-26T14:17:28, updateTime=2026-06-27T20:38:30, isDeleted=0)
2026-07-03 10:20:11.284 [http-nio-8080-exec-9] INFO  com.example.controller.LoginController-用户登录成功: userId=1, userType=admin, homePath=/admin/dashboard
2026-07-03 10:20:11.494 [http-nio-8080-exec-1] INFO  com.example.interceptor.TokenInterceptor-令牌合法
2026-07-03 10:20:11.494 [http-nio-8080-exec-10] INFO  com.example.interceptor.TokenInterceptor-令牌合法
2026-07-03 10:20:11.509 [http-nio-8080-exec-10] INFO  com.example.controller.StatController-查询全局就业总览成功: totalStudents=3, employedStudents=1, employmentRate=33.33%, totalJobs=4, totalEnterprises=1
2026-07-03 10:20:11.509 [http-nio-8080-exec-1] INFO  com.example.controller.NoticeController-查询消息列表成功: userId=1, page=1, pageSize=1, total=0
2026-07-03 10:20:25.488 [http-nio-8080-exec-2] INFO  com.example.interceptor.TokenInterceptor-令牌合法
2026-07-03 10:20:25.491 [http-nio-8080-exec-2] INFO  com.example.controller.LoginController-用户退出登录: userId=1
